This file contains any messages produced by compilers while
running configure, to aid debugging if configure makes a mistake.

It was created by gocr configure 0.50, which was
generated by GNU Autoconf 2.59.  Invocation command line was

  $ ./configure 

## --------- ##
## Platform. ##
## --------- ##

hostname = hanshorn
uname -m = i686
uname -r = 1.7.27(0.271/5/3)
uname -s = CYGWIN_NT-6.3-WOW64
uname -v = 2013-12-07 16:27

/usr/bin/uname -p = unknown
/bin/uname -X     = unknown

/bin/arch              = i686
/usr/bin/arch -k       = unknown
/usr/convex/getsysinfo = unknown
hostinfo               = unknown
/bin/machine           = unknown
/usr/bin/oslevel       = unknown
/bin/universe          = unknown

PATH: ./
PATH: /Projects/Applications/gamess_2012R1/gmsbin
PATH: ./
PATH: /Projects/Mulliken
PATH: /Projects/Mulliken/build_cygwin_pentium4_gfc/bintest26
PATH: /Projects/Mulliken/src/general/scripts
PATH: /Projects/Mulliken/maketools
PATH: /etc/alternatives
PATH: .
PATH: /Projects/Java_WIN/bin
PATH: /Projects/Java_WIN/ant/bin
PATH: /Projects/fFLASH/FF_Java/buildtools
PATH: /Projects/Java_WIN/buildtools
PATH: /Projects/fFLASH/bin
PATH: /Projects/fFLASH/FF_Scripts
PATH: /Projects/fFLASH/FF_Scripts/mysql
PATH: /Projects/fFLASH/FF_C++/build_mingw/bin
PATH: /Projects/fFLASH/FF_C++/buildtools
PATH: /Projects/fFLASH/FF_C++/build_mingw/makefiles
PATH: /c/PROGRA~1/MySQL/MYSQLS~1.0/BIN
PATH: ./
PATH: /usr/local/bin
PATH: /usr/bin
PATH: /Projects/Java_WIN/ExcelsiorJet/bin
PATH: /Projects/Documents/AMD APP/bin/x86_64
PATH: /Projects/Documents/AMD APP/bin/x86
PATH: /c/PROGRAM FILES (X86)/AMD APP/BIN/X86_64
PATH: /c/PROGRAM FILES (X86)/AMD APP/BIN/X86
PATH: /c/PROGRAM FILES/MICROSOFT HPC PACK 2008 R2/BIN
PATH: /c/Program Files (x86)/Common Files/Intel/Shared Libraries/REDIST/INTEL64/MPIRT
PATH: /c/Program Files (x86)/Common Files/Intel/Shared Libraries/REDIST/INTEL64/COMPILER
PATH: /Projects/Java_WIN
PATH: /d/PROJECTS/FFLASH/FF_JAVA/LIB
PATH: /c/CYGWIN/USR/I686-W64-MINGW32/SYS-ROOT/MINGW/BIN
PATH: /d/PROJECTS/JAVA_WIN/JRE/BIN
PATH: /d/PROJECTS/JAVA_WIN/BIN
PATH: /c/PROGRAM FILES (X86)/ATI STREAM/BIN/X86
PATH: /c/PROGRAM FILES (X86)/ATI STREAM/BIN/X86_64
PATH: /c/WINDOWS/SYSTEM32
PATH: /c/WINDOWS
PATH: /c/WINDOWS/SYSTEM32/WBEM
PATH: /c/WINDOWS/SYSTEM32/WINDOWSPOWERSHELL/V1.0
PATH: /c/PROGRAM FILES (X86)/ATI TECHNOLOGIES/ATI.ACE/CORE-STATIC
PATH: /c/PROGRAM FILES/MATLAB/R2011B/BIN
PATH: /c/PROGRAM FILES/MYSQL/MYSQL SERVER 5.5/BIN
PATH: /c/Program Files (x86)/Mozilla Firefox
PATH: /Projects/Applications/OpenBabel
PATH: /Projects/Java/jre/bin
PATH: /Projects/fFLASH/FF_Java/lib
PATH: /bin
PATH: /Projects/Java/bin
PATH: /Projects/Tools
PATH: /Projects/Tools/ftnchek/Understand2/bin/pc-win32
PATH: /Projects/Tools/WIN
PATH: /Projects/Tools/WIN/UltraEdit
PATH: /Projects/Tools/WIN/UEStudio
PATH: /Projects/Tools/WIN/SecureShellClient
PATH: /Projects/Applications/Python
PATH: /Projects/Applications/OpenMM/lib
PATH: /Projects/Applications/OpenMM/lib/plugins
PATH: /usr/lib/lapack
PATH: /Projects/lwc/scripts
PATH: /Projects/Tools/comma


## ----------- ##
## Core tests. ##
## ----------- ##

configure:1354: checking for gcc
configure:1370: found /usr/bin/gcc
configure:1380: result: gcc
configure:1624: checking for C compiler version
configure:1627: gcc --version </dev/null >&5
gcc (GCC) 4.8.2
Copyright (C) 2013 Free Software Foundation, Inc.
This is free software; see the source for copying conditions.  There is NO
warranty; not even for MERCHANTABILITY or FITNESS FOR A PARTICULAR PURPOSE.

configure:1630: $? = 0
configure:1632: gcc -v </dev/null >&5
Using built-in specs.
COLLECT_GCC=gcc
COLLECT_LTO_WRAPPER=/usr/lib/gcc/i686-pc-cygwin/4.8.2/lto-wrapper.exe
Target: i686-pc-cygwin
Configured with: /cygdrive/i/szsz/tmpp/gcc4/gcc-4.8.2-2/src/gcc-4.8.2/configure --srcdir=/cygdrive/i/szsz/tmpp/gcc4/gcc-4.8.2-2/src/gcc-4.8.2 --prefix=/usr --exec-prefix=/usr --bindir=/usr/bin --sbindir=/usr/sbin --libexecdir=/usr/libexec --datadir=/usr/share --localstatedir=/var --sysconfdir=/etc --libdir=/usr/lib --datarootdir=/usr/share --docdir=/usr/share/doc/gcc --htmldir=/usr/share/doc/gcc/html -C --build=i686-pc-cygwin --host=i686-pc-cygwin --target=i686-pc-cygwin --without-libiconv-prefix --without-libintl-prefix --enable-shared --enable-shared-libgcc --enable-static --enable-version-specific-runtime-libs --enable-bootstrap --disable-__cxa_atexit --with-dwarf2 --with-arch=i686 --with-tune=generic --disable-sjlj-exceptions --enable-languages=ada,c,c++,fortran,java,lto,objc,obj-c++ --enable-graphite --enable-threads=posix --enable-libatomic --enable-libgomp --disable-libitm --enable-libquadmath --enable-libquadmath-support --enable-libssp --enable-libada --enable-libjava --enable-libgcj-sublibs --disable-java-awt --disable-symvers --with-ecj-jar=/usr/share/java/ecj.jar --with-gnu-ld --with-gnu-as --with-cloog-include=/usr/include/cloog-isl --without-libiconv-prefix --without-libintl-prefix --with-system-zlib --libexecdir=/usr/lib
Thread model: posix
gcc version 4.8.2 (GCC) 
configure:1635: $? = 0
configure:1637: gcc -V </dev/null >&5
gcc: error: unrecognized command line option '-V'
gcc: fatal error: no input files
compilation terminated.
configure:1640: $? = 1
configure:1663: checking for C compiler default output file name
configure:1666: gcc    conftest.c  >&5
configure:1669: $? = 0
configure:1715: result: a.exe
configure:1720: checking whether the C compiler works
configure:1726: ./a.exe
configure:1729: $? = 0
configure:1746: result: yes
configure:1753: checking whether we are cross compiling
configure:1755: result: no
configure:1758: checking for suffix of executables
configure:1760: gcc -o conftest.exe    conftest.c  >&5
configure:1763: $? = 0
configure:1788: result: .exe
configure:1794: checking for suffix of object files
configure:1815: gcc -c   conftest.c >&5
configure:1818: $? = 0
configure:1840: result: o
configure:1844: checking whether we are using the GNU C compiler
configure:1868: gcc -c   conftest.c >&5
configure:1874: $? = 0
configure:1878: test -z 
			 || test ! -s conftest.err
configure:1881: $? = 0
configure:1884: test -s conftest.o
configure:1887: $? = 0
configure:1900: result: yes
configure:1906: checking whether gcc accepts -g
configure:1927: gcc -c -g  conftest.c >&5
configure:1933: $? = 0
configure:1937: test -z 
			 || test ! -s conftest.err
configure:1940: $? = 0
configure:1943: test -s conftest.o
configure:1946: $? = 0
configure:1957: result: yes
configure:1974: checking for gcc option to accept ANSI C
configure:2044: gcc  -c -g -O2  conftest.c >&5
configure:2050: $? = 0
configure:2054: test -z 
			 || test ! -s conftest.err
configure:2057: $? = 0
configure:2060: test -s conftest.o
configure:2063: $? = 0
configure:2081: result: none needed
configure:2099: gcc -c -g -O2  conftest.c >&5
conftest.c:2:3: error: unknown type name 'choke'
   choke me
   ^
conftest.c:2:3: error: expected '=', ',', ';', 'asm' or '__attribute__' at end of input
configure:2105: $? = 1
configure: failed program was:
| #ifndef __cplusplus
|   choke me
| #endif
configure:2276: checking for a BSD-compatible install
configure:2331: result: /usr/bin/install -c
configure:2342: checking whether make sets $(MAKE)
configure:2362: result: yes
configure:2400: checking for library containing pnm_readpnminit
configure:2430: gcc -o conftest.exe -g -O2  -lm  conftest.c  >&5
/tmp/cc8xEe4T.o: In function `main':
/Projects/Applications/osra/gocr/conftest.c:20: undefined reference to `pnm_readpnminit'
collect2: error: ld returned 1 exit status
configure:2436: $? = 1
configure: failed program was:
| /* confdefs.h.  */
| 
| #define PACKAGE_NAME "gocr"
| #define PACKAGE_TARNAME "gocr"
| #define PACKAGE_VERSION "0.50"
| #define PACKAGE_STRING "gocr 0.50"
| #define PACKAGE_BUGREPORT ""
| /* end confdefs.h.  */
| 
| /* Override any gcc2 internal prototype to avoid an error.  */
| #ifdef __cplusplus
| extern "C"
| #endif
| /* We use char because int might match the return type of a gcc2
|    builtin and then its argument prototype would still apply.  */
| char pnm_readpnminit ();
| int
| main ()
| {
| pnm_readpnminit ();
|   ;
|   return 0;
| }
configure:2485: gcc -o conftest.exe -g -O2  -lm  conftest.c -lnetpbm   >&5
/usr/lib/gcc/i686-pc-cygwin/4.8.2/../../../../i686-pc-cygwin/bin/ld: cannot find -lnetpbm
collect2: error: ld returned 1 exit status
configure:2491: $? = 1
configure: failed program was:
| /* confdefs.h.  */
| 
| #define PACKAGE_NAME "gocr"
| #define PACKAGE_TARNAME "gocr"
| #define PACKAGE_VERSION "0.50"
| #define PACKAGE_STRING "gocr 0.50"
| #define PACKAGE_BUGREPORT ""
| /* end confdefs.h.  */
| 
| /* Override any gcc2 internal prototype to avoid an error.  */
| #ifdef __cplusplus
| extern "C"
| #endif
| /* We use char because int might match the return type of a gcc2
|    builtin and then its argument prototype would still apply.  */
| char pnm_readpnminit ();
| int
| main ()
| {
| pnm_readpnminit ();
|   ;
|   return 0;
| }
configure:2485: gcc -o conftest.exe -g -O2  -lm  conftest.c -lpnm   >&5
/usr/lib/gcc/i686-pc-cygwin/4.8.2/../../../../i686-pc-cygwin/bin/ld: cannot find -lpnm
collect2: error: ld returned 1 exit status
configure:2491: $? = 1
configure: failed program was:
| /* confdefs.h.  */
| 
| #define PACKAGE_NAME "gocr"
| #define PACKAGE_TARNAME "gocr"
| #define PACKAGE_VERSION "0.50"
| #define PACKAGE_STRING "gocr 0.50"
| #define PACKAGE_BUGREPORT ""
| /* end confdefs.h.  */
| 
| /* Override any gcc2 internal prototype to avoid an error.  */
| #ifdef __cplusplus
| extern "C"
| #endif
| /* We use char because int might match the return type of a gcc2
|    builtin and then its argument prototype would still apply.  */
| char pnm_readpnminit ();
| int
| main ()
| {
| pnm_readpnminit ();
|   ;
|   return 0;
| }
configure:2519: result: no
configure:2535: checking how to run the C preprocessor
configure:2570: gcc -E  conftest.c
configure:2576: $? = 0
configure:2608: gcc -E  conftest.c
conftest.c:9:28: fatal error: ac_nonexistent.h: No such file or directory
 #include <ac_nonexistent.h>
                            ^
compilation terminated.
configure:2614: $? = 1
configure: failed program was:
| /* confdefs.h.  */
| 
| #define PACKAGE_NAME "gocr"
| #define PACKAGE_TARNAME "gocr"
| #define PACKAGE_VERSION "0.50"
| #define PACKAGE_STRING "gocr 0.50"
| #define PACKAGE_BUGREPORT ""
| /* end confdefs.h.  */
| #include <ac_nonexistent.h>
configure:2653: result: gcc -E
configure:2677: gcc -E  conftest.c
configure:2683: $? = 0
configure:2715: gcc -E  conftest.c
conftest.c:9:28: fatal error: ac_nonexistent.h: No such file or directory
 #include <ac_nonexistent.h>
                            ^
compilation terminated.
configure:2721: $? = 1
configure: failed program was:
| /* confdefs.h.  */
| 
| #define PACKAGE_NAME "gocr"
| #define PACKAGE_TARNAME "gocr"
| #define PACKAGE_VERSION "0.50"
| #define PACKAGE_STRING "gocr 0.50"
| #define PACKAGE_BUGREPORT ""
| /* end confdefs.h.  */
| #include <ac_nonexistent.h>
configure:2765: checking for egrep
configure:2775: result: grep -E
configure:2780: checking for ANSI C header files
configure:2805: gcc -c -g -O2  conftest.c >&5
configure:2811: $? = 0
configure:2815: test -z 
			 || test ! -s conftest.err
configure:2818: $? = 0
configure:2821: test -s conftest.o
configure:2824: $? = 0
configure:2913: gcc -o conftest.exe -g -O2  -lm  conftest.c  >&5
conftest.c: In function 'main':
conftest.c:26:7: warning: incompatible implicit declaration of built-in function 'exit' [enabled by default]
       exit(2);
       ^
configure:2916: $? = 0
configure:2918: ./conftest.exe
configure:2921: $? = 0
configure:2936: result: yes
configure:2960: checking for sys/types.h
configure:2976: gcc -c -g -O2  conftest.c >&5
configure:2982: $? = 0
configure:2986: test -z 
			 || test ! -s conftest.err
configure:2989: $? = 0
configure:2992: test -s conftest.o
configure:2995: $? = 0
configure:3006: result: yes
configure:2960: checking for sys/stat.h
configure:2976: gcc -c -g -O2  conftest.c >&5
configure:2982: $? = 0
configure:2986: test -z 
			 || test ! -s conftest.err
configure:2989: $? = 0
configure:2992: test -s conftest.o
configure:2995: $? = 0
configure:3006: result: yes
configure:2960: checking for stdlib.h
configure:2976: gcc -c -g -O2  conftest.c >&5
configure:2982: $? = 0
configure:2986: test -z 
			 || test ! -s conftest.err
configure:2989: $? = 0
configure:2992: test -s conftest.o
configure:2995: $? = 0
configure:3006: result: yes
configure:2960: checking for string.h
configure:2976: gcc -c -g -O2  conftest.c >&5
configure:2982: $? = 0
configure:2986: test -z 
			 || test ! -s conftest.err
configure:2989: $? = 0
configure:2992: test -s conftest.o
configure:2995: $? = 0
configure:3006: result: yes
configure:2960: checking for memory.h
configure:2976: gcc -c -g -O2  conftest.c >&5
configure:2982: $? = 0
configure:2986: test -z 
			 || test ! -s conftest.err
configure:2989: $? = 0
configure:2992: test -s conftest.o
configure:2995: $? = 0
configure:3006: result: yes
configure:2960: checking for strings.h
configure:2976: gcc -c -g -O2  conftest.c >&5
configure:2982: $? = 0
configure:2986: test -z 
			 || test ! -s conftest.err
configure:2989: $? = 0
configure:2992: test -s conftest.o
configure:2995: $? = 0
configure:3006: result: yes
configure:2960: checking for inttypes.h
configure:2976: gcc -c -g -O2  conftest.c >&5
configure:2982: $? = 0
configure:2986: test -z 
			 || test ! -s conftest.err
configure:2989: $? = 0
configure:2992: test -s conftest.o
configure:2995: $? = 0
configure:3006: result: yes
configure:2960: checking for stdint.h
configure:2976: gcc -c -g -O2  conftest.c >&5
configure:2982: $? = 0
configure:2986: test -z 
			 || test ! -s conftest.err
configure:2989: $? = 0
configure:2992: test -s conftest.o
configure:2995: $? = 0
configure:3006: result: yes
configure:2960: checking for unistd.h
configure:2976: gcc -c -g -O2  conftest.c >&5
configure:2982: $? = 0
configure:2986: test -z 
			 || test ! -s conftest.err
configure:2989: $? = 0
configure:2992: test -s conftest.o
configure:2995: $? = 0
configure:3006: result: yes
configure:3025: checking for unistd.h
configure:3030: result: yes
configure:3034: checking wchar.h usability
configure:3046: gcc -c -g -O2  conftest.c >&5
configure:3052: $? = 0
configure:3056: test -z 
			 || test ! -s conftest.err
configure:3059: $? = 0
configure:3062: test -s conftest.o
configure:3065: $? = 0
configure:3075: result: yes
configure:3079: checking wchar.h presence
configure:3089: gcc -E  conftest.c
configure:3095: $? = 0
configure:3115: result: yes
configure:3150: checking for wchar.h
configure:3157: result: yes
configure:3171: checking for an ANSI C-conforming const
configure:3238: gcc -c -g -O2  conftest.c >&5
configure:3244: $? = 0
configure:3248: test -z 
			 || test ! -s conftest.err
configure:3251: $? = 0
configure:3254: test -s conftest.o
configure:3257: $? = 0
configure:3268: result: yes
configure:3279: checking for function prototypes
configure:3282: result: yes
configure:3299: checking whether setvbuf arguments are reversed
configure:3324: gcc -o conftest.exe -g -O2  -lm  conftest.c  >&5
conftest.c:25:10: error: conflicting types for 'setvbuf'
     int (setvbuf) (FILE *, int, char *, size_t);
          ^
In file included from /usr/include/stdio.h:29:0,
                 from conftest.c:23:
/usr/include/stdio.h:168:5: note: previous declaration of 'setvbuf' was here
 int _EXFUN(setvbuf, (FILE *__restrict, char *__restrict, int, size_t));
     ^
configure:3330: $? = 1
configure: failed program was:
| /* confdefs.h.  */
| 
| #define PACKAGE_NAME "gocr"
| #define PACKAGE_TARNAME "gocr"
| #define PACKAGE_VERSION "0.50"
| #define PACKAGE_STRING "gocr 0.50"
| #define PACKAGE_BUGREPORT ""
| #define STDC_HEADERS 1
| #define HAVE_SYS_TYPES_H 1
| #define HAVE_SYS_STAT_H 1
| #define HAVE_STDLIB_H 1
| #define HAVE_STRING_H 1
| #define HAVE_MEMORY_H 1
| #define HAVE_STRINGS_H 1
| #define HAVE_INTTYPES_H 1
| #define HAVE_STDINT_H 1
| #define HAVE_UNISTD_H 1
| #define HAVE_UNISTD_H 1
| #define HAVE_WCHAR_H 1
| #define PROTOTYPES 1
| #define __PROTOTYPES 1
| /* end confdefs.h.  */
| #include <stdio.h>
| #	  if PROTOTYPES
| 	   int (setvbuf) (FILE *, int, char *, size_t);
| #	  endif
| int
| main ()
| {
| char buf; return setvbuf (stdout, _IOLBF, &buf, 1);
|   ;
|   return 0;
| }
configure:3451: result: no
configure:3468: checking for wcschr
configure:3525: gcc -o conftest.exe -g -O2  -lm  conftest.c  >&5
configure:3531: $? = 0
configure:3535: test -z 
			 || test ! -s conftest.err
configure:3538: $? = 0
configure:3541: test -s conftest.exe
configure:3544: $? = 0
configure:3556: result: yes
configure:3468: checking for wcsdup
configure:3525: gcc -o conftest.exe -g -O2  -lm  conftest.c  >&5
configure:3531: $? = 0
configure:3535: test -z 
			 || test ! -s conftest.err
configure:3538: $? = 0
configure:3541: test -s conftest.exe
configure:3544: $? = 0
configure:3556: result: yes
configure:3468: checking for gettimeofday
configure:3525: gcc -o conftest.exe -g -O2  -lm  conftest.c  >&5
configure:3531: $? = 0
configure:3535: test -z 
			 || test ! -s conftest.err
configure:3538: $? = 0
configure:3541: test -s conftest.exe
configure:3544: $? = 0
configure:3556: result: yes
configure:3468: checking for popen
configure:3525: gcc -o conftest.exe -g -O2  -lm  conftest.c  >&5
configure:3531: $? = 0
configure:3535: test -z 
			 || test ! -s conftest.err
configure:3538: $? = 0
configure:3541: test -s conftest.exe
configure:3544: $? = 0
configure:3556: result: yes
configure:3665: creating ./config.status

## ---------------------- ##
## Running config.status. ##
## ---------------------- ##

This file was extended by gocr config.status 0.50, which was
generated by GNU Autoconf 2.59.  Invocation command line was

  CONFIG_FILES    = 
  CONFIG_HEADERS  = 
  CONFIG_LINKS    = 
  CONFIG_COMMANDS = 
  $ ./config.status 

on hanshorn

config.status:653: creating Makefile
config.status:653: creating src/Makefile
config.status:653: creating doc/Makefile
config.status:653: creating man/Makefile
config.status:757: creating include/config.h
config.status:873: include/config.h is unchanged

## ---------------- ##
## Cache variables. ##
## ---------------- ##

ac_cv_c_compiler_gnu=yes
ac_cv_c_const=yes
ac_cv_env_CC_set=
ac_cv_env_CC_value=
ac_cv_env_CFLAGS_set=
ac_cv_env_CFLAGS_value=
ac_cv_env_CPPFLAGS_set=
ac_cv_env_CPPFLAGS_value=
ac_cv_env_CPP_set=
ac_cv_env_CPP_value=
ac_cv_env_LDFLAGS_set=
ac_cv_env_LDFLAGS_value=
ac_cv_env_build_alias_set=
ac_cv_env_build_alias_value=
ac_cv_env_host_alias_set=
ac_cv_env_host_alias_value=
ac_cv_env_target_alias_set=
ac_cv_env_target_alias_value=
ac_cv_exeext=.exe
ac_cv_func_gettimeofday=yes
ac_cv_func_popen=yes
ac_cv_func_setvbuf_reversed=no
ac_cv_func_wcschr=yes
ac_cv_func_wcsdup=yes
ac_cv_header_inttypes_h=yes
ac_cv_header_memory_h=yes
ac_cv_header_stdc=yes
ac_cv_header_stdint_h=yes
ac_cv_header_stdlib_h=yes
ac_cv_header_string_h=yes
ac_cv_header_strings_h=yes
ac_cv_header_sys_stat_h=yes
ac_cv_header_sys_types_h=yes
ac_cv_header_unistd_h=yes
ac_cv_header_wchar_h=yes
ac_cv_objext=o
ac_cv_path_install='/usr/bin/install -c'
ac_cv_prog_CPP='gcc -E'
ac_cv_prog_ac_ct_CC=gcc
ac_cv_prog_cc_g=yes
ac_cv_prog_cc_stdc=
ac_cv_prog_egrep='grep -E'
ac_cv_prog_make_make_set=yes
ac_cv_search_pnm_readpnminit=no

## ----------------- ##
## Output variables. ##
## ----------------- ##

CC='gcc'
CFLAGS='-g -O2'
CPP='gcc -E'
CPPFLAGS=''
DEFS='-DHAVE_CONFIG_H'
ECHO_C=''
ECHO_N='-n'
ECHO_T=''
EGREP='grep -E'
EXEEXT='.exe'
INSTALL_DATA='${INSTALL} -m 644'
INSTALL_PROGRAM='${INSTALL}'
INSTALL_SCRIPT='${INSTALL}'
LDFLAGS='-lm '
LIBOBJS=''
LIBS=''
LTLIBOBJS=''
OBJEXT='o'
PACKAGE_BUGREPORT=''
PACKAGE_NAME='gocr'
PACKAGE_STRING='gocr 0.50'
PACKAGE_TARNAME='gocr'
PACKAGE_VERSION='0.50'
PATH_SEPARATOR=':'
SET_MAKE=''
SHELL='/bin/sh'
ac_ct_CC='gcc'
bindir='${exec_prefix}/bin'
build_alias=''
datadir='${prefix}/share'
exec_prefix='${prefix}'
host_alias=''
includedir='${prefix}/include'
infodir='${prefix}/info'
libdir='${exec_prefix}/lib'
libexecdir='${exec_prefix}/libexec'
localstatedir='${prefix}/var'
mandir='${prefix}/man'
oldincludedir='/usr/include'
prefix='/usr/local'
program_transform_name='s,x,x,'
sbindir='${exec_prefix}/sbin'
sharedstatedir='${prefix}/com'
sysconfdir='${prefix}/etc'
target_alias=''

## ----------- ##
## confdefs.h. ##
## ----------- ##

#define HAVE_GETTIMEOFDAY 1
#define HAVE_INTTYPES_H 1
#define HAVE_MEMORY_H 1
#define HAVE_POPEN 1
#define HAVE_STDINT_H 1
#define HAVE_STDLIB_H 1
#define HAVE_STRINGS_H 1
#define HAVE_STRING_H 1
#define HAVE_SYS_STAT_H 1
#define HAVE_SYS_TYPES_H 1
#define HAVE_UNISTD_H 1
#define HAVE_UNISTD_H 1
#define HAVE_WCHAR_H 1
#define HAVE_WCSCHR 1
#define HAVE_WCSDUP 1
#define PACKAGE_BUGREPORT ""
#define PACKAGE_NAME "gocr"
#define PACKAGE_STRING "gocr 0.50"
#define PACKAGE_TARNAME "gocr"
#define PACKAGE_VERSION "0.50"
#define PROTOTYPES 1
#define STDC_HEADERS 1
#define __PROTOTYPES 1

configure: exit 0
