This file contains any messages produced by compilers while
running configure, to aid debugging if configure makes a mistake.

It was created by potrace configure 1.11, which was
generated by GNU Autoconf 2.69.  Invocation command line was

  $ ./configure 

## --------- ##
## Platform. ##
## --------- ##

hostname = hanshorn
uname -m = i686
uname -r = 1.7.27(0.271/5/3)
uname -s = CYGWIN_NT-6.3-WOW64
uname -v = 2013-12-07 16:27

/usr/bin/uname -p = unknown
/bin/uname -X     = unknown

/bin/arch              = i686
/usr/bin/arch -k       = unknown
/usr/convex/getsysinfo = unknown
/usr/bin/hostinfo      = unknown
/bin/machine           = unknown
/usr/bin/oslevel       = unknown
/bin/universe          = unknown

PATH: ./
PATH: /Projects/Applications/gamess_2012R1/gmsbin
PATH: ./
PATH: /Projects/Mulliken
PATH: /Projects/Mulliken/build_cygwin_pentium4_gfc/bintest26
PATH: /Projects/Mulliken/src/general/scripts
PATH: /Projects/Mulliken/maketools
PATH: /etc/alternatives
PATH: .
PATH: /Projects/Java_WIN/bin
PATH: /Projects/Java_WIN/ant/bin
PATH: /Projects/fFLASH/FF_Java/buildtools
PATH: /Projects/Java_WIN/buildtools
PATH: /Projects/fFLASH/bin
PATH: /Projects/fFLASH/FF_Scripts
PATH: /Projects/fFLASH/FF_Scripts/mysql
PATH: /Projects/fFLASH/FF_C++/build_mingw/bin
PATH: /Projects/fFLASH/FF_C++/buildtools
PATH: /Projects/fFLASH/FF_C++/build_mingw/makefiles
PATH: /c/PROGRA~1/MySQL/MYSQLS~1.0/BIN
PATH: ./
PATH: /usr/local/bin
PATH: /usr/bin
PATH: /Projects/Java_WIN/ExcelsiorJet/bin
PATH: /Projects/Documents/AMD APP/bin/x86_64
PATH: /Projects/Documents/AMD APP/bin/x86
PATH: /c/PROGRAM FILES (X86)/AMD APP/BIN/X86_64
PATH: /c/PROGRAM FILES (X86)/AMD APP/BIN/X86
PATH: /c/PROGRAM FILES/MICROSOFT HPC PACK 2008 R2/BIN
PATH: /c/Program Files (x86)/Common Files/Intel/Shared Libraries/REDIST/INTEL64/MPIRT
PATH: /c/Program Files (x86)/Common Files/Intel/Shared Libraries/REDIST/INTEL64/COMPILER
PATH: /Projects/Java_WIN
PATH: /d/PROJECTS/FFLASH/FF_JAVA/LIB
PATH: /c/CYGWIN/USR/I686-W64-MINGW32/SYS-ROOT/MINGW/BIN
PATH: /d/PROJECTS/JAVA_WIN/JRE/BIN
PATH: /d/PROJECTS/JAVA_WIN/BIN
PATH: /c/PROGRAM FILES (X86)/ATI STREAM/BIN/X86
PATH: /c/PROGRAM FILES (X86)/ATI STREAM/BIN/X86_64
PATH: /c/WINDOWS/SYSTEM32
PATH: /c/WINDOWS
PATH: /c/WINDOWS/SYSTEM32/WBEM
PATH: /c/WINDOWS/SYSTEM32/WINDOWSPOWERSHELL/V1.0
PATH: /c/PROGRAM FILES (X86)/ATI TECHNOLOGIES/ATI.ACE/CORE-STATIC
PATH: /c/PROGRAM FILES/MATLAB/R2011B/BIN
PATH: /c/PROGRAM FILES/MYSQL/MYSQL SERVER 5.5/BIN
PATH: /c/Program Files (x86)/Mozilla Firefox
PATH: /Projects/Applications/OpenBabel
PATH: /Projects/Java/jre/bin
PATH: /Projects/fFLASH/FF_Java/lib
PATH: /bin
PATH: /Projects/Java/bin
PATH: /Projects/Tools
PATH: /Projects/Tools/ftnchek/Understand2/bin/pc-win32
PATH: /Projects/Tools/WIN
PATH: /Projects/Tools/WIN/UltraEdit
PATH: /Projects/Tools/WIN/UEStudio
PATH: /Projects/Tools/WIN/SecureShellClient
PATH: /Projects/Applications/Python
PATH: /Projects/Applications/OpenMM/lib
PATH: /Projects/Applications/OpenMM/lib/plugins
PATH: /usr/lib/lapack
PATH: /Projects/lwc/scripts
PATH: /Projects/Tools/comma


## ----------- ##
## Core tests. ##
## ----------- ##

configure:2309: checking for a BSD-compatible install
configure:2377: result: /usr/bin/install -c
configure:2388: checking whether build environment is sane
configure:2438: result: yes
configure:2579: checking for a thread-safe mkdir -p
configure:2618: result: /usr/bin/mkdir -p
configure:2631: checking for gawk
configure:2647: found /usr/bin/gawk
configure:2658: result: gawk
configure:2669: checking whether make sets $(MAKE)
configure:2691: result: yes
configure:2843: checking for gcc
configure:2859: found /usr/bin/gcc
configure:2870: result: gcc
configure:3099: checking for C compiler version
configure:3108: gcc --version >&5
gcc (GCC) 4.8.2
Copyright (C) 2013 Free Software Foundation, Inc.
This is free software; see the source for copying conditions.  There is NO
warranty; not even for MERCHANTABILITY or FITNESS FOR A PARTICULAR PURPOSE.

configure:3119: $? = 0
configure:3108: gcc -v >&5
Using built-in specs.
COLLECT_GCC=gcc
COLLECT_LTO_WRAPPER=/usr/lib/gcc/i686-pc-cygwin/4.8.2/lto-wrapper.exe
Target: i686-pc-cygwin
Configured with: /cygdrive/i/szsz/tmpp/gcc4/gcc-4.8.2-2/src/gcc-4.8.2/configure --srcdir=/cygdrive/i/szsz/tmpp/gcc4/gcc-4.8.2-2/src/gcc-4.8.2 --prefix=/usr --exec-prefix=/usr --bindir=/usr/bin --sbindir=/usr/sbin --libexecdir=/usr/libexec --datadir=/usr/share --localstatedir=/var --sysconfdir=/etc --libdir=/usr/lib --datarootdir=/usr/share --docdir=/usr/share/doc/gcc --htmldir=/usr/share/doc/gcc/html -C --build=i686-pc-cygwin --host=i686-pc-cygwin --target=i686-pc-cygwin --without-libiconv-prefix --without-libintl-prefix --enable-shared --enable-shared-libgcc --enable-static --enable-version-specific-runtime-libs --enable-bootstrap --disable-__cxa_atexit --with-dwarf2 --with-arch=i686 --with-tune=generic --disable-sjlj-exceptions --enable-languages=ada,c,c++,fortran,java,lto,objc,obj-c++ --enable-graphite --enable-threads=posix --enable-libatomic --enable-libgomp --disable-libitm --enable-libquadmath --enable-libquadmath-support --enable-libssp --enable-libada --enable-libjava --enable-libgcj-sublibs --disable-java-awt --disable-symvers --with-ecj-jar=/usr/share/java/ecj.jar --with-gnu-ld --with-gnu-as --with-cloog-include=/usr/include/cloog-isl --without-libiconv-prefix --without-libintl-prefix --with-system-zlib --libexecdir=/usr/lib
Thread model: posix
gcc version 4.8.2 (GCC) 
configure:3119: $? = 0
configure:3108: gcc -V >&5
gcc: error: unrecognized command line option '-V'
gcc: fatal error: no input files
compilation terminated.
configure:3119: $? = 1
configure:3108: gcc -qversion >&5
gcc: error: unrecognized command line option '-qversion'
gcc: fatal error: no input files
compilation terminated.
configure:3119: $? = 1
configure:3139: checking whether the C compiler works
configure:3161: gcc    conftest.c  >&5
configure:3165: $? = 0
configure:3213: result: yes
configure:3216: checking for C compiler default output file name
configure:3218: result: a.exe
configure:3224: checking for suffix of executables
configure:3231: gcc -o conftest.exe    conftest.c  >&5
configure:3235: $? = 0
configure:3257: result: .exe
configure:3279: checking whether we are cross compiling
configure:3287: gcc -o conftest.exe    conftest.c  >&5
configure:3291: $? = 0
configure:3298: ./conftest.exe
configure:3302: $? = 0
configure:3317: result: no
configure:3322: checking for suffix of object files
configure:3344: gcc -c   conftest.c >&5
configure:3348: $? = 0
configure:3369: result: o
configure:3373: checking whether we are using the GNU C compiler
configure:3392: gcc -c   conftest.c >&5
configure:3392: $? = 0
configure:3401: result: yes
configure:3410: checking whether gcc accepts -g
configure:3430: gcc -c -g  conftest.c >&5
configure:3430: $? = 0
configure:3471: result: yes
configure:3488: checking for gcc option to accept ISO C89
configure:3551: gcc  -c -g -O2  conftest.c >&5
configure:3551: $? = 0
configure:3564: result: none needed
configure:3595: checking for style of include used by make
configure:3623: result: GNU
configure:3649: checking dependency style of gcc
configure:3760: result: gcc3
configure:3782: checking what compiler options to use
configure:3784: result: -g -O2 -Wall -ffloat-store 
configure:3804: checking build system type
configure:3818: result: i686-pc-cygwin
configure:3838: checking host system type
configure:3851: result: i686-pc-cygwin
configure:3918: checking for as
configure:3934: found /usr/bin/as
configure:3945: result: as
configure:4010: checking for dlltool
configure:4026: found /usr/bin/dlltool
configure:4037: result: dlltool
configure:4102: checking for objdump
configure:4118: found /usr/bin/objdump
configure:4129: result: objdump
configure:4220: checking how to print strings
configure:4247: result: printf
configure:4268: checking for a sed that does not truncate output
configure:4332: result: /usr/bin/sed
configure:4350: checking for grep that handles long lines and -e
configure:4408: result: /usr/bin/grep
configure:4413: checking for egrep
configure:4475: result: /usr/bin/grep -E
configure:4480: checking for fgrep
configure:4542: result: /usr/bin/grep -F
configure:4577: checking for ld used by gcc
configure:4644: result: /usr/i686-pc-cygwin/bin/ld.exe
configure:4651: checking if the linker (/usr/i686-pc-cygwin/bin/ld.exe) is GNU ld
configure:4666: result: yes
configure:4678: checking for BSD- or MS-compatible name lister (nm)
configure:4727: result: /usr/bin/nm -B
configure:4857: checking the name lister (/usr/bin/nm -B) interface
configure:4864: gcc -c -g -O2 -Wall -ffloat-store  conftest.c >&5
configure:4867: /usr/bin/nm -B "conftest.o"
configure:4870: output
00000000 b .bss
00000000 d .data
00000000 N .debug_abbrev
00000000 N .debug_aranges
00000000 N .debug_info
00000000 N .debug_line
00000000 r .rdata$zzz
00000000 t .text
00000000 B _some_variable
configure:4877: result: BSD nm
configure:4880: checking whether ln -s works
configure:4884: result: yes
configure:4892: checking the maximum length of command line arguments
configure:5017: result: 8192
configure:5034: checking whether the shell understands some XSI constructs
configure:5044: result: yes
configure:5048: checking whether the shell understands "+="
configure:5054: result: yes
configure:5089: checking how to convert i686-pc-cygwin file names to i686-pc-cygwin format
configure:5129: result: func_convert_file_noop
configure:5136: checking how to convert i686-pc-cygwin file names to toolchain format
configure:5156: result: func_convert_file_noop
configure:5163: checking for /usr/i686-pc-cygwin/bin/ld.exe option to reload object files
configure:5170: result: -r
configure:5244: checking for objdump
configure:5271: result: objdump
configure:5300: checking how to recognize dependent libraries
configure:5502: result: file_magic ^x86 archive import|^x86 DLL
configure:5587: checking for dlltool
configure:5614: result: dlltool
configure:5644: checking how to associate runtime and link libraries
configure:5671: result: func_cygming_dll_for_implib
configure:5732: checking for ar
configure:5748: found /usr/bin/ar
configure:5759: result: ar
configure:5796: checking for archiver @FILE support
configure:5813: gcc -c -g -O2 -Wall -ffloat-store  conftest.c >&5
configure:5813: $? = 0
configure:5816: ar cru libconftest.a @conftest.lst >&5
configure:5819: $? = 0
configure:5824: ar cru libconftest.a @conftest.lst >&5
ar: conftest.o: No such file or directory
configure:5827: $? = 1
configure:5839: result: @
configure:5897: checking for strip
configure:5913: found /usr/bin/strip
configure:5924: result: strip
configure:5996: checking for ranlib
configure:6012: found /usr/bin/ranlib
configure:6023: result: ranlib
configure:6125: checking command to parse /usr/bin/nm -B output from gcc object
configure:6244: gcc -c -g -O2 -Wall -ffloat-store  conftest.c >&5
configure:6247: $? = 0
configure:6251: /usr/bin/nm -B conftest.o \| sed -n -e 's/^.*[ ]\([ABCDGIRSTW][ABCDGIRSTW]*\)[ ][ ]*\([_A-Za-z][_A-Za-z0-9]*\)$/\1 \2 \2/p' | sed '/ __gnu_lto/d' \> conftest.nm
configure:6254: $? = 0
cannot find nm_test_var in conftest.nm
configure:6244: gcc -c -g -O2 -Wall -ffloat-store  conftest.c >&5
configure:6247: $? = 0
configure:6251: /usr/bin/nm -B conftest.o \| sed -n -e 's/^.*[ ]\([ABCDGIRSTW][ABCDGIRSTW]*\)[ ][ ]*_\([_A-Za-z][_A-Za-z0-9]*\)$/\1 _\2 \2/p' | sed '/ __gnu_lto/d' \> conftest.nm
configure:6254: $? = 0
configure:6320: gcc -o conftest.exe -g -O2 -Wall -ffloat-store   conftest.c conftstm.o >&5
configure:6323: $? = 0
configure:6361: result: ok
configure:6398: checking for sysroot
configure:6428: result: no
configure:6671: checking for mt
configure:6701: result: no
configure:6721: checking if : is a manifest tool
configure:6727: : '-?'
configure:6735: result: no
configure:7367: checking how to run the C preprocessor
configure:7398: gcc -E  conftest.c
configure:7398: $? = 0
configure:7412: gcc -E  conftest.c
conftest.c:13:28: fatal error: ac_nonexistent.h: No such file or directory
 #include <ac_nonexistent.h>
                            ^
compilation terminated.
configure:7412: $? = 1
configure: failed program was:
| /* confdefs.h */
| #define PACKAGE_NAME "potrace"
| #define PACKAGE_TARNAME "potrace"
| #define PACKAGE_VERSION "1.11"
| #define PACKAGE_STRING "potrace 1.11"
| #define PACKAGE_BUGREPORT "selinger at users.sourceforge.net"
| #define PACKAGE_URL ""
| #define PACKAGE "potrace"
| #define VERSION "1.11"
| #define POTRACE "potrace"
| #define MKBITMAP "mkbitmap"
| /* end confdefs.h.  */
| #include <ac_nonexistent.h>
configure:7437: result: gcc -E
configure:7457: gcc -E  conftest.c
configure:7457: $? = 0
configure:7471: gcc -E  conftest.c
conftest.c:13:28: fatal error: ac_nonexistent.h: No such file or directory
 #include <ac_nonexistent.h>
                            ^
compilation terminated.
configure:7471: $? = 1
configure: failed program was:
| /* confdefs.h */
| #define PACKAGE_NAME "potrace"
| #define PACKAGE_TARNAME "potrace"
| #define PACKAGE_VERSION "1.11"
| #define PACKAGE_STRING "potrace 1.11"
| #define PACKAGE_BUGREPORT "selinger at users.sourceforge.net"
| #define PACKAGE_URL ""
| #define PACKAGE "potrace"
| #define VERSION "1.11"
| #define POTRACE "potrace"
| #define MKBITMAP "mkbitmap"
| /* end confdefs.h.  */
| #include <ac_nonexistent.h>
configure:7500: checking for ANSI C header files
configure:7520: gcc -c -g -O2 -Wall -ffloat-store  conftest.c >&5
configure:7520: $? = 0
configure:7593: gcc -o conftest.exe -g -O2 -Wall -ffloat-store   conftest.c  >&5
configure:7593: $? = 0
configure:7593: ./conftest.exe
configure:7593: $? = 0
configure:7604: result: yes
configure:7617: checking for sys/types.h
configure:7617: gcc -c -g -O2 -Wall -ffloat-store  conftest.c >&5
configure:7617: $? = 0
configure:7617: result: yes
configure:7617: checking for sys/stat.h
configure:7617: gcc -c -g -O2 -Wall -ffloat-store  conftest.c >&5
configure:7617: $? = 0
configure:7617: result: yes
configure:7617: checking for stdlib.h
configure:7617: gcc -c -g -O2 -Wall -ffloat-store  conftest.c >&5
configure:7617: $? = 0
configure:7617: result: yes
configure:7617: checking for string.h
configure:7617: gcc -c -g -O2 -Wall -ffloat-store  conftest.c >&5
configure:7617: $? = 0
configure:7617: result: yes
configure:7617: checking for memory.h
configure:7617: gcc -c -g -O2 -Wall -ffloat-store  conftest.c >&5
configure:7617: $? = 0
configure:7617: result: yes
configure:7617: checking for strings.h
configure:7617: gcc -c -g -O2 -Wall -ffloat-store  conftest.c >&5
configure:7617: $? = 0
configure:7617: result: yes
configure:7617: checking for inttypes.h
configure:7617: gcc -c -g -O2 -Wall -ffloat-store  conftest.c >&5
configure:7617: $? = 0
configure:7617: result: yes
configure:7617: checking for stdint.h
configure:7617: gcc -c -g -O2 -Wall -ffloat-store  conftest.c >&5
configure:7617: $? = 0
configure:7617: result: yes
configure:7617: checking for unistd.h
configure:7617: gcc -c -g -O2 -Wall -ffloat-store  conftest.c >&5
configure:7617: $? = 0
configure:7617: result: yes
configure:7631: checking for dlfcn.h
configure:7631: gcc -c -g -O2 -Wall -ffloat-store  conftest.c >&5
configure:7631: $? = 0
configure:7631: result: yes
configure:7816: checking for objdir
configure:7831: result: .libs
configure:8102: checking if gcc supports -fno-rtti -fno-exceptions
configure:8120: gcc -c -g -O2 -Wall -ffloat-store  -fno-rtti -fno-exceptions conftest.c >&5
cc1: warning: command line option '-fno-rtti' is valid for C++/ObjC++ but not for C [enabled by default]
configure:8124: $? = 0
configure:8137: result: no
configure:8447: checking for gcc option to produce PIC
configure:8454: result: -DDLL_EXPORT -DPIC
configure:8462: checking if gcc PIC flag -DDLL_EXPORT -DPIC works
configure:8480: gcc -c -g -O2 -Wall -ffloat-store  -DDLL_EXPORT -DPIC -DPIC conftest.c >&5
configure:8484: $? = 0
configure:8497: result: yes
configure:8526: checking if gcc static flag -static works
configure:8554: result: yes
configure:8569: checking if gcc supports -c -o file.o
configure:8590: gcc -c -g -O2 -Wall -ffloat-store  -o out/conftest2.o conftest.c >&5
configure:8594: $? = 0
configure:8616: result: yes
configure:8624: checking if gcc supports -c -o file.o
configure:8671: result: yes
configure:8704: checking whether the gcc linker (/usr/i686-pc-cygwin/bin/ld.exe) supports shared libraries
configure:9866: result: yes
configure:10111: checking dynamic linker characteristics
configure:10860: result: Win32 ld.exe
configure:10967: checking how to hardcode library paths into programs
configure:10992: result: immediate
configure:11532: checking whether stripping libraries is possible
configure:11537: result: yes
configure:11572: checking if libtool supports shared libraries
configure:11574: result: yes
configure:11577: checking whether to build shared libraries
configure:11598: result: no
configure:11601: checking whether to build static libraries
configure:11605: result: yes
configure:11642: checking whether to install the Potrace library
configure:11650: result: no
configure:11659: checking whether gcc has bug number 12243
configure:11664: result: maybe
configure:11669: checking whether to use zlib
configure:11680: result: yes
configure:11687: checking whether to default to metric units
configure:11701: result: no
configure:11705: checking whether to default to a4 paper size
configure:11719: result: no
configure:11723: checking whether to use the simplified progress bar
configure:11744: result: no
configure:11756: checking zlib.h usability
configure:11756: gcc -c -g -O2 -Wall -ffloat-store  conftest.c >&5
configure:11756: $? = 0
configure:11756: result: yes
configure:11756: checking zlib.h presence
configure:11756: gcc -E  conftest.c
configure:11756: $? = 0
configure:11756: result: yes
configure:11756: checking for zlib.h
configure:11756: result: yes
configure:11784: checking whether M_PI is declared
configure:11784: gcc -c -g -O2 -Wall -ffloat-store  conftest.c >&5
configure:11784: $? = 0
configure:11784: result: yes
configure:11797: checking for deflate in -lz
configure:11822: gcc -o conftest.exe -g -O2 -Wall -ffloat-store   conftest.c -lz   >&5
configure:11822: $? = 0
configure:11831: result: yes
configure:11893: checking for floor in -lm
configure:11918: gcc -o conftest.exe -g -O2 -Wall -ffloat-store   conftest.c -lm   >&5
conftest.c:34:6: warning: conflicting types for built-in function 'floor' [enabled by default]
 char floor ();
      ^
configure:11918: $? = 0
configure:11927: result: yes
configure:11937: checking for getopt_long
configure:11937: gcc -o conftest.exe -g -O2 -Wall -ffloat-store   conftest.c  >&5
configure:11937: $? = 0
configure:11937: result: yes
configure:11945: checking whether getopt_long reorders its arguments
configure:11971: gcc -o conftest.exe -g -O2 -Wall -ffloat-store   conftest.c  >&5
configure:11971: $? = 0
configure:11971: ./conftest.exe
configure:11971: $? = 0
configure:11972: result: yes
configure:11988: checking for strcasecmp
configure:11988: gcc -o conftest.exe -g -O2 -Wall -ffloat-store   conftest.c  >&5
conftest.c:50:6: warning: conflicting types for built-in function 'strcasecmp' [enabled by default]
 char strcasecmp ();
      ^
configure:11988: $? = 0
configure:11988: result: yes
configure:12007: checking for strncasecmp
configure:12007: gcc -o conftest.exe -g -O2 -Wall -ffloat-store   conftest.c  >&5
conftest.c:50:6: warning: conflicting types for built-in function 'strncasecmp' [enabled by default]
 char strncasecmp ();
      ^
configure:12007: $? = 0
configure:12007: result: yes
configure:12027: checking for Intel 386
configure:12043: gcc -c -g -O2 -Wall -ffloat-store  conftest.c >&5
conftest.c: In function 'main':
conftest.c:32:3: warning: 'x' is used uninitialized in this function [-Wuninitialized]
   asm("bsf %1,%0\njnz 0f\nmovl 2,%0\n0:":"=r"(x):"r"(x));
   ^
configure:12043: $? = 0
configure:12044: result: yes
configure:12058: checking for inline
configure:12074: gcc -c -g -O2 -Wall -ffloat-store  conftest.c >&5
configure:12074: $? = 0
configure:12082: result: inline
configure:12241: creating ./config.status

## ---------------------- ##
## Running config.status. ##
## ---------------------- ##

This file was extended by potrace config.status 1.11, which was
generated by GNU Autoconf 2.69.  Invocation command line was

  CONFIG_FILES    = 
  CONFIG_HEADERS  = 
  CONFIG_LINKS    = 
  CONFIG_COMMANDS = 
  $ ./config.status 

on hanshorn

config.status:1111: creating Makefile
config.status:1111: creating src/Makefile
config.status:1111: creating doc/Makefile
config.status:1111: creating check/Makefile
config.status:1111: creating doc/potrace.1
config.status:1111: creating doc/mkbitmap.1
config.status:1111: creating config.h
config.status:1340: executing depfiles commands
config.status:1340: executing libtool commands

## ---------------- ##
## Cache variables. ##
## ---------------- ##

ac_cv_build=i686-pc-cygwin
ac_cv_c_compiler_gnu=yes
ac_cv_c_inline=inline
ac_cv_env_CC_set=
ac_cv_env_CC_value=
ac_cv_env_CFLAGS_set=
ac_cv_env_CFLAGS_value=
ac_cv_env_CPPFLAGS_set=
ac_cv_env_CPPFLAGS_value=
ac_cv_env_CPP_set=
ac_cv_env_CPP_value=
ac_cv_env_LDFLAGS_set=
ac_cv_env_LDFLAGS_value=
ac_cv_env_LIBS_set=
ac_cv_env_LIBS_value=
ac_cv_env_build_alias_set=
ac_cv_env_build_alias_value=
ac_cv_env_host_alias_set=
ac_cv_env_host_alias_value=
ac_cv_env_target_alias_set=
ac_cv_env_target_alias_value=
ac_cv_exeext=.exe
ac_cv_func_getopt_long=yes
ac_cv_func_strcasecmp=yes
ac_cv_func_strncasecmp=yes
ac_cv_have_decl_M_PI=yes
ac_cv_header_dlfcn_h=yes
ac_cv_header_inttypes_h=yes
ac_cv_header_memory_h=yes
ac_cv_header_stdc=yes
ac_cv_header_stdint_h=yes
ac_cv_header_stdlib_h=yes
ac_cv_header_string_h=yes
ac_cv_header_strings_h=yes
ac_cv_header_sys_stat_h=yes
ac_cv_header_sys_types_h=yes
ac_cv_header_unistd_h=yes
ac_cv_header_zlib_h=yes
ac_cv_host=i686-pc-cygwin
ac_cv_lib_m_floor=yes
ac_cv_lib_z_deflate=yes
ac_cv_objext=o
ac_cv_path_EGREP='/usr/bin/grep -E'
ac_cv_path_FGREP='/usr/bin/grep -F'
ac_cv_path_GREP=/usr/bin/grep
ac_cv_path_SED=/usr/bin/sed
ac_cv_path_install='/usr/bin/install -c'
ac_cv_path_mkdir=/usr/bin/mkdir
ac_cv_prog_AWK=gawk
ac_cv_prog_CPP='gcc -E'
ac_cv_prog_ac_ct_AR=ar
ac_cv_prog_ac_ct_AS=as
ac_cv_prog_ac_ct_CC=gcc
ac_cv_prog_ac_ct_DLLTOOL=dlltool
ac_cv_prog_ac_ct_OBJDUMP=objdump
ac_cv_prog_ac_ct_RANLIB=ranlib
ac_cv_prog_ac_ct_STRIP=strip
ac_cv_prog_cc_c89=
ac_cv_prog_cc_g=yes
ac_cv_prog_make_make_set=yes
am_cv_CC_dependencies_compiler_type=gcc3
lt_cv_ar_at_file=@
lt_cv_deplibs_check_method='file_magic ^x86 archive import|^x86 DLL'
lt_cv_file_magic_cmd=func_win32_libid
lt_cv_file_magic_test_file=
lt_cv_ld_reload_flag=-r
lt_cv_nm_interface='BSD nm'
lt_cv_objdir=.libs
lt_cv_path_LD=/usr/i686-pc-cygwin/bin/ld.exe
lt_cv_path_NM='/usr/bin/nm -B'
lt_cv_path_mainfest_tool=no
lt_cv_prog_compiler_c_o=yes
lt_cv_prog_compiler_pic='-DDLL_EXPORT -DPIC'
lt_cv_prog_compiler_pic_works=yes
lt_cv_prog_compiler_rtti_exceptions=no
lt_cv_prog_compiler_static_works=yes
lt_cv_prog_gnu_ld=yes
lt_cv_sharedlib_from_linklib_cmd=func_cygming_dll_for_implib
lt_cv_sys_global_symbol_pipe='sed -n -e '\''s/^.*[	 ]\([ABCDGIRSTW][ABCDGIRSTW]*\)[	 ][	 ]*_\([_A-Za-z][_A-Za-z0-9]*\)$/\1 _\2 \2/p'\'' | sed '\''/ __gnu_lto/d'\'''
lt_cv_sys_global_symbol_to_c_name_address='sed -n -e '\''s/^: \([^ ]*\)[ ]*$/  {\"\1\", (void *) 0},/p'\'' -e '\''s/^[ABCDGIRSTW]* \([^ ]*\) \([^ ]*\)$/  {"\2", (void *) \&\2},/p'\'''
lt_cv_sys_global_symbol_to_c_name_address_lib_prefix='sed -n -e '\''s/^: \([^ ]*\)[ ]*$/  {\"\1\", (void *) 0},/p'\'' -e '\''s/^[ABCDGIRSTW]* \([^ ]*\) \(lib[^ ]*\)$/  {"\2", (void *) \&\2},/p'\'' -e '\''s/^[ABCDGIRSTW]* \([^ ]*\) \([^ ]*\)$/  {"lib\2", (void *) \&\2},/p'\'''
lt_cv_sys_global_symbol_to_cdecl='sed -n -e '\''s/^T .* \(.*\)$/extern int \1();/p'\'' -e '\''s/^[ABCDGIRSTW]* .* \(.*\)$/extern char \1;/p'\'''
lt_cv_sys_max_cmd_len=8192
lt_cv_to_host_file_cmd=func_convert_file_noop
lt_cv_to_tool_file_cmd=func_convert_file_noop

## ----------------- ##
## Output variables. ##
## ----------------- ##

ACLOCAL='${SHELL} /Projects/Applications/osra/potrace/missing --run aclocal-1.11'
AMDEPBACKSLASH='\'
AMDEP_FALSE='#'
AMDEP_TRUE=''
AMTAR='$${TAR-tar}'
AR='ar'
AS='as'
AUTOCONF='${SHELL} /Projects/Applications/osra/potrace/missing --run autoconf'
AUTOHEADER='${SHELL} /Projects/Applications/osra/potrace/missing --run autoheader'
AUTOMAKE='${SHELL} /Projects/Applications/osra/potrace/missing --run automake-1.11'
AWK='gawk'
CADD=''
CC='gcc'
CCDEPMODE='depmode=gcc3'
CFLAGS='-g -O2 -Wall -ffloat-store'
CPP='gcc -E'
CPPFLAGS=''
CYGPATH_W='cygpath -w'
DATE='February 2013'
DEFS='-DHAVE_CONFIG_H'
DEPDIR='.deps'
DLLTOOL='dlltool'
DSYMUTIL=''
DUMPBIN=''
ECHO_C=''
ECHO_N='-n'
ECHO_T=''
EGREP='/usr/bin/grep -E'
EXEEXT='.exe'
EXTRA_LIBS=' -lz'
EXTRA_OBJS=''
FGREP='/usr/bin/grep -F'
GREP='/usr/bin/grep'
INCLUDES=''
INSTALL_DATA='${INSTALL} -m 644'
INSTALL_PROGRAM='${INSTALL}'
INSTALL_SCRIPT='${INSTALL}'
INSTALL_STRIP_PROGRAM='$(install_sh) -c -s'
INSTHEADERS=''
INSTLIBS=''
LD='/usr/i686-pc-cygwin/bin/ld.exe'
LDFLAGS=''
LIBOBJS=''
LIBS=''
LIBTOOL='$(SHELL) $(top_builddir)/libtool'
LIPO=''
LN_S='ln -s'
LTLIBOBJS=''
MAKEINFO='${SHELL} /Projects/Applications/osra/potrace/missing --run makeinfo'
MANIFEST_TOOL=':'
MKBITMAP='mkbitmap'
MKDIR_P='/usr/bin/mkdir -p'
NM='/usr/bin/nm -B'
NMEDIT=''
OBJDUMP='objdump'
OBJEXT='o'
OTOOL64=''
OTOOL=''
PACKAGE='potrace'
PACKAGE_BUGREPORT='selinger at users.sourceforge.net'
PACKAGE_NAME='potrace'
PACKAGE_STRING='potrace 1.11'
PACKAGE_TARNAME='potrace'
PACKAGE_URL=''
PACKAGE_VERSION='1.11'
PATH_SEPARATOR=':'
POTRACE='potrace'
POTRACELIB_VERSION=''
RANLIB='ranlib'
SED='/usr/bin/sed'
SET_MAKE=''
SHELL='/bin/sh'
STRIP='strip'
VERSION='1.11'
ac_ct_AR='ar'
ac_ct_CC='gcc'
ac_ct_DUMPBIN=''
am__EXEEXT_FALSE='#'
am__EXEEXT_TRUE=''
am__fastdepCC_FALSE='#'
am__fastdepCC_TRUE=''
am__include='include'
am__isrc=''
am__leading_dot='.'
am__nodep='_no'
am__quote=''
am__tar='$${TAR-tar} chof - "$$tardir"'
am__untar='$${TAR-tar} xf -'
bindir='${exec_prefix}/bin'
build='i686-pc-cygwin'
build_alias=''
build_cpu='i686'
build_os='cygwin'
build_vendor='pc'
datadir='${datarootdir}'
datarootdir='${prefix}/share'
docdir='${datarootdir}/doc/${PACKAGE_TARNAME}'
dvidir='${docdir}'
exec_prefix='${prefix}'
host='i686-pc-cygwin'
host_alias=''
host_cpu='i686'
host_os='cygwin'
host_vendor='pc'
htmldir='${docdir}'
includedir='${prefix}/include'
infodir='${datarootdir}/info'
install_sh='${SHELL} /Projects/Applications/osra/potrace/install-sh'
libdir='${exec_prefix}/lib'
libexecdir='${exec_prefix}/libexec'
localedir='${datarootdir}/locale'
localstatedir='${prefix}/var'
mandir='${datarootdir}/man'
mkdir_p='/usr/bin/mkdir -p'
oldincludedir='/usr/include'
pdfdir='${docdir}'
prefix='/usr/local'
program_transform_name='s,x,x,'
psdir='${docdir}'
sbindir='${exec_prefix}/sbin'
sharedstatedir='${prefix}/com'
sysconfdir='${prefix}/etc'
target_alias=''

## ----------- ##
## confdefs.h. ##
## ----------- ##

/* confdefs.h */
#define PACKAGE_NAME "potrace"
#define PACKAGE_TARNAME "potrace"
#define PACKAGE_VERSION "1.11"
#define PACKAGE_STRING "potrace 1.11"
#define PACKAGE_BUGREPORT "selinger at users.sourceforge.net"
#define PACKAGE_URL ""
#define PACKAGE "potrace"
#define VERSION "1.11"
#define POTRACE "potrace"
#define MKBITMAP "mkbitmap"
#define STDC_HEADERS 1
#define HAVE_SYS_TYPES_H 1
#define HAVE_SYS_STAT_H 1
#define HAVE_STDLIB_H 1
#define HAVE_STRING_H 1
#define HAVE_MEMORY_H 1
#define HAVE_STRINGS_H 1
#define HAVE_INTTYPES_H 1
#define HAVE_STDINT_H 1
#define HAVE_UNISTD_H 1
#define HAVE_DLFCN_H 1
#define LT_OBJDIR ".libs/"
#define HAVE_GCC_LOOP_BUG /**/
#define HAVE_ZLIB /**/
#define HAVE_I386 /**/

configure: exit 0
