This file contains any messages produced by compilers while
running configure, to aid debugging if configure makes a mistake.

It was created by osra configure 2.0.0, which was
generated by GNU Autoconf 2.68.  Invocation command line was

  $ ./configure 

## --------- ##
## Platform. ##
## --------- ##

hostname = hanshorn
uname -m = i686
uname -r = 1.7.27(0.271/5/3)
uname -s = CYGWIN_NT-6.3-WOW64
uname -v = 2013-12-07 16:27

/usr/bin/uname -p = unknown
/bin/uname -X     = unknown

/bin/arch              = i686
/usr/bin/arch -k       = unknown
/usr/convex/getsysinfo = unknown
/usr/bin/hostinfo      = unknown
/bin/machine           = unknown
/usr/bin/oslevel       = unknown
/bin/universe          = unknown

PATH: ./
PATH: /Projects/Applications/gamess_2012R1/gmsbin
PATH: ./
PATH: /Projects/Mulliken
PATH: /Projects/Mulliken/build_cygwin_pentium4_gfc/bintest26
PATH: /Projects/Mulliken/src/general/scripts
PATH: /Projects/Mulliken/maketools
PATH: /etc/alternatives
PATH: .
PATH: /Projects/Java_WIN/bin
PATH: /Projects/Java_WIN/ant/bin
PATH: /Projects/fFLASH/FF_Java/buildtools
PATH: /Projects/Java_WIN/buildtools
PATH: /Projects/fFLASH/bin
PATH: /Projects/fFLASH/FF_Scripts
PATH: /Projects/fFLASH/FF_Scripts/mysql
PATH: /Projects/fFLASH/FF_C++/build_mingw/bin
PATH: /Projects/fFLASH/FF_C++/buildtools
PATH: /Projects/fFLASH/FF_C++/build_mingw/makefiles
PATH: /c/PROGRA~1/MySQL/MYSQLS~1.0/BIN
PATH: ./
PATH: /usr/local/bin
PATH: /usr/bin
PATH: /Projects/Java_WIN/ExcelsiorJet/bin
PATH: /Projects/Documents/AMD APP/bin/x86_64
PATH: /Projects/Documents/AMD APP/bin/x86
PATH: /c/PROGRAM FILES (X86)/AMD APP/BIN/X86_64
PATH: /c/PROGRAM FILES (X86)/AMD APP/BIN/X86
PATH: /c/PROGRAM FILES/MICROSOFT HPC PACK 2008 R2/BIN
PATH: /c/Program Files (x86)/Common Files/Intel/Shared Libraries/REDIST/INTEL64/MPIRT
PATH: /c/Program Files (x86)/Common Files/Intel/Shared Libraries/REDIST/INTEL64/COMPILER
PATH: /Projects/Java_WIN
PATH: /d/PROJECTS/FFLASH/FF_JAVA/LIB
PATH: /c/CYGWIN/USR/I686-W64-MINGW32/SYS-ROOT/MINGW/BIN
PATH: /d/PROJECTS/JAVA_WIN/JRE/BIN
PATH: /d/PROJECTS/JAVA_WIN/BIN
PATH: /c/PROGRAM FILES (X86)/ATI STREAM/BIN/X86
PATH: /c/PROGRAM FILES (X86)/ATI STREAM/BIN/X86_64
PATH: /c/WINDOWS/SYSTEM32
PATH: /c/WINDOWS
PATH: /c/WINDOWS/SYSTEM32/WBEM
PATH: /c/WINDOWS/SYSTEM32/WINDOWSPOWERSHELL/V1.0
PATH: /c/PROGRAM FILES (X86)/ATI TECHNOLOGIES/ATI.ACE/CORE-STATIC
PATH: /c/PROGRAM FILES/MATLAB/R2011B/BIN
PATH: /c/PROGRAM FILES/MYSQL/MYSQL SERVER 5.5/BIN
PATH: /c/Program Files (x86)/Mozilla Firefox
PATH: /Projects/Applications/OpenBabel
PATH: /Projects/Java/jre/bin
PATH: /Projects/fFLASH/FF_Java/lib
PATH: /bin
PATH: /Projects/Java/bin
PATH: /Projects/Tools
PATH: /Projects/Tools/ftnchek/Understand2/bin/pc-win32
PATH: /Projects/Tools/WIN
PATH: /Projects/Tools/WIN/UltraEdit
PATH: /Projects/Tools/WIN/UEStudio
PATH: /Projects/Tools/WIN/SecureShellClient
PATH: /Projects/Applications/Python
PATH: /Projects/Applications/OpenMM/lib
PATH: /Projects/Applications/OpenMM/lib/plugins
PATH: /usr/lib/lapack
PATH: /Projects/lwc/scripts
PATH: /Projects/Tools/comma


## ----------- ##
## Core tests. ##
## ----------- ##

configure:2175: checking build system type
configure:2189: result: i686-pc-cygwin
configure:2230: checking for ld
configure:2248: found /usr/bin/ld
configure:2260: result: /usr/bin/ld
configure:2268: checking if ld (/usr/bin/ld) is GNU ld
configure:2340: checking for g++
configure:2356: found /usr/bin/g++
configure:2367: result: g++
configure:2394: checking for C++ compiler version
configure:2403: g++ --version >&5
g++ (GCC) 4.8.2
Copyright (C) 2013 Free Software Foundation, Inc.
This is free software; see the source for copying conditions.  There is NO
warranty; not even for MERCHANTABILITY or FITNESS FOR A PARTICULAR PURPOSE.

configure:2414: $? = 0
configure:2403: g++ -v >&5
Using built-in specs.
COLLECT_GCC=g++
COLLECT_LTO_WRAPPER=/usr/lib/gcc/i686-pc-cygwin/4.8.2/lto-wrapper.exe
Target: i686-pc-cygwin
Configured with: /cygdrive/i/szsz/tmpp/gcc4/gcc-4.8.2-2/src/gcc-4.8.2/configure --srcdir=/cygdrive/i/szsz/tmpp/gcc4/gcc-4.8.2-2/src/gcc-4.8.2 --prefix=/usr --exec-prefix=/usr --bindir=/usr/bin --sbindir=/usr/sbin --libexecdir=/usr/libexec --datadir=/usr/share --localstatedir=/var --sysconfdir=/etc --libdir=/usr/lib --datarootdir=/usr/share --docdir=/usr/share/doc/gcc --htmldir=/usr/share/doc/gcc/html -C --build=i686-pc-cygwin --host=i686-pc-cygwin --target=i686-pc-cygwin --without-libiconv-prefix --without-libintl-prefix --enable-shared --enable-shared-libgcc --enable-static --enable-version-specific-runtime-libs --enable-bootstrap --disable-__cxa_atexit --with-dwarf2 --with-arch=i686 --with-tune=generic --disable-sjlj-exceptions --enable-languages=ada,c,c++,fortran,java,lto,objc,obj-c++ --enable-graphite --enable-threads=posix --enable-libatomic --enable-libgomp --disable-libitm --enable-libquadmath --enable-libquadmath-support --enable-libssp --enable-libada --enable-libjava --enable-libgcj-sublibs --disable-java-awt --disable-symvers --with-ecj-jar=/usr/share/java/ecj.jar --with-gnu-ld --with-gnu-as --with-cloog-include=/usr/include/cloog-isl --without-libiconv-prefix --without-libintl-prefix --with-system-zlib --libexecdir=/usr/lib
Thread model: posix
gcc version 4.8.2 (GCC) 
configure:2414: $? = 0
configure:2403: g++ -V >&5
g++: error: unrecognized command line option '-V'
g++: fatal error: no input files
compilation terminated.
configure:2414: $? = 1
configure:2403: g++ -qversion >&5
g++: error: unrecognized command line option '-qversion'
g++: fatal error: no input files
compilation terminated.
configure:2414: $? = 1
configure:2434: checking whether the C++ compiler works
configure:2456: g++    conftest.cpp  >&5
configure:2460: $? = 0
configure:2508: result: yes
configure:2511: checking for C++ compiler default output file name
configure:2513: result: a.exe
configure:2519: checking for suffix of executables
configure:2526: g++ -o conftest.exe    conftest.cpp  >&5
configure:2530: $? = 0
configure:2552: result: .exe
configure:2574: checking whether we are cross compiling
configure:2582: g++ -o conftest.exe    conftest.cpp  >&5
configure:2586: $? = 0
configure:2593: ./conftest.exe
configure:2597: $? = 0
configure:2612: result: no
configure:2617: checking for suffix of object files
configure:2639: g++ -c   conftest.cpp >&5
configure:2643: $? = 0
configure:2664: result: o
configure:2668: checking whether we are using the GNU C++ compiler
configure:2687: g++ -c   conftest.cpp >&5
configure:2687: $? = 0
configure:2696: result: yes
configure:2705: checking whether g++ accepts -g
configure:2725: g++ -c -g  conftest.cpp >&5
configure:2725: $? = 0
configure:2766: result: yes
configure:2790: checking whether the compiler implements namespaces
configure:2813: g++ -c -g -O2  conftest.cpp >&5
configure:2813: $? = 0
configure:2827: result: yes
configure:2835: checking whether the compiler supports Standard Template Library
configure:2864: g++ -c -g -O2  conftest.cpp >&5
configure:2864: $? = 0
configure:2878: result: yes
configure:3006: checking for C++ compiler version
configure:3015: g++ --version >&5
g++ (GCC) 4.8.2
Copyright (C) 2013 Free Software Foundation, Inc.
This is free software; see the source for copying conditions.  There is NO
warranty; not even for MERCHANTABILITY or FITNESS FOR A PARTICULAR PURPOSE.

configure:3026: $? = 0
configure:3015: g++ -v >&5
Using built-in specs.
COLLECT_GCC=g++
COLLECT_LTO_WRAPPER=/usr/lib/gcc/i686-pc-cygwin/4.8.2/lto-wrapper.exe
Target: i686-pc-cygwin
Configured with: /cygdrive/i/szsz/tmpp/gcc4/gcc-4.8.2-2/src/gcc-4.8.2/configure --srcdir=/cygdrive/i/szsz/tmpp/gcc4/gcc-4.8.2-2/src/gcc-4.8.2 --prefix=/usr --exec-prefix=/usr --bindir=/usr/bin --sbindir=/usr/sbin --libexecdir=/usr/libexec --datadir=/usr/share --localstatedir=/var --sysconfdir=/etc --libdir=/usr/lib --datarootdir=/usr/share --docdir=/usr/share/doc/gcc --htmldir=/usr/share/doc/gcc/html -C --build=i686-pc-cygwin --host=i686-pc-cygwin --target=i686-pc-cygwin --without-libiconv-prefix --without-libintl-prefix --enable-shared --enable-shared-libgcc --enable-static --enable-version-specific-runtime-libs --enable-bootstrap --disable-__cxa_atexit --with-dwarf2 --with-arch=i686 --with-tune=generic --disable-sjlj-exceptions --enable-languages=ada,c,c++,fortran,java,lto,objc,obj-c++ --enable-graphite --enable-threads=posix --enable-libatomic --enable-libgomp --disable-libitm --enable-libquadmath --enable-libquadmath-support --enable-libssp --enable-libada --enable-libjava --enable-libgcj-sublibs --disable-java-awt --disable-symvers --with-ecj-jar=/usr/share/java/ecj.jar --with-gnu-ld --with-gnu-as --with-cloog-include=/usr/include/cloog-isl --without-libiconv-prefix --without-libintl-prefix --with-system-zlib --libexecdir=/usr/lib
Thread model: posix
gcc version 4.8.2 (GCC) 
configure:3026: $? = 0
configure:3015: g++ -V >&5
g++: error: unrecognized command line option '-V'
g++: fatal error: no input files
compilation terminated.
configure:3026: $? = 1
configure:3015: g++ -qversion >&5
g++: error: unrecognized command line option '-qversion'
g++: fatal error: no input files
compilation terminated.
configure:3026: $? = 1
configure:3030: checking whether we are using the GNU C++ compiler
configure:3058: result: yes
configure:3067: checking whether g++ accepts -g
configure:3128: result: yes
configure:3153: checking for rm
configure:3171: found /usr/bin/rm
configure:3183: result: /usr/bin/rm
configure:3191: checking whether ln -s works
configure:3195: result: yes
configure:3216: checking for a BSD-compatible install
configure:3284: result: /usr/bin/install -c
configure:3297: checking for ar
configure:3315: found /usr/bin/ar
configure:3327: result: /usr/bin/ar
configure:3378: checking for ranlib
configure:3394: found /usr/bin/ranlib
configure:3405: result: ranlib
configure:3723: checking how to run the C++ preprocessor
configure:3750: g++ -E -I/usr/local/include  conftest.cpp
configure:3750: $? = 0
configure:3764: g++ -E -I/usr/local/include  conftest.cpp
conftest.cpp:11:28: fatal error: ac_nonexistent.h: No such file or directory
 #include <ac_nonexistent.h>
                            ^
compilation terminated.
configure:3764: $? = 1
configure: failed program was:
| /* confdefs.h */
| #define PACKAGE_NAME "osra"
| #define PACKAGE_TARNAME "osra"
| #define PACKAGE_VERSION "2.0.0"
| #define PACKAGE_STRING "osra 2.0.0"
| #define PACKAGE_BUGREPORT ""
| #define PACKAGE_URL ""
| #define HAVE_NAMESPACES /**/
| #define HAVE_STL /**/
| /* end confdefs.h.  */
| #include <ac_nonexistent.h>
configure:3789: result: g++ -E
configure:3809: g++ -E -I/usr/local/include  conftest.cpp
configure:3809: $? = 0
configure:3823: g++ -E -I/usr/local/include  conftest.cpp
conftest.cpp:11:28: fatal error: ac_nonexistent.h: No such file or directory
 #include <ac_nonexistent.h>
                            ^
compilation terminated.
configure:3823: $? = 1
configure: failed program was:
| /* confdefs.h */
| #define PACKAGE_NAME "osra"
| #define PACKAGE_TARNAME "osra"
| #define PACKAGE_VERSION "2.0.0"
| #define PACKAGE_STRING "osra 2.0.0"
| #define PACKAGE_BUGREPORT ""
| #define PACKAGE_URL ""
| #define HAVE_NAMESPACES /**/
| #define HAVE_STL /**/
| /* end confdefs.h.  */
| #include <ac_nonexistent.h>
configure:3852: checking for grep that handles long lines and -e
configure:3910: result: /usr/bin/grep
configure:3915: checking for egrep
configure:3977: result: /usr/bin/grep -E
configure:3982: checking for ANSI C header files
configure:4002: g++ -c -g -O2 -I/usr/local/include  conftest.cpp >&5
configure:4002: $? = 0
configure:4075: g++ -o conftest.exe -g -O2 -I/usr/local/include  -L/usr/local/lib  conftest.cpp  >&5
configure:4075: $? = 0
configure:4075: ./conftest.exe
configure:4075: $? = 0
configure:4086: result: yes
configure:4099: checking for sys/types.h
configure:4099: g++ -c -g -O2 -I/usr/local/include  conftest.cpp >&5
configure:4099: $? = 0
configure:4099: result: yes
configure:4099: checking for sys/stat.h
configure:4099: g++ -c -g -O2 -I/usr/local/include  conftest.cpp >&5
configure:4099: $? = 0
configure:4099: result: yes
configure:4099: checking for stdlib.h
configure:4099: g++ -c -g -O2 -I/usr/local/include  conftest.cpp >&5
configure:4099: $? = 0
configure:4099: result: yes
configure:4099: checking for string.h
configure:4099: g++ -c -g -O2 -I/usr/local/include  conftest.cpp >&5
configure:4099: $? = 0
configure:4099: result: yes
configure:4099: checking for memory.h
configure:4099: g++ -c -g -O2 -I/usr/local/include  conftest.cpp >&5
configure:4099: $? = 0
configure:4099: result: yes
configure:4099: checking for strings.h
configure:4099: g++ -c -g -O2 -I/usr/local/include  conftest.cpp >&5
configure:4099: $? = 0
configure:4099: result: yes
configure:4099: checking for inttypes.h
configure:4099: g++ -c -g -O2 -I/usr/local/include  conftest.cpp >&5
configure:4099: $? = 0
configure:4099: result: yes
configure:4099: checking for stdint.h
configure:4099: g++ -c -g -O2 -I/usr/local/include  conftest.cpp >&5
configure:4099: $? = 0
configure:4099: result: yes
configure:4099: checking for unistd.h
configure:4099: g++ -c -g -O2 -I/usr/local/include  conftest.cpp >&5
configure:4099: $? = 0
configure:4099: result: yes
configure:4205: checking tclap/CmdLine.h usability
configure:4205: g++ -c -g -O2 -I/usr/local/include  conftest.cpp >&5
configure:4205: $? = 0
configure:4205: result: yes
configure:4205: checking tclap/CmdLine.h presence
configure:4205: g++ -E -I/usr/local/include  conftest.cpp
configure:4205: $? = 0
configure:4205: result: yes
configure:4205: checking for tclap/CmdLine.h
configure:4205: result: yes
configure:4388: checking potracelib.h usability
configure:4388: g++ -c -g -O2 -I/usr/local/include  conftest.cpp >&5
configure:4388: $? = 0
configure:4388: result: yes
configure:4388: checking potracelib.h presence
configure:4388: g++ -E -I/usr/local/include  conftest.cpp
configure:4388: $? = 0
configure:4388: result: yes
configure:4388: checking for potracelib.h
configure:4388: result: yes
configure:4571: checking pgm2asc.h usability
configure:4571: g++ -c -g -O2 -I/usr/local/include  conftest.cpp >&5
conftest.cpp:56:21: fatal error: pgm2asc.h: No such file or directory
 #include <pgm2asc.h>
                     ^
compilation terminated.
configure:4571: $? = 1
configure: failed program was:
| /* confdefs.h */
| #define PACKAGE_NAME "osra"
| #define PACKAGE_TARNAME "osra"
| #define PACKAGE_VERSION "2.0.0"
| #define PACKAGE_STRING "osra 2.0.0"
| #define PACKAGE_BUGREPORT ""
| #define PACKAGE_URL ""
| #define HAVE_NAMESPACES /**/
| #define HAVE_STL /**/
| #define STDC_HEADERS 1
| #define HAVE_SYS_TYPES_H 1
| #define HAVE_SYS_STAT_H 1
| #define HAVE_STDLIB_H 1
| #define HAVE_STRING_H 1
| #define HAVE_MEMORY_H 1
| #define HAVE_STRINGS_H 1
| #define HAVE_INTTYPES_H 1
| #define HAVE_STDINT_H 1
| #define HAVE_UNISTD_H 1
| #define HAVE_TCLAP_CMDLINE_H 1
| #define HAVE_POTRACELIB_H 1
| /* end confdefs.h.  */
| #include <stdio.h>
| #ifdef HAVE_SYS_TYPES_H
| # include <sys/types.h>
| #endif
| #ifdef HAVE_SYS_STAT_H
| # include <sys/stat.h>
| #endif
| #ifdef STDC_HEADERS
| # include <stdlib.h>
| # include <stddef.h>
| #else
| # ifdef HAVE_STDLIB_H
| #  include <stdlib.h>
| # endif
| #endif
| #ifdef HAVE_STRING_H
| # if !defined STDC_HEADERS && defined HAVE_MEMORY_H
| #  include <memory.h>
| # endif
| # include <string.h>
| #endif
| #ifdef HAVE_STRINGS_H
| # include <strings.h>
| #endif
| #ifdef HAVE_INTTYPES_H
| # include <inttypes.h>
| #endif
| #ifdef HAVE_STDINT_H
| # include <stdint.h>
| #endif
| #ifdef HAVE_UNISTD_H
| # include <unistd.h>
| #endif
| #include <pgm2asc.h>
configure:4571: result: no
configure:4571: checking pgm2asc.h presence
configure:4571: g++ -E -I/usr/local/include  conftest.cpp
conftest.cpp:23:21: fatal error: pgm2asc.h: No such file or directory
 #include <pgm2asc.h>
                     ^
compilation terminated.
configure:4571: $? = 1
configure: failed program was:
| /* confdefs.h */
| #define PACKAGE_NAME "osra"
| #define PACKAGE_TARNAME "osra"
| #define PACKAGE_VERSION "2.0.0"
| #define PACKAGE_STRING "osra 2.0.0"
| #define PACKAGE_BUGREPORT ""
| #define PACKAGE_URL ""
| #define HAVE_NAMESPACES /**/
| #define HAVE_STL /**/
| #define STDC_HEADERS 1
| #define HAVE_SYS_TYPES_H 1
| #define HAVE_SYS_STAT_H 1
| #define HAVE_STDLIB_H 1
| #define HAVE_STRING_H 1
| #define HAVE_MEMORY_H 1
| #define HAVE_STRINGS_H 1
| #define HAVE_INTTYPES_H 1
| #define HAVE_STDINT_H 1
| #define HAVE_UNISTD_H 1
| #define HAVE_TCLAP_CMDLINE_H 1
| #define HAVE_POTRACELIB_H 1
| /* end confdefs.h.  */
| #include <pgm2asc.h>
configure:4571: result: no
configure:4571: checking for pgm2asc.h
configure:4571: result: no
configure:4677: checking gocr for pgm2asc.h in /usr/include/gocr
configure:4680: CPPFLAGS="-I/usr/include/gocr -I/usr/local/include " for custom location check
configure:4684: checking pgm2asc.h usability
configure:4684: g++ -c -g -O2 -I/usr/include/gocr -I/usr/local/include  conftest.cpp >&5
conftest.cpp:56:21: fatal error: pgm2asc.h: No such file or directory
 #include <pgm2asc.h>
                     ^
compilation terminated.
configure:4684: $? = 1
configure: failed program was:
| /* confdefs.h */
| #define PACKAGE_NAME "osra"
| #define PACKAGE_TARNAME "osra"
| #define PACKAGE_VERSION "2.0.0"
| #define PACKAGE_STRING "osra 2.0.0"
| #define PACKAGE_BUGREPORT ""
| #define PACKAGE_URL ""
| #define HAVE_NAMESPACES /**/
| #define HAVE_STL /**/
| #define STDC_HEADERS 1
| #define HAVE_SYS_TYPES_H 1
| #define HAVE_SYS_STAT_H 1
| #define HAVE_STDLIB_H 1
| #define HAVE_STRING_H 1
| #define HAVE_MEMORY_H 1
| #define HAVE_STRINGS_H 1
| #define HAVE_INTTYPES_H 1
| #define HAVE_STDINT_H 1
| #define HAVE_UNISTD_H 1
| #define HAVE_TCLAP_CMDLINE_H 1
| #define HAVE_POTRACELIB_H 1
| /* end confdefs.h.  */
| #include <stdio.h>
| #ifdef HAVE_SYS_TYPES_H
| # include <sys/types.h>
| #endif
| #ifdef HAVE_SYS_STAT_H
| # include <sys/stat.h>
| #endif
| #ifdef STDC_HEADERS
| # include <stdlib.h>
| # include <stddef.h>
| #else
| # ifdef HAVE_STDLIB_H
| #  include <stdlib.h>
| # endif
| #endif
| #ifdef HAVE_STRING_H
| # if !defined STDC_HEADERS && defined HAVE_MEMORY_H
| #  include <memory.h>
| # endif
| # include <string.h>
| #endif
| #ifdef HAVE_STRINGS_H
| # include <strings.h>
| #endif
| #ifdef HAVE_INTTYPES_H
| # include <inttypes.h>
| #endif
| #ifdef HAVE_STDINT_H
| # include <stdint.h>
| #endif
| #ifdef HAVE_UNISTD_H
| # include <unistd.h>
| #endif
| #include <pgm2asc.h>
configure:4684: result: no
configure:4684: checking pgm2asc.h presence
configure:4684: g++ -E -I/usr/include/gocr -I/usr/local/include  conftest.cpp
conftest.cpp:23:21: fatal error: pgm2asc.h: No such file or directory
 #include <pgm2asc.h>
                     ^
compilation terminated.
configure:4684: $? = 1
configure: failed program was:
| /* confdefs.h */
| #define PACKAGE_NAME "osra"
| #define PACKAGE_TARNAME "osra"
| #define PACKAGE_VERSION "2.0.0"
| #define PACKAGE_STRING "osra 2.0.0"
| #define PACKAGE_BUGREPORT ""
| #define PACKAGE_URL ""
| #define HAVE_NAMESPACES /**/
| #define HAVE_STL /**/
| #define STDC_HEADERS 1
| #define HAVE_SYS_TYPES_H 1
| #define HAVE_SYS_STAT_H 1
| #define HAVE_STDLIB_H 1
| #define HAVE_STRING_H 1
| #define HAVE_MEMORY_H 1
| #define HAVE_STRINGS_H 1
| #define HAVE_INTTYPES_H 1
| #define HAVE_STDINT_H 1
| #define HAVE_UNISTD_H 1
| #define HAVE_TCLAP_CMDLINE_H 1
| #define HAVE_POTRACELIB_H 1
| /* end confdefs.h.  */
| #include <pgm2asc.h>
configure:4684: result: no
configure:4684: checking for pgm2asc.h
configure:4684: result: no
configure:4677: checking gocr for pgm2asc.h in /usr/local/include/gocr
configure:4680: CPPFLAGS="-I/usr/local/include/gocr -I/usr/local/include " for custom location check
configure:4684: checking pgm2asc.h usability
configure:4684: g++ -c -g -O2 -I/usr/local/include/gocr -I/usr/local/include  conftest.cpp >&5
configure:4684: $? = 0
configure:4684: result: yes
configure:4684: checking pgm2asc.h presence
configure:4684: g++ -E -I/usr/local/include/gocr -I/usr/local/include  conftest.cpp
configure:4684: $? = 0
configure:4684: result: yes
configure:4684: checking for pgm2asc.h
configure:4684: result: yes
configure:4754: checking ocradlib.h usability
configure:4754: g++ -c -g -O2 -I/usr/local/include/gocr -I/usr/local/include  conftest.cpp >&5
configure:4754: $? = 0
configure:4754: result: yes
configure:4754: checking ocradlib.h presence
configure:4754: g++ -E -I/usr/local/include/gocr -I/usr/local/include  conftest.cpp
configure:4754: $? = 0
configure:4754: result: yes
configure:4754: checking for ocradlib.h
configure:4754: result: yes
configure:5333: checking openbabel/mol.h usability
configure:5333: g++ -c -g -O2 -I/usr/local/include/gocr -I/usr/local/include  conftest.cpp >&5
conftest.cpp:58:27: fatal error: openbabel/mol.h: No such file or directory
 #include <openbabel/mol.h>
                           ^
compilation terminated.
configure:5333: $? = 1
configure: failed program was:
| /* confdefs.h */
| #define PACKAGE_NAME "osra"
| #define PACKAGE_TARNAME "osra"
| #define PACKAGE_VERSION "2.0.0"
| #define PACKAGE_STRING "osra 2.0.0"
| #define PACKAGE_BUGREPORT ""
| #define PACKAGE_URL ""
| #define HAVE_NAMESPACES /**/
| #define HAVE_STL /**/
| #define STDC_HEADERS 1
| #define HAVE_SYS_TYPES_H 1
| #define HAVE_SYS_STAT_H 1
| #define HAVE_STDLIB_H 1
| #define HAVE_STRING_H 1
| #define HAVE_MEMORY_H 1
| #define HAVE_STRINGS_H 1
| #define HAVE_INTTYPES_H 1
| #define HAVE_STDINT_H 1
| #define HAVE_UNISTD_H 1
| #define HAVE_TCLAP_CMDLINE_H 1
| #define HAVE_POTRACELIB_H 1
| #define HAVE_PGM2ASC_H 1
| #define HAVE_OCRADLIB_H 1
| /* end confdefs.h.  */
| #include <stdio.h>
| #ifdef HAVE_SYS_TYPES_H
| # include <sys/types.h>
| #endif
| #ifdef HAVE_SYS_STAT_H
| # include <sys/stat.h>
| #endif
| #ifdef STDC_HEADERS
| # include <stdlib.h>
| # include <stddef.h>
| #else
| # ifdef HAVE_STDLIB_H
| #  include <stdlib.h>
| # endif
| #endif
| #ifdef HAVE_STRING_H
| # if !defined STDC_HEADERS && defined HAVE_MEMORY_H
| #  include <memory.h>
| # endif
| # include <string.h>
| #endif
| #ifdef HAVE_STRINGS_H
| # include <strings.h>
| #endif
| #ifdef HAVE_INTTYPES_H
| # include <inttypes.h>
| #endif
| #ifdef HAVE_STDINT_H
| # include <stdint.h>
| #endif
| #ifdef HAVE_UNISTD_H
| # include <unistd.h>
| #endif
| #include <openbabel/mol.h>
configure:5333: result: no
configure:5333: checking openbabel/mol.h presence
configure:5333: g++ -E -I/usr/local/include/gocr -I/usr/local/include  conftest.cpp
conftest.cpp:25:27: fatal error: openbabel/mol.h: No such file or directory
 #include <openbabel/mol.h>
                           ^
compilation terminated.
configure:5333: $? = 1
configure: failed program was:
| /* confdefs.h */
| #define PACKAGE_NAME "osra"
| #define PACKAGE_TARNAME "osra"
| #define PACKAGE_VERSION "2.0.0"
| #define PACKAGE_STRING "osra 2.0.0"
| #define PACKAGE_BUGREPORT ""
| #define PACKAGE_URL ""
| #define HAVE_NAMESPACES /**/
| #define HAVE_STL /**/
| #define STDC_HEADERS 1
| #define HAVE_SYS_TYPES_H 1
| #define HAVE_SYS_STAT_H 1
| #define HAVE_STDLIB_H 1
| #define HAVE_STRING_H 1
| #define HAVE_MEMORY_H 1
| #define HAVE_STRINGS_H 1
| #define HAVE_INTTYPES_H 1
| #define HAVE_STDINT_H 1
| #define HAVE_UNISTD_H 1
| #define HAVE_TCLAP_CMDLINE_H 1
| #define HAVE_POTRACELIB_H 1
| #define HAVE_PGM2ASC_H 1
| #define HAVE_OCRADLIB_H 1
| /* end confdefs.h.  */
| #include <openbabel/mol.h>
configure:5333: result: no
configure:5333: checking for openbabel/mol.h
configure:5333: result: no
configure:5333: checking openbabel/obconversion.h usability
configure:5333: g++ -c -g -O2 -I/usr/local/include/gocr -I/usr/local/include  conftest.cpp >&5
conftest.cpp:58:36: fatal error: openbabel/obconversion.h: No such file or directory
 #include <openbabel/obconversion.h>
                                    ^
compilation terminated.
configure:5333: $? = 1
configure: failed program was:
| /* confdefs.h */
| #define PACKAGE_NAME "osra"
| #define PACKAGE_TARNAME "osra"
| #define PACKAGE_VERSION "2.0.0"
| #define PACKAGE_STRING "osra 2.0.0"
| #define PACKAGE_BUGREPORT ""
| #define PACKAGE_URL ""
| #define HAVE_NAMESPACES /**/
| #define HAVE_STL /**/
| #define STDC_HEADERS 1
| #define HAVE_SYS_TYPES_H 1
| #define HAVE_SYS_STAT_H 1
| #define HAVE_STDLIB_H 1
| #define HAVE_STRING_H 1
| #define HAVE_MEMORY_H 1
| #define HAVE_STRINGS_H 1
| #define HAVE_INTTYPES_H 1
| #define HAVE_STDINT_H 1
| #define HAVE_UNISTD_H 1
| #define HAVE_TCLAP_CMDLINE_H 1
| #define HAVE_POTRACELIB_H 1
| #define HAVE_PGM2ASC_H 1
| #define HAVE_OCRADLIB_H 1
| /* end confdefs.h.  */
| #include <stdio.h>
| #ifdef HAVE_SYS_TYPES_H
| # include <sys/types.h>
| #endif
| #ifdef HAVE_SYS_STAT_H
| # include <sys/stat.h>
| #endif
| #ifdef STDC_HEADERS
| # include <stdlib.h>
| # include <stddef.h>
| #else
| # ifdef HAVE_STDLIB_H
| #  include <stdlib.h>
| # endif
| #endif
| #ifdef HAVE_STRING_H
| # if !defined STDC_HEADERS && defined HAVE_MEMORY_H
| #  include <memory.h>
| # endif
| # include <string.h>
| #endif
| #ifdef HAVE_STRINGS_H
| # include <strings.h>
| #endif
| #ifdef HAVE_INTTYPES_H
| # include <inttypes.h>
| #endif
| #ifdef HAVE_STDINT_H
| # include <stdint.h>
| #endif
| #ifdef HAVE_UNISTD_H
| # include <unistd.h>
| #endif
| #include <openbabel/obconversion.h>
configure:5333: result: no
configure:5333: checking openbabel/obconversion.h presence
configure:5333: g++ -E -I/usr/local/include/gocr -I/usr/local/include  conftest.cpp
conftest.cpp:25:36: fatal error: openbabel/obconversion.h: No such file or directory
 #include <openbabel/obconversion.h>
                                    ^
compilation terminated.
configure:5333: $? = 1
configure: failed program was:
| /* confdefs.h */
| #define PACKAGE_NAME "osra"
| #define PACKAGE_TARNAME "osra"
| #define PACKAGE_VERSION "2.0.0"
| #define PACKAGE_STRING "osra 2.0.0"
| #define PACKAGE_BUGREPORT ""
| #define PACKAGE_URL ""
| #define HAVE_NAMESPACES /**/
| #define HAVE_STL /**/
| #define STDC_HEADERS 1
| #define HAVE_SYS_TYPES_H 1
| #define HAVE_SYS_STAT_H 1
| #define HAVE_STDLIB_H 1
| #define HAVE_STRING_H 1
| #define HAVE_MEMORY_H 1
| #define HAVE_STRINGS_H 1
| #define HAVE_INTTYPES_H 1
| #define HAVE_STDINT_H 1
| #define HAVE_UNISTD_H 1
| #define HAVE_TCLAP_CMDLINE_H 1
| #define HAVE_POTRACELIB_H 1
| #define HAVE_PGM2ASC_H 1
| #define HAVE_OCRADLIB_H 1
| /* end confdefs.h.  */
| #include <openbabel/obconversion.h>
configure:5333: result: no
configure:5333: checking for openbabel/obconversion.h
configure:5333: result: no
configure:5333: checking openbabel/builder.h usability
configure:5333: g++ -c -g -O2 -I/usr/local/include/gocr -I/usr/local/include  conftest.cpp >&5
conftest.cpp:58:31: fatal error: openbabel/builder.h: No such file or directory
 #include <openbabel/builder.h>
                               ^
compilation terminated.
configure:5333: $? = 1
configure: failed program was:
| /* confdefs.h */
| #define PACKAGE_NAME "osra"
| #define PACKAGE_TARNAME "osra"
| #define PACKAGE_VERSION "2.0.0"
| #define PACKAGE_STRING "osra 2.0.0"
| #define PACKAGE_BUGREPORT ""
| #define PACKAGE_URL ""
| #define HAVE_NAMESPACES /**/
| #define HAVE_STL /**/
| #define STDC_HEADERS 1
| #define HAVE_SYS_TYPES_H 1
| #define HAVE_SYS_STAT_H 1
| #define HAVE_STDLIB_H 1
| #define HAVE_STRING_H 1
| #define HAVE_MEMORY_H 1
| #define HAVE_STRINGS_H 1
| #define HAVE_INTTYPES_H 1
| #define HAVE_STDINT_H 1
| #define HAVE_UNISTD_H 1
| #define HAVE_TCLAP_CMDLINE_H 1
| #define HAVE_POTRACELIB_H 1
| #define HAVE_PGM2ASC_H 1
| #define HAVE_OCRADLIB_H 1
| /* end confdefs.h.  */
| #include <stdio.h>
| #ifdef HAVE_SYS_TYPES_H
| # include <sys/types.h>
| #endif
| #ifdef HAVE_SYS_STAT_H
| # include <sys/stat.h>
| #endif
| #ifdef STDC_HEADERS
| # include <stdlib.h>
| # include <stddef.h>
| #else
| # ifdef HAVE_STDLIB_H
| #  include <stdlib.h>
| # endif
| #endif
| #ifdef HAVE_STRING_H
| # if !defined STDC_HEADERS && defined HAVE_MEMORY_H
| #  include <memory.h>
| # endif
| # include <string.h>
| #endif
| #ifdef HAVE_STRINGS_H
| # include <strings.h>
| #endif
| #ifdef HAVE_INTTYPES_H
| # include <inttypes.h>
| #endif
| #ifdef HAVE_STDINT_H
| # include <stdint.h>
| #endif
| #ifdef HAVE_UNISTD_H
| # include <unistd.h>
| #endif
| #include <openbabel/builder.h>
configure:5333: result: no
configure:5333: checking openbabel/builder.h presence
configure:5333: g++ -E -I/usr/local/include/gocr -I/usr/local/include  conftest.cpp
conftest.cpp:25:31: fatal error: openbabel/builder.h: No such file or directory
 #include <openbabel/builder.h>
                               ^
compilation terminated.
configure:5333: $? = 1
configure: failed program was:
| /* confdefs.h */
| #define PACKAGE_NAME "osra"
| #define PACKAGE_TARNAME "osra"
| #define PACKAGE_VERSION "2.0.0"
| #define PACKAGE_STRING "osra 2.0.0"
| #define PACKAGE_BUGREPORT ""
| #define PACKAGE_URL ""
| #define HAVE_NAMESPACES /**/
| #define HAVE_STL /**/
| #define STDC_HEADERS 1
| #define HAVE_SYS_TYPES_H 1
| #define HAVE_SYS_STAT_H 1
| #define HAVE_STDLIB_H 1
| #define HAVE_STRING_H 1
| #define HAVE_MEMORY_H 1
| #define HAVE_STRINGS_H 1
| #define HAVE_INTTYPES_H 1
| #define HAVE_STDINT_H 1
| #define HAVE_UNISTD_H 1
| #define HAVE_TCLAP_CMDLINE_H 1
| #define HAVE_POTRACELIB_H 1
| #define HAVE_PGM2ASC_H 1
| #define HAVE_OCRADLIB_H 1
| /* end confdefs.h.  */
| #include <openbabel/builder.h>
configure:5333: result: no
configure:5333: checking for openbabel/builder.h
configure:5333: result: no
configure:5333: checking openbabel/alias.h usability
configure:5333: g++ -c -g -O2 -I/usr/local/include/gocr -I/usr/local/include  conftest.cpp >&5
conftest.cpp:58:29: fatal error: openbabel/alias.h: No such file or directory
 #include <openbabel/alias.h>
                             ^
compilation terminated.
configure:5333: $? = 1
configure: failed program was:
| /* confdefs.h */
| #define PACKAGE_NAME "osra"
| #define PACKAGE_TARNAME "osra"
| #define PACKAGE_VERSION "2.0.0"
| #define PACKAGE_STRING "osra 2.0.0"
| #define PACKAGE_BUGREPORT ""
| #define PACKAGE_URL ""
| #define HAVE_NAMESPACES /**/
| #define HAVE_STL /**/
| #define STDC_HEADERS 1
| #define HAVE_SYS_TYPES_H 1
| #define HAVE_SYS_STAT_H 1
| #define HAVE_STDLIB_H 1
| #define HAVE_STRING_H 1
| #define HAVE_MEMORY_H 1
| #define HAVE_STRINGS_H 1
| #define HAVE_INTTYPES_H 1
| #define HAVE_STDINT_H 1
| #define HAVE_UNISTD_H 1
| #define HAVE_TCLAP_CMDLINE_H 1
| #define HAVE_POTRACELIB_H 1
| #define HAVE_PGM2ASC_H 1
| #define HAVE_OCRADLIB_H 1
| /* end confdefs.h.  */
| #include <stdio.h>
| #ifdef HAVE_SYS_TYPES_H
| # include <sys/types.h>
| #endif
| #ifdef HAVE_SYS_STAT_H
| # include <sys/stat.h>
| #endif
| #ifdef STDC_HEADERS
| # include <stdlib.h>
| # include <stddef.h>
| #else
| # ifdef HAVE_STDLIB_H
| #  include <stdlib.h>
| # endif
| #endif
| #ifdef HAVE_STRING_H
| # if !defined STDC_HEADERS && defined HAVE_MEMORY_H
| #  include <memory.h>
| # endif
| # include <string.h>
| #endif
| #ifdef HAVE_STRINGS_H
| # include <strings.h>
| #endif
| #ifdef HAVE_INTTYPES_H
| # include <inttypes.h>
| #endif
| #ifdef HAVE_STDINT_H
| # include <stdint.h>
| #endif
| #ifdef HAVE_UNISTD_H
| # include <unistd.h>
| #endif
| #include <openbabel/alias.h>
configure:5333: result: no
configure:5333: checking openbabel/alias.h presence
configure:5333: g++ -E -I/usr/local/include/gocr -I/usr/local/include  conftest.cpp
conftest.cpp:25:29: fatal error: openbabel/alias.h: No such file or directory
 #include <openbabel/alias.h>
                             ^
compilation terminated.
configure:5333: $? = 1
configure: failed program was:
| /* confdefs.h */
| #define PACKAGE_NAME "osra"
| #define PACKAGE_TARNAME "osra"
| #define PACKAGE_VERSION "2.0.0"
| #define PACKAGE_STRING "osra 2.0.0"
| #define PACKAGE_BUGREPORT ""
| #define PACKAGE_URL ""
| #define HAVE_NAMESPACES /**/
| #define HAVE_STL /**/
| #define STDC_HEADERS 1
| #define HAVE_SYS_TYPES_H 1
| #define HAVE_SYS_STAT_H 1
| #define HAVE_STDLIB_H 1
| #define HAVE_STRING_H 1
| #define HAVE_MEMORY_H 1
| #define HAVE_STRINGS_H 1
| #define HAVE_INTTYPES_H 1
| #define HAVE_STDINT_H 1
| #define HAVE_UNISTD_H 1
| #define HAVE_TCLAP_CMDLINE_H 1
| #define HAVE_POTRACELIB_H 1
| #define HAVE_PGM2ASC_H 1
| #define HAVE_OCRADLIB_H 1
| /* end confdefs.h.  */
| #include <openbabel/alias.h>
configure:5333: result: no
configure:5333: checking for openbabel/alias.h
configure:5333: result: no
configure:5440: checking openbabel for openbabel/mol.h openbabel/obconversion.h openbabel/builder.h openbabel/alias.h in /usr/include/openbabel-2.0
configure:5443: CPPFLAGS="-I/usr/include/openbabel-2.0 -I/usr/local/include/gocr -I/usr/local/include " for custom location check
configure:5448: checking openbabel/mol.h usability
configure:5448: g++ -c -g -O2 -I/usr/include/openbabel-2.0 -I/usr/local/include/gocr -I/usr/local/include  conftest.cpp >&5
configure:5448: $? = 0
configure:5448: result: yes
configure:5448: checking openbabel/mol.h presence
configure:5448: g++ -E -I/usr/include/openbabel-2.0 -I/usr/local/include/gocr -I/usr/local/include  conftest.cpp
configure:5448: $? = 0
configure:5448: result: yes
configure:5448: checking for openbabel/mol.h
configure:5448: result: yes
configure:5448: checking openbabel/obconversion.h usability
configure:5448: g++ -c -g -O2 -I/usr/include/openbabel-2.0 -I/usr/local/include/gocr -I/usr/local/include  conftest.cpp >&5
configure:5448: $? = 0
configure:5448: result: yes
configure:5448: checking openbabel/obconversion.h presence
configure:5448: g++ -E -I/usr/include/openbabel-2.0 -I/usr/local/include/gocr -I/usr/local/include  conftest.cpp
configure:5448: $? = 0
configure:5448: result: yes
configure:5448: checking for openbabel/obconversion.h
configure:5448: result: yes
configure:5448: checking openbabel/builder.h usability
configure:5448: g++ -c -g -O2 -I/usr/include/openbabel-2.0 -I/usr/local/include/gocr -I/usr/local/include  conftest.cpp >&5
configure:5448: $? = 0
configure:5448: result: yes
configure:5448: checking openbabel/builder.h presence
configure:5448: g++ -E -I/usr/include/openbabel-2.0 -I/usr/local/include/gocr -I/usr/local/include  conftest.cpp
configure:5448: $? = 0
configure:5448: result: yes
configure:5448: checking for openbabel/builder.h
configure:5448: result: yes
configure:5448: checking openbabel/alias.h usability
configure:5448: g++ -c -g -O2 -I/usr/include/openbabel-2.0 -I/usr/local/include/gocr -I/usr/local/include  conftest.cpp >&5
configure:5448: $? = 0
configure:5448: result: yes
configure:5448: checking openbabel/alias.h presence
configure:5448: g++ -E -I/usr/include/openbabel-2.0 -I/usr/local/include/gocr -I/usr/local/include  conftest.cpp
configure:5448: $? = 0
configure:5448: result: yes
configure:5448: checking for openbabel/alias.h
configure:5448: result: yes
configure:5494: checking limits.h usability
configure:5494: g++ -c -g -O2 -I/usr/include/openbabel-2.0 -I/usr/local/include/gocr -I/usr/local/include  conftest.cpp >&5
configure:5494: $? = 0
configure:5494: result: yes
configure:5494: checking limits.h presence
configure:5494: g++ -E -I/usr/include/openbabel-2.0 -I/usr/local/include/gocr -I/usr/local/include  conftest.cpp
configure:5494: $? = 0
configure:5494: result: yes
configure:5494: checking for limits.h
configure:5494: result: yes
configure:5508: g++ -c -g -O2 -I/usr/include/openbabel-2.0 -I/usr/local/include/gocr -I/usr/local/include  conftest.cpp >&5
configure:5508: $? = 0
configure:5530: checking float.h usability
configure:5530: g++ -c -g -O2 -I/usr/include/openbabel-2.0 -I/usr/local/include/gocr -I/usr/local/include  conftest.cpp >&5
configure:5530: $? = 0
configure:5530: result: yes
configure:5530: checking float.h presence
configure:5530: g++ -E -I/usr/include/openbabel-2.0 -I/usr/local/include/gocr -I/usr/local/include  conftest.cpp
configure:5530: $? = 0
configure:5530: result: yes
configure:5530: checking for float.h
configure:5530: result: yes
configure:5544: g++ -c -g -O2 -I/usr/include/openbabel-2.0 -I/usr/local/include/gocr -I/usr/local/include  conftest.cpp >&5
configure:5544: $? = 0
configure:5566: checking libgen.h usability
configure:5566: g++ -c -g -O2 -I/usr/include/openbabel-2.0 -I/usr/local/include/gocr -I/usr/local/include  conftest.cpp >&5
configure:5566: $? = 0
configure:5566: result: yes
configure:5566: checking libgen.h presence
configure:5566: g++ -E -I/usr/include/openbabel-2.0 -I/usr/local/include/gocr -I/usr/local/include  conftest.cpp
configure:5566: $? = 0
configure:5566: result: yes
configure:5566: checking for libgen.h
configure:5566: result: yes
configure:5580: g++ -c -g -O2 -I/usr/include/openbabel-2.0 -I/usr/local/include/gocr -I/usr/local/include  conftest.cpp >&5
conftest.cpp: In function 'int main()':
conftest.cpp:33:22: warning: deprecated conversion from string constant to 'char*' [-Wwrite-strings]
  char *a = dirname("");
                      ^
configure:5580: $? = 0
configure:5602: checking math.h usability
configure:5602: g++ -c -g -O2 -I/usr/include/openbabel-2.0 -I/usr/local/include/gocr -I/usr/local/include  conftest.cpp >&5
configure:5602: $? = 0
configure:5602: result: yes
configure:5602: checking math.h presence
configure:5602: g++ -E -I/usr/include/openbabel-2.0 -I/usr/local/include/gocr -I/usr/local/include  conftest.cpp
configure:5602: $? = 0
configure:5602: result: yes
configure:5602: checking for math.h
configure:5602: result: yes
configure:5612: checking for -lm
configure:5649: g++ -o conftest.exe -g -O2 -I/usr/include/openbabel-2.0 -I/usr/local/include/gocr -I/usr/local/include  -L/usr/local/lib  conftest.cpp -lm   >&5
configure:5649: $? = 0
configure:5704: result: yes
configure:5730: LIBS="-lm " after linking check succeeded
configure:5778: g++ -c -g -O2 -I/usr/include/openbabel-2.0 -I/usr/local/include/gocr -I/usr/local/include  conftest.cpp >&5
configure:5778: $? = 0
configure:5799: checking for -lpotrace
configure:5850: g++ -o conftest.exe -g -O2 -I/usr/include/openbabel-2.0 -I/usr/local/include/gocr -I/usr/local/include  -L/usr/local/lib  conftest.cpp -lpotrace  -lm  >&5
configure:5850: $? = 0
configure:5919: result: yes
configure:5945: LIBS="-lpotrace -lm " after linking check succeeded
configure:5968: checking for -locrad
configure:6018: g++ -o conftest.exe -g -O2 -I/usr/include/openbabel-2.0 -I/usr/local/include/gocr -I/usr/local/include  -L/usr/local/lib  conftest.cpp -locrad  -lpotrace -lm  >&5
configure:6018: $? = 0
configure:6086: result: yes
configure:6112: LIBS="-locrad -lpotrace -lm " after linking check succeeded
configure:6766: checking for -lopenbabel
configure:6881: g++ -o conftest.exe -g -O2 -I/usr/include/openbabel-2.0 -I/usr/local/include/gocr -I/usr/local/include  -L/usr/local/lib  conftest.cpp -lopenbabel  -locrad -lpotrace -lm  >&5
configure:6881: $? = 0
configure:7014: result: yes
configure:7040: LIBS="-lopenbabel -locrad -lpotrace -lm " after linking check succeeded
configure:7066: checking for GraphicsMagick++-config
configure:7084: found /usr/bin/GraphicsMagick++-config
configure:7096: result: /usr/bin/GraphicsMagick++-config
configure:7133: CPPFLAGS="-I/usr/include/GraphicsMagick -I/usr/include/openbabel-2.0 -I/usr/local/include/gocr -I/usr/local/include " LIBS="-lopenbabel -locrad -lpotrace -lm " after populated with GraphicsMagick++-config
configure:7163: checking Magick++.h usability
configure:7163: g++ -c -g -O2 -I/usr/include/GraphicsMagick -I/usr/include/openbabel-2.0 -I/usr/local/include/gocr -I/usr/local/include  conftest.cpp >&5
configure:7163: $? = 0
configure:7163: result: yes
configure:7163: checking Magick++.h presence
configure:7163: g++ -E -I/usr/include/GraphicsMagick -I/usr/include/openbabel-2.0 -I/usr/local/include/gocr -I/usr/local/include  conftest.cpp
configure:7163: $? = 0
configure:7163: result: yes
configure:7163: checking for Magick++.h
configure:7163: result: yes
configure:7325: checking for libs: GraphicsMagick++ GraphicsMagick
configure:7388: g++ -o conftest.exe -g -O2 -I/usr/include/GraphicsMagick -I/usr/include/openbabel-2.0 -I/usr/local/include/gocr -I/usr/local/include  -L/usr/local/lib  conftest.cpp -lGraphicsMagick -lGraphicsMagick++  -lopenbabel -locrad -lpotrace -lm  >&5
configure:7388: $? = 0
configure:7469: result: yes
configure:7495: LIBS="-lGraphicsMagick -lGraphicsMagick++ -lopenbabel -locrad -lpotrace -lm " after linking check succeeded
configure:7511: checking for library containing pnm_readpnminit
configure:7542: g++ -o conftest.exe -g -O2 -I/usr/include/GraphicsMagick -I/usr/include/openbabel-2.0 -I/usr/local/include/gocr -I/usr/local/include  -L/usr/local/lib  conftest.cpp -lGraphicsMagick -lGraphicsMagick++ -lopenbabel -locrad -lpotrace -lm  >&5
/tmp/ccK7ymAO.o: In function `main':
/Projects/Applications/osra/conftest.cpp:46: undefined reference to `pnm_readpnminit'
collect2: error: ld returned 1 exit status
configure:7542: $? = 1
configure: failed program was:
| /* confdefs.h */
| #define PACKAGE_NAME "osra"
| #define PACKAGE_TARNAME "osra"
| #define PACKAGE_VERSION "2.0.0"
| #define PACKAGE_STRING "osra 2.0.0"
| #define PACKAGE_BUGREPORT ""
| #define PACKAGE_URL ""
| #define HAVE_NAMESPACES /**/
| #define HAVE_STL /**/
| #define STDC_HEADERS 1
| #define HAVE_SYS_TYPES_H 1
| #define HAVE_SYS_STAT_H 1
| #define HAVE_STDLIB_H 1
| #define HAVE_STRING_H 1
| #define HAVE_MEMORY_H 1
| #define HAVE_STRINGS_H 1
| #define HAVE_INTTYPES_H 1
| #define HAVE_STDINT_H 1
| #define HAVE_UNISTD_H 1
| #define HAVE_TCLAP_CMDLINE_H 1
| #define HAVE_POTRACELIB_H 1
| #define HAVE_PGM2ASC_H 1
| #define HAVE_OCRADLIB_H 1
| #define HAVE_OPENBABEL_MOL_H 1
| #define HAVE_OPENBABEL_OBCONVERSION_H 1
| #define HAVE_OPENBABEL_BUILDER_H 1
| #define HAVE_OPENBABEL_ALIAS_H 1
| #define HAVE_LIBM 1
| #define HAVE_LIBPOTRACE 1
| #define HAVE_LIBOCRAD 1
| #define HAVE_LIBOPENBABEL 1
| #define HAVE_MAGICK___H 1
| #define HAVE_LIBGRAPHICSMAGICK___GRAPHICSMAGICK 1
| /* end confdefs.h.  */
| 
| /* Override any GCC internal prototype to avoid an error.
|    Use char because int might match the return type of a GCC
|    builtin and then its argument prototype would still apply.  */
| #ifdef __cplusplus
| extern "C"
| #endif
| char pnm_readpnminit ();
| int
| main ()
| {
| return pnm_readpnminit ();
|   ;
|   return 0;
| }
configure:7542: g++ -o conftest.exe -g -O2 -I/usr/include/GraphicsMagick -I/usr/include/openbabel-2.0 -I/usr/local/include/gocr -I/usr/local/include  -L/usr/local/lib  conftest.cpp -lnetpbm  -lGraphicsMagick -lGraphicsMagick++ -lopenbabel -locrad -lpotrace -lm  >&5
/usr/lib/gcc/i686-pc-cygwin/4.8.2/../../../../i686-pc-cygwin/bin/ld: cannot find -lnetpbm
collect2: error: ld returned 1 exit status
configure:7542: $? = 1
configure: failed program was:
| /* confdefs.h */
| #define PACKAGE_NAME "osra"
| #define PACKAGE_TARNAME "osra"
| #define PACKAGE_VERSION "2.0.0"
| #define PACKAGE_STRING "osra 2.0.0"
| #define PACKAGE_BUGREPORT ""
| #define PACKAGE_URL ""
| #define HAVE_NAMESPACES /**/
| #define HAVE_STL /**/
| #define STDC_HEADERS 1
| #define HAVE_SYS_TYPES_H 1
| #define HAVE_SYS_STAT_H 1
| #define HAVE_STDLIB_H 1
| #define HAVE_STRING_H 1
| #define HAVE_MEMORY_H 1
| #define HAVE_STRINGS_H 1
| #define HAVE_INTTYPES_H 1
| #define HAVE_STDINT_H 1
| #define HAVE_UNISTD_H 1
| #define HAVE_TCLAP_CMDLINE_H 1
| #define HAVE_POTRACELIB_H 1
| #define HAVE_PGM2ASC_H 1
| #define HAVE_OCRADLIB_H 1
| #define HAVE_OPENBABEL_MOL_H 1
| #define HAVE_OPENBABEL_OBCONVERSION_H 1
| #define HAVE_OPENBABEL_BUILDER_H 1
| #define HAVE_OPENBABEL_ALIAS_H 1
| #define HAVE_LIBM 1
| #define HAVE_LIBPOTRACE 1
| #define HAVE_LIBOCRAD 1
| #define HAVE_LIBOPENBABEL 1
| #define HAVE_MAGICK___H 1
| #define HAVE_LIBGRAPHICSMAGICK___GRAPHICSMAGICK 1
| /* end confdefs.h.  */
| 
| /* Override any GCC internal prototype to avoid an error.
|    Use char because int might match the return type of a GCC
|    builtin and then its argument prototype would still apply.  */
| #ifdef __cplusplus
| extern "C"
| #endif
| char pnm_readpnminit ();
| int
| main ()
| {
| return pnm_readpnminit ();
|   ;
|   return 0;
| }
configure:7542: g++ -o conftest.exe -g -O2 -I/usr/include/GraphicsMagick -I/usr/include/openbabel-2.0 -I/usr/local/include/gocr -I/usr/local/include  -L/usr/local/lib  conftest.cpp -lpnm  -lGraphicsMagick -lGraphicsMagick++ -lopenbabel -locrad -lpotrace -lm  >&5
/usr/lib/gcc/i686-pc-cygwin/4.8.2/../../../../i686-pc-cygwin/bin/ld: cannot find -lpnm
collect2: error: ld returned 1 exit status
configure:7542: $? = 1
configure: failed program was:
| /* confdefs.h */
| #define PACKAGE_NAME "osra"
| #define PACKAGE_TARNAME "osra"
| #define PACKAGE_VERSION "2.0.0"
| #define PACKAGE_STRING "osra 2.0.0"
| #define PACKAGE_BUGREPORT ""
| #define PACKAGE_URL ""
| #define HAVE_NAMESPACES /**/
| #define HAVE_STL /**/
| #define STDC_HEADERS 1
| #define HAVE_SYS_TYPES_H 1
| #define HAVE_SYS_STAT_H 1
| #define HAVE_STDLIB_H 1
| #define HAVE_STRING_H 1
| #define HAVE_MEMORY_H 1
| #define HAVE_STRINGS_H 1
| #define HAVE_INTTYPES_H 1
| #define HAVE_STDINT_H 1
| #define HAVE_UNISTD_H 1
| #define HAVE_TCLAP_CMDLINE_H 1
| #define HAVE_POTRACELIB_H 1
| #define HAVE_PGM2ASC_H 1
| #define HAVE_OCRADLIB_H 1
| #define HAVE_OPENBABEL_MOL_H 1
| #define HAVE_OPENBABEL_OBCONVERSION_H 1
| #define HAVE_OPENBABEL_BUILDER_H 1
| #define HAVE_OPENBABEL_ALIAS_H 1
| #define HAVE_LIBM 1
| #define HAVE_LIBPOTRACE 1
| #define HAVE_LIBOCRAD 1
| #define HAVE_LIBOPENBABEL 1
| #define HAVE_MAGICK___H 1
| #define HAVE_LIBGRAPHICSMAGICK___GRAPHICSMAGICK 1
| /* end confdefs.h.  */
| 
| /* Override any GCC internal prototype to avoid an error.
|    Use char because int might match the return type of a GCC
|    builtin and then its argument prototype would still apply.  */
| #ifdef __cplusplus
| extern "C"
| #endif
| char pnm_readpnminit ();
| int
| main ()
| {
| return pnm_readpnminit ();
|   ;
|   return 0;
| }
configure:7559: result: no
configure:7576: checking for -lPgm2asc
configure:7626: g++ -o conftest.exe -g -O2 -I/usr/include/GraphicsMagick -I/usr/include/openbabel-2.0 -I/usr/local/include/gocr -I/usr/local/include  -L/usr/local/lib  conftest.cpp -lPgm2asc  -lGraphicsMagick -lGraphicsMagick++ -lopenbabel -locrad -lpotrace -lm  >&5
configure:7626: $? = 0
configure:7694: result: yes
configure:7720: LIBS="-lPgm2asc -lGraphicsMagick -lGraphicsMagick++ -lopenbabel -locrad -lpotrace -lm " after linking check succeeded
configure:7904: creating ./config.status

## ---------------------- ##
## Running config.status. ##
## ---------------------- ##

This file was extended by osra config.status 2.0.0, which was
generated by GNU Autoconf 2.68.  Invocation command line was

  CONFIG_FILES    = 
  CONFIG_HEADERS  = 
  CONFIG_LINKS    = 
  CONFIG_COMMANDS = 
  $ ./config.status 

on hanshorn

config.status:860: creating Makefile
config.status:860: creating Makefile.inc
config.status:860: creating doc/manual.sgml
config.status:860: creating package/linux/osra.pc
config.status:860: creating package/linux/debian/control
config.status:860: creating package/linux/debian/rules
config.status:860: creating package/linux/suse/osra.spec
config.status:860: creating pom.xml
config.status:860: creating src/config.h
configure:9087: Now you can run "make all install" to compile and install the application.

## ---------------- ##
## Cache variables. ##
## ---------------- ##

ac_cv_build=i686-pc-cygwin
ac_cv_cxx_compiler_gnu=yes
ac_cv_cxx_have_stl=yes
ac_cv_cxx_namespaces=yes
ac_cv_env_CCC_set=
ac_cv_env_CCC_value=
ac_cv_env_CPPFLAGS_set=
ac_cv_env_CPPFLAGS_value=
ac_cv_env_CXXCPP_set=
ac_cv_env_CXXCPP_value=
ac_cv_env_CXXFLAGS_set=
ac_cv_env_CXXFLAGS_value=
ac_cv_env_CXX_set=
ac_cv_env_CXX_value=
ac_cv_env_LDFLAGS_set=
ac_cv_env_LDFLAGS_value=
ac_cv_env_LIBS_set=
ac_cv_env_LIBS_value=
ac_cv_env_build_alias_set=
ac_cv_env_build_alias_value=
ac_cv_env_host_alias_set=
ac_cv_env_host_alias_value=
ac_cv_env_target_alias_set=
ac_cv_env_target_alias_value=
ac_cv_exeext=.exe
ac_cv_header_Magickpp_h=yes
ac_cv_header_float_h=yes
ac_cv_header_inttypes_h=yes
ac_cv_header_libgen_h=yes
ac_cv_header_limits_h=yes
ac_cv_header_math_h=yes
ac_cv_header_memory_h=yes
ac_cv_header_ocradlib_h=yes
ac_cv_header_openbabel_alias_h=yes
ac_cv_header_openbabel_builder_h=yes
ac_cv_header_openbabel_mol_h=yes
ac_cv_header_openbabel_obconversion_h=yes
ac_cv_header_pgm2asc_h=yes
ac_cv_header_potracelib_h=yes
ac_cv_header_stdc=yes
ac_cv_header_stdint_h=yes
ac_cv_header_stdlib_h=yes
ac_cv_header_string_h=yes
ac_cv_header_strings_h=yes
ac_cv_header_sys_stat_h=yes
ac_cv_header_sys_types_h=yes
ac_cv_header_tclap_CmdLine_h=yes
ac_cv_header_unistd_h=yes
ac_cv_lib_GraphicsMagickpp_GraphicsMagick=yes
ac_cv_lib_Pgm2asc=yes
ac_cv_lib_m=yes
ac_cv_lib_ocrad=yes
ac_cv_lib_openbabel=yes
ac_cv_lib_potrace=yes
ac_cv_objext=o
ac_cv_path_AR=/usr/bin/ar
ac_cv_path_EGREP='/usr/bin/grep -E'
ac_cv_path_GRAPHICS_MAGICK_CONFIG=/usr/bin/GraphicsMagick++-config
ac_cv_path_GREP=/usr/bin/grep
ac_cv_path_LD=/usr/bin/ld
ac_cv_path_RM=/usr/bin/rm
ac_cv_path_install='/usr/bin/install -c'
ac_cv_prog_CXXCPP='g++ -E'
ac_cv_prog_ac_ct_CXX=g++
ac_cv_prog_ac_ct_RANLIB=ranlib
ac_cv_prog_cxx_g=yes
ac_cv_search_pnm_readpnminit=no

## ----------------- ##
## Output variables. ##
## ----------------- ##

AR='/usr/bin/ar'
CPPFLAGS='-I/usr/include/GraphicsMagick -I/usr/include/openbabel-2.0 -I/usr/local/include/gocr -I/usr/local/include '
CXX='g++'
CXXCPP='g++ -E'
CXXFLAGS='-g -O2'
DEFS='-DHAVE_CONFIG_H'
ECHO_C=''
ECHO_N='-n'
ECHO_T=''
EGREP='/usr/bin/grep -E'
EXEEXT='.exe'
GRAPHICS_MAGICK_CONFIG='/usr/bin/GraphicsMagick++-config'
GREP='/usr/bin/grep'
INSTALL_DATA='${INSTALL} -m 644'
INSTALL_PROGRAM='${INSTALL} -s'
INSTALL_SCRIPT='${INSTALL}'
LD='/usr/bin/ld'
LDFLAGS='-L/usr/local/lib '
LDSHAREDFLAGS='-shared -Wl,--kill-at -Wl,--out-implib,$@.a'
LIBOBJS=''
LIBS='-lPgm2asc -lGraphicsMagick -lGraphicsMagick++ -lopenbabel -locrad -lpotrace -lm '
LIB_MAJOR_VERSION='1'
LIB_MINOR_VERSION='0'
LIB_PATCH_VERSION='20000'
LN_S='ln -s'
LTLIBOBJS=''
NATURALDOCS=''
OBJEXT='o'
OPENMP_CXXFLAGS=''
OSRA_JAVA=''
OSRA_LIB=''
PACKAGE_BUGREPORT=''
PACKAGE_NAME='osra'
PACKAGE_STRING='osra 2.0.0'
PACKAGE_TARNAME='osra'
PACKAGE_URL=''
PACKAGE_VERSION='2.0.0'
PATH_SEPARATOR=':'
RANLIB='ranlib'
RM='/usr/bin/rm'
SHAREDEXT='.dll'
SHELL='/bin/sh'
TESSERACT_LIB=''
XSLTPROC=''
ac_ct_CXX='g++'
bindir='${exec_prefix}/bin'
build='i686-pc-cygwin'
build_alias=''
build_cpu='i686'
build_os='cygwin'
build_vendor='pc'
datadir='${prefix}/share'
datarootdir='${prefix}/share'
docdir='${prefix}/share/doc/osra'
dvidir='${docdir}'
exec_prefix='${prefix}'
host_alias=''
htmldir='${docdir}'
includedir='${prefix}/include'
infodir='${datarootdir}/info'
libdir='${exec_prefix}/lib'
libexecdir='${exec_prefix}/libexec'
localedir='${datarootdir}/locale'
localstatedir='${prefix}/var'
mandir='${datarootdir}/man'
oldincludedir='/usr/include'
pdfdir='${docdir}'
prefix='/usr/local'
program_transform_name='s,x,x,'
psdir='${docdir}'
resolved_datadir='/usr/local/share'
sbindir='${exec_prefix}/sbin'
sharedstatedir='${prefix}/com'
sysconfdir='${prefix}/etc'
target_alias=''

## ----------- ##
## confdefs.h. ##
## ----------- ##

/* confdefs.h */
#define PACKAGE_NAME "osra"
#define PACKAGE_TARNAME "osra"
#define PACKAGE_VERSION "2.0.0"
#define PACKAGE_STRING "osra 2.0.0"
#define PACKAGE_BUGREPORT ""
#define PACKAGE_URL ""
#define HAVE_NAMESPACES /**/
#define HAVE_STL /**/
#define STDC_HEADERS 1
#define HAVE_SYS_TYPES_H 1
#define HAVE_SYS_STAT_H 1
#define HAVE_STDLIB_H 1
#define HAVE_STRING_H 1
#define HAVE_MEMORY_H 1
#define HAVE_STRINGS_H 1
#define HAVE_INTTYPES_H 1
#define HAVE_STDINT_H 1
#define HAVE_UNISTD_H 1
#define HAVE_TCLAP_CMDLINE_H 1
#define HAVE_POTRACELIB_H 1
#define HAVE_PGM2ASC_H 1
#define HAVE_OCRADLIB_H 1
#define HAVE_OPENBABEL_MOL_H 1
#define HAVE_OPENBABEL_OBCONVERSION_H 1
#define HAVE_OPENBABEL_BUILDER_H 1
#define HAVE_OPENBABEL_ALIAS_H 1
#define HAVE_LIBM 1
#define HAVE_LIBPOTRACE 1
#define HAVE_LIBOCRAD 1
#define HAVE_LIBOPENBABEL 1
#define HAVE_MAGICK___H 1
#define HAVE_LIBGRAPHICSMAGICK___GRAPHICSMAGICK 1
#define HAVE_LIBPGM2ASC 1
#define DATA_DIR "/usr/local/share"

configure: exit 0
