This file contains any messages produced by compilers while
running configure, to aid debugging if configure makes a mistake.

It was created by osra configure 2.0.0, which was
generated by GNU Autoconf 2.68.  Invocation command line was

  $ ./configure 

## --------- ##
## Platform. ##
## --------- ##

hostname = linuxmint
uname -m = x86_64
uname -r = 3.5.0-17-generic
uname -s = Linux
uname -v = #28-Ubuntu SMP Tue Oct 9 19:31:23 UTC 2012

/usr/bin/uname -p = unknown
/bin/uname -X     = unknown

/bin/arch              = unknown
/usr/bin/arch -k       = unknown
/usr/convex/getsysinfo = unknown
/usr/bin/hostinfo      = unknown
/bin/machine           = unknown
/usr/bin/oslevel       = unknown
/bin/universe          = unknown

PATH: /usr/local/include
PATH: /usr/local/sbin
PATH: /usr/local/bin
PATH: /usr/sbin
PATH: /usr/bin
PATH: /sbin
PATH: /bin
PATH: /usr/games
PATH: /usr/local/games


## ----------- ##
## Core tests. ##
## ----------- ##

configure:2175: checking build system type
configure:2189: result: x86_64-unknown-linux-gnu
configure:2230: checking for ld
configure:2248: found /usr/bin/ld
configure:2260: result: /usr/bin/ld
configure:2268: checking if ld (/usr/bin/ld) is GNU ld
configure:2340: checking for g++
configure:2356: found /usr/bin/g++
configure:2367: result: g++
configure:2394: checking for C++ compiler version
configure:2403: g++ --version >&5
g++ (Ubuntu/Linaro 4.7.2-2ubuntu1) 4.7.2
Copyright (C) 2012 Free Software Foundation, Inc.
This is free software; see the source for copying conditions.  There is NO
warranty; not even for MERCHANTABILITY or FITNESS FOR A PARTICULAR PURPOSE.

configure:2414: $? = 0
configure:2403: g++ -v >&5
Using built-in specs.
COLLECT_GCC=g++
COLLECT_LTO_WRAPPER=/usr/lib/gcc/x86_64-linux-gnu/4.7/lto-wrapper
Target: x86_64-linux-gnu
Configured with: ../src/configure -v --with-pkgversion='Ubuntu/Linaro 4.7.2-2ubuntu1' --with-bugurl=file:///usr/share/doc/gcc-4.7/README.Bugs --enable-languages=c,c++,go,fortran,objc,obj-c++ --prefix=/usr --program-suffix=-4.7 --enable-shared --enable-linker-build-id --with-system-zlib --libexecdir=/usr/lib --without-included-gettext --enable-threads=posix --with-gxx-include-dir=/usr/include/c++/4.7 --libdir=/usr/lib --enable-nls --with-sysroot=/ --enable-clocale=gnu --enable-libstdcxx-debug --enable-libstdcxx-time=yes --enable-gnu-unique-object --enable-plugin --enable-objc-gc --disable-werror --with-arch-32=i686 --with-tune=generic --enable-checking=release --build=x86_64-linux-gnu --host=x86_64-linux-gnu --target=x86_64-linux-gnu
Thread model: posix
gcc version 4.7.2 (Ubuntu/Linaro 4.7.2-2ubuntu1) 
configure:2414: $? = 0
configure:2403: g++ -V >&5
g++: error: unrecognized command line option '-V'
g++: fatal error: no input files
compilation terminated.
configure:2414: $? = 4
configure:2403: g++ -qversion >&5
g++: error: unrecognized command line option '-qversion'
g++: fatal error: no input files
compilation terminated.
configure:2414: $? = 4
configure:2434: checking whether the C++ compiler works
configure:2456: g++    conftest.cpp  >&5
configure:2460: $? = 0
configure:2508: result: yes
configure:2511: checking for C++ compiler default output file name
configure:2513: result: a.out
configure:2519: checking for suffix of executables
configure:2526: g++ -o conftest    conftest.cpp  >&5
configure:2530: $? = 0
configure:2552: result: 
configure:2574: checking whether we are cross compiling
configure:2582: g++ -o conftest    conftest.cpp  >&5
configure:2586: $? = 0
configure:2593: ./conftest
configure:2597: $? = 0
configure:2612: result: no
configure:2617: checking for suffix of object files
configure:2639: g++ -c   conftest.cpp >&5
configure:2643: $? = 0
configure:2664: result: o
configure:2668: checking whether we are using the GNU C++ compiler
configure:2687: g++ -c   conftest.cpp >&5
configure:2687: $? = 0
configure:2696: result: yes
configure:2705: checking whether g++ accepts -g
configure:2725: g++ -c -g  conftest.cpp >&5
configure:2725: $? = 0
configure:2766: result: yes
configure:2790: checking whether the compiler implements namespaces
configure:2813: g++ -c -g -O2  conftest.cpp >&5
configure:2813: $? = 0
configure:2827: result: yes
configure:2835: checking whether the compiler supports Standard Template Library
configure:2864: g++ -c -g -O2  conftest.cpp >&5
configure:2864: $? = 0
configure:2878: result: yes
configure:3006: checking for C++ compiler version
configure:3015: g++ --version >&5
g++ (Ubuntu/Linaro 4.7.2-2ubuntu1) 4.7.2
Copyright (C) 2012 Free Software Foundation, Inc.
This is free software; see the source for copying conditions.  There is NO
warranty; not even for MERCHANTABILITY or FITNESS FOR A PARTICULAR PURPOSE.

configure:3026: $? = 0
configure:3015: g++ -v >&5
Using built-in specs.
COLLECT_GCC=g++
COLLECT_LTO_WRAPPER=/usr/lib/gcc/x86_64-linux-gnu/4.7/lto-wrapper
Target: x86_64-linux-gnu
Configured with: ../src/configure -v --with-pkgversion='Ubuntu/Linaro 4.7.2-2ubuntu1' --with-bugurl=file:///usr/share/doc/gcc-4.7/README.Bugs --enable-languages=c,c++,go,fortran,objc,obj-c++ --prefix=/usr --program-suffix=-4.7 --enable-shared --enable-linker-build-id --with-system-zlib --libexecdir=/usr/lib --without-included-gettext --enable-threads=posix --with-gxx-include-dir=/usr/include/c++/4.7 --libdir=/usr/lib --enable-nls --with-sysroot=/ --enable-clocale=gnu --enable-libstdcxx-debug --enable-libstdcxx-time=yes --enable-gnu-unique-object --enable-plugin --enable-objc-gc --disable-werror --with-arch-32=i686 --with-tune=generic --enable-checking=release --build=x86_64-linux-gnu --host=x86_64-linux-gnu --target=x86_64-linux-gnu
Thread model: posix
gcc version 4.7.2 (Ubuntu/Linaro 4.7.2-2ubuntu1) 
configure:3026: $? = 0
configure:3015: g++ -V >&5
g++: error: unrecognized command line option '-V'
g++: fatal error: no input files
compilation terminated.
configure:3026: $? = 4
configure:3015: g++ -qversion >&5
g++: error: unrecognized command line option '-qversion'
g++: fatal error: no input files
compilation terminated.
configure:3026: $? = 4
configure:3030: checking whether we are using the GNU C++ compiler
configure:3058: result: yes
configure:3067: checking whether g++ accepts -g
configure:3128: result: yes
configure:3153: checking for rm
configure:3171: found /bin/rm
configure:3183: result: /bin/rm
configure:3191: checking whether ln -s works
configure:3195: result: yes
configure:3216: checking for a BSD-compatible install
configure:3284: result: /usr/bin/install -c
configure:3297: checking for ar
configure:3315: found /usr/bin/ar
configure:3327: result: /usr/bin/ar
configure:3378: checking for ranlib
configure:3394: found /usr/bin/ranlib
configure:3405: result: ranlib
configure:3607: checking for g++ option to support OpenMP
configure:3622: g++ -o conftest -g -O2 -I/usr/local/include  -L/usr/local/lib  conftest.cpp  >&5
conftest.cpp:13:2: error: 'choke' does not name a type
In file included from conftest.cpp:15:0:
/usr/lib/gcc/x86_64-linux-gnu/4.7/include/omp.h:38:3: error: 'omp_lock_t' does not name a type
/usr/lib/gcc/x86_64-linux-gnu/4.7/include/omp.h:76:28: error: variable or field 'omp_init_lock' declared void
/usr/lib/gcc/x86_64-linux-gnu/4.7/include/omp.h:76:28: error: 'omp_lock_t' was not declared in this scope
/usr/lib/gcc/x86_64-linux-gnu/4.7/include/omp.h:76:40: error: expected primary-expression before ')' token
/usr/lib/gcc/x86_64-linux-gnu/4.7/include/omp.h:77:31: error: variable or field 'omp_destroy_lock' declared void
/usr/lib/gcc/x86_64-linux-gnu/4.7/include/omp.h:77:31: error: 'omp_lock_t' was not declared in this scope
/usr/lib/gcc/x86_64-linux-gnu/4.7/include/omp.h:77:43: error: expected primary-expression before ')' token
/usr/lib/gcc/x86_64-linux-gnu/4.7/include/omp.h:78:27: error: variable or field 'omp_set_lock' declared void
/usr/lib/gcc/x86_64-linux-gnu/4.7/include/omp.h:78:27: error: 'omp_lock_t' was not declared in this scope
/usr/lib/gcc/x86_64-linux-gnu/4.7/include/omp.h:78:39: error: expected primary-expression before ')' token
/usr/lib/gcc/x86_64-linux-gnu/4.7/include/omp.h:79:29: error: variable or field 'omp_unset_lock' declared void
/usr/lib/gcc/x86_64-linux-gnu/4.7/include/omp.h:79:29: error: 'omp_lock_t' was not declared in this scope
/usr/lib/gcc/x86_64-linux-gnu/4.7/include/omp.h:79:41: error: expected primary-expression before ')' token
/usr/lib/gcc/x86_64-linux-gnu/4.7/include/omp.h:80:27: error: 'omp_lock_t' was not declared in this scope
/usr/lib/gcc/x86_64-linux-gnu/4.7/include/omp.h:80:39: error: expected primary-expression before ')' token
/usr/lib/gcc/x86_64-linux-gnu/4.7/include/omp.h:80:41: error: expected ',' or ';' before 'throw'
configure:3622: $? = 1
configure: failed program was:
| /* confdefs.h */
| #define PACKAGE_NAME "osra"
| #define PACKAGE_TARNAME "osra"
| #define PACKAGE_VERSION "2.0.0"
| #define PACKAGE_STRING "osra 2.0.0"
| #define PACKAGE_BUGREPORT ""
| #define PACKAGE_URL ""
| #define HAVE_NAMESPACES /**/
| #define HAVE_STL /**/
| /* end confdefs.h.  */
| 
| #ifndef _OPENMP
|  choke me
| #endif
| #include <omp.h>
| int main () { return omp_get_num_threads (); }
| 
configure:3639: g++ -o conftest -g -O2 -fopenmp -I/usr/local/include  -L/usr/local/lib  conftest.cpp  >&5
configure:3639: $? = 0
configure:3653: result: -fopenmp
configure:3723: checking how to run the C++ preprocessor
configure:3750: g++ -E -I/usr/local/include  conftest.cpp
configure:3750: $? = 0
configure:3764: g++ -E -I/usr/local/include  conftest.cpp
conftest.cpp:11:28: fatal error: ac_nonexistent.h: No such file or directory
compilation terminated.
configure:3764: $? = 1
configure: failed program was:
| /* confdefs.h */
| #define PACKAGE_NAME "osra"
| #define PACKAGE_TARNAME "osra"
| #define PACKAGE_VERSION "2.0.0"
| #define PACKAGE_STRING "osra 2.0.0"
| #define PACKAGE_BUGREPORT ""
| #define PACKAGE_URL ""
| #define HAVE_NAMESPACES /**/
| #define HAVE_STL /**/
| /* end confdefs.h.  */
| #include <ac_nonexistent.h>
configure:3789: result: g++ -E
configure:3809: g++ -E -I/usr/local/include  conftest.cpp
configure:3809: $? = 0
configure:3823: g++ -E -I/usr/local/include  conftest.cpp
conftest.cpp:11:28: fatal error: ac_nonexistent.h: No such file or directory
compilation terminated.
configure:3823: $? = 1
configure: failed program was:
| /* confdefs.h */
| #define PACKAGE_NAME "osra"
| #define PACKAGE_TARNAME "osra"
| #define PACKAGE_VERSION "2.0.0"
| #define PACKAGE_STRING "osra 2.0.0"
| #define PACKAGE_BUGREPORT ""
| #define PACKAGE_URL ""
| #define HAVE_NAMESPACES /**/
| #define HAVE_STL /**/
| /* end confdefs.h.  */
| #include <ac_nonexistent.h>
configure:3852: checking for grep that handles long lines and -e
configure:3910: result: /bin/grep
configure:3915: checking for egrep
configure:3977: result: /bin/grep -E
configure:3982: checking for ANSI C header files
configure:4002: g++ -c -g -O2 -I/usr/local/include  conftest.cpp >&5
configure:4002: $? = 0
configure:4075: g++ -o conftest -g -O2 -I/usr/local/include  -L/usr/local/lib  conftest.cpp  >&5
configure:4075: $? = 0
configure:4075: ./conftest
configure:4075: $? = 0
configure:4086: result: yes
configure:4099: checking for sys/types.h
configure:4099: g++ -c -g -O2 -I/usr/local/include  conftest.cpp >&5
configure:4099: $? = 0
configure:4099: result: yes
configure:4099: checking for sys/stat.h
configure:4099: g++ -c -g -O2 -I/usr/local/include  conftest.cpp >&5
configure:4099: $? = 0
configure:4099: result: yes
configure:4099: checking for stdlib.h
configure:4099: g++ -c -g -O2 -I/usr/local/include  conftest.cpp >&5
configure:4099: $? = 0
configure:4099: result: yes
configure:4099: checking for string.h
configure:4099: g++ -c -g -O2 -I/usr/local/include  conftest.cpp >&5
configure:4099: $? = 0
configure:4099: result: yes
configure:4099: checking for memory.h
configure:4099: g++ -c -g -O2 -I/usr/local/include  conftest.cpp >&5
configure:4099: $? = 0
configure:4099: result: yes
configure:4099: checking for strings.h
configure:4099: g++ -c -g -O2 -I/usr/local/include  conftest.cpp >&5
configure:4099: $? = 0
configure:4099: result: yes
configure:4099: checking for inttypes.h
configure:4099: g++ -c -g -O2 -I/usr/local/include  conftest.cpp >&5
configure:4099: $? = 0
configure:4099: result: yes
configure:4099: checking for stdint.h
configure:4099: g++ -c -g -O2 -I/usr/local/include  conftest.cpp >&5
configure:4099: $? = 0
configure:4099: result: yes
configure:4099: checking for unistd.h
configure:4099: g++ -c -g -O2 -I/usr/local/include  conftest.cpp >&5
configure:4099: $? = 0
configure:4099: result: yes
configure:4205: checking tclap/CmdLine.h usability
configure:4205: g++ -c -g -O2 -I/usr/local/include  conftest.cpp >&5
configure:4205: $? = 0
configure:4205: result: yes
configure:4205: checking tclap/CmdLine.h presence
configure:4205: g++ -E -I/usr/local/include  conftest.cpp
configure:4205: $? = 0
configure:4205: result: yes
configure:4205: checking for tclap/CmdLine.h
configure:4205: result: yes
configure:4388: checking potracelib.h usability
configure:4388: g++ -c -g -O2 -I/usr/local/include  conftest.cpp >&5
configure:4388: $? = 0
configure:4388: result: yes
configure:4388: checking potracelib.h presence
configure:4388: g++ -E -I/usr/local/include  conftest.cpp
configure:4388: $? = 0
configure:4388: result: yes
configure:4388: checking for potracelib.h
configure:4388: result: yes
configure:4571: checking pgm2asc.h usability
configure:4571: g++ -c -g -O2 -I/usr/local/include  conftest.cpp >&5
conftest.cpp:56:21: fatal error: pgm2asc.h: No such file or directory
compilation terminated.
configure:4571: $? = 1
configure: failed program was:
| /* confdefs.h */
| #define PACKAGE_NAME "osra"
| #define PACKAGE_TARNAME "osra"
| #define PACKAGE_VERSION "2.0.0"
| #define PACKAGE_STRING "osra 2.0.0"
| #define PACKAGE_BUGREPORT ""
| #define PACKAGE_URL ""
| #define HAVE_NAMESPACES /**/
| #define HAVE_STL /**/
| #define STDC_HEADERS 1
| #define HAVE_SYS_TYPES_H 1
| #define HAVE_SYS_STAT_H 1
| #define HAVE_STDLIB_H 1
| #define HAVE_STRING_H 1
| #define HAVE_MEMORY_H 1
| #define HAVE_STRINGS_H 1
| #define HAVE_INTTYPES_H 1
| #define HAVE_STDINT_H 1
| #define HAVE_UNISTD_H 1
| #define HAVE_TCLAP_CMDLINE_H 1
| #define HAVE_POTRACELIB_H 1
| /* end confdefs.h.  */
| #include <stdio.h>
| #ifdef HAVE_SYS_TYPES_H
| # include <sys/types.h>
| #endif
| #ifdef HAVE_SYS_STAT_H
| # include <sys/stat.h>
| #endif
| #ifdef STDC_HEADERS
| # include <stdlib.h>
| # include <stddef.h>
| #else
| # ifdef HAVE_STDLIB_H
| #  include <stdlib.h>
| # endif
| #endif
| #ifdef HAVE_STRING_H
| # if !defined STDC_HEADERS && defined HAVE_MEMORY_H
| #  include <memory.h>
| # endif
| # include <string.h>
| #endif
| #ifdef HAVE_STRINGS_H
| # include <strings.h>
| #endif
| #ifdef HAVE_INTTYPES_H
| # include <inttypes.h>
| #endif
| #ifdef HAVE_STDINT_H
| # include <stdint.h>
| #endif
| #ifdef HAVE_UNISTD_H
| # include <unistd.h>
| #endif
| #include <pgm2asc.h>
configure:4571: result: no
configure:4571: checking pgm2asc.h presence
configure:4571: g++ -E -I/usr/local/include  conftest.cpp
conftest.cpp:23:21: fatal error: pgm2asc.h: No such file or directory
compilation terminated.
configure:4571: $? = 1
configure: failed program was:
| /* confdefs.h */
| #define PACKAGE_NAME "osra"
| #define PACKAGE_TARNAME "osra"
| #define PACKAGE_VERSION "2.0.0"
| #define PACKAGE_STRING "osra 2.0.0"
| #define PACKAGE_BUGREPORT ""
| #define PACKAGE_URL ""
| #define HAVE_NAMESPACES /**/
| #define HAVE_STL /**/
| #define STDC_HEADERS 1
| #define HAVE_SYS_TYPES_H 1
| #define HAVE_SYS_STAT_H 1
| #define HAVE_STDLIB_H 1
| #define HAVE_STRING_H 1
| #define HAVE_MEMORY_H 1
| #define HAVE_STRINGS_H 1
| #define HAVE_INTTYPES_H 1
| #define HAVE_STDINT_H 1
| #define HAVE_UNISTD_H 1
| #define HAVE_TCLAP_CMDLINE_H 1
| #define HAVE_POTRACELIB_H 1
| /* end confdefs.h.  */
| #include <pgm2asc.h>
configure:4571: result: no
configure:4571: checking for pgm2asc.h
configure:4571: result: no
configure:4677: checking gocr for pgm2asc.h in /usr/include/gocr
configure:4680: CPPFLAGS="-I/usr/include/gocr -I/usr/local/include " for custom location check
configure:4684: checking pgm2asc.h usability
configure:4684: g++ -c -g -O2 -I/usr/include/gocr -I/usr/local/include  conftest.cpp >&5
conftest.cpp:56:21: fatal error: pgm2asc.h: No such file or directory
compilation terminated.
configure:4684: $? = 1
configure: failed program was:
| /* confdefs.h */
| #define PACKAGE_NAME "osra"
| #define PACKAGE_TARNAME "osra"
| #define PACKAGE_VERSION "2.0.0"
| #define PACKAGE_STRING "osra 2.0.0"
| #define PACKAGE_BUGREPORT ""
| #define PACKAGE_URL ""
| #define HAVE_NAMESPACES /**/
| #define HAVE_STL /**/
| #define STDC_HEADERS 1
| #define HAVE_SYS_TYPES_H 1
| #define HAVE_SYS_STAT_H 1
| #define HAVE_STDLIB_H 1
| #define HAVE_STRING_H 1
| #define HAVE_MEMORY_H 1
| #define HAVE_STRINGS_H 1
| #define HAVE_INTTYPES_H 1
| #define HAVE_STDINT_H 1
| #define HAVE_UNISTD_H 1
| #define HAVE_TCLAP_CMDLINE_H 1
| #define HAVE_POTRACELIB_H 1
| /* end confdefs.h.  */
| #include <stdio.h>
| #ifdef HAVE_SYS_TYPES_H
| # include <sys/types.h>
| #endif
| #ifdef HAVE_SYS_STAT_H
| # include <sys/stat.h>
| #endif
| #ifdef STDC_HEADERS
| # include <stdlib.h>
| # include <stddef.h>
| #else
| # ifdef HAVE_STDLIB_H
| #  include <stdlib.h>
| # endif
| #endif
| #ifdef HAVE_STRING_H
| # if !defined STDC_HEADERS && defined HAVE_MEMORY_H
| #  include <memory.h>
| # endif
| # include <string.h>
| #endif
| #ifdef HAVE_STRINGS_H
| # include <strings.h>
| #endif
| #ifdef HAVE_INTTYPES_H
| # include <inttypes.h>
| #endif
| #ifdef HAVE_STDINT_H
| # include <stdint.h>
| #endif
| #ifdef HAVE_UNISTD_H
| # include <unistd.h>
| #endif
| #include <pgm2asc.h>
configure:4684: result: no
configure:4684: checking pgm2asc.h presence
configure:4684: g++ -E -I/usr/include/gocr -I/usr/local/include  conftest.cpp
conftest.cpp:23:21: fatal error: pgm2asc.h: No such file or directory
compilation terminated.
configure:4684: $? = 1
configure: failed program was:
| /* confdefs.h */
| #define PACKAGE_NAME "osra"
| #define PACKAGE_TARNAME "osra"
| #define PACKAGE_VERSION "2.0.0"
| #define PACKAGE_STRING "osra 2.0.0"
| #define PACKAGE_BUGREPORT ""
| #define PACKAGE_URL ""
| #define HAVE_NAMESPACES /**/
| #define HAVE_STL /**/
| #define STDC_HEADERS 1
| #define HAVE_SYS_TYPES_H 1
| #define HAVE_SYS_STAT_H 1
| #define HAVE_STDLIB_H 1
| #define HAVE_STRING_H 1
| #define HAVE_MEMORY_H 1
| #define HAVE_STRINGS_H 1
| #define HAVE_INTTYPES_H 1
| #define HAVE_STDINT_H 1
| #define HAVE_UNISTD_H 1
| #define HAVE_TCLAP_CMDLINE_H 1
| #define HAVE_POTRACELIB_H 1
| /* end confdefs.h.  */
| #include <pgm2asc.h>
configure:4684: result: no
configure:4684: checking for pgm2asc.h
configure:4684: result: no
configure:4677: checking gocr for pgm2asc.h in /usr/local/include/gocr
configure:4680: CPPFLAGS="-I/usr/local/include/gocr -I/usr/local/include " for custom location check
configure:4684: checking pgm2asc.h usability
configure:4684: g++ -c -g -O2 -I/usr/local/include/gocr -I/usr/local/include  conftest.cpp >&5
configure:4684: $? = 0
configure:4684: result: yes
configure:4684: checking pgm2asc.h presence
configure:4684: g++ -E -I/usr/local/include/gocr -I/usr/local/include  conftest.cpp
configure:4684: $? = 0
configure:4684: result: yes
configure:4684: checking for pgm2asc.h
configure:4684: result: yes
configure:4754: checking ocradlib.h usability
configure:4754: g++ -c -g -O2 -I/usr/local/include/gocr -I/usr/local/include  conftest.cpp >&5
configure:4754: $? = 0
configure:4754: result: yes
configure:4754: checking ocradlib.h presence
configure:4754: g++ -E -I/usr/local/include/gocr -I/usr/local/include  conftest.cpp
configure:4754: $? = 0
configure:4754: result: yes
configure:4754: checking for ocradlib.h
configure:4754: result: yes
configure:5333: checking openbabel/mol.h usability
configure:5333: g++ -c -g -O2 -I/usr/local/include/gocr -I/usr/local/include  conftest.cpp >&5
conftest.cpp:58:27: fatal error: openbabel/mol.h: No such file or directory
compilation terminated.
configure:5333: $? = 1
configure: failed program was:
| /* confdefs.h */
| #define PACKAGE_NAME "osra"
| #define PACKAGE_TARNAME "osra"
| #define PACKAGE_VERSION "2.0.0"
| #define PACKAGE_STRING "osra 2.0.0"
| #define PACKAGE_BUGREPORT ""
| #define PACKAGE_URL ""
| #define HAVE_NAMESPACES /**/
| #define HAVE_STL /**/
| #define STDC_HEADERS 1
| #define HAVE_SYS_TYPES_H 1
| #define HAVE_SYS_STAT_H 1
| #define HAVE_STDLIB_H 1
| #define HAVE_STRING_H 1
| #define HAVE_MEMORY_H 1
| #define HAVE_STRINGS_H 1
| #define HAVE_INTTYPES_H 1
| #define HAVE_STDINT_H 1
| #define HAVE_UNISTD_H 1
| #define HAVE_TCLAP_CMDLINE_H 1
| #define HAVE_POTRACELIB_H 1
| #define HAVE_PGM2ASC_H 1
| #define HAVE_OCRADLIB_H 1
| /* end confdefs.h.  */
| #include <stdio.h>
| #ifdef HAVE_SYS_TYPES_H
| # include <sys/types.h>
| #endif
| #ifdef HAVE_SYS_STAT_H
| # include <sys/stat.h>
| #endif
| #ifdef STDC_HEADERS
| # include <stdlib.h>
| # include <stddef.h>
| #else
| # ifdef HAVE_STDLIB_H
| #  include <stdlib.h>
| # endif
| #endif
| #ifdef HAVE_STRING_H
| # if !defined STDC_HEADERS && defined HAVE_MEMORY_H
| #  include <memory.h>
| # endif
| # include <string.h>
| #endif
| #ifdef HAVE_STRINGS_H
| # include <strings.h>
| #endif
| #ifdef HAVE_INTTYPES_H
| # include <inttypes.h>
| #endif
| #ifdef HAVE_STDINT_H
| # include <stdint.h>
| #endif
| #ifdef HAVE_UNISTD_H
| # include <unistd.h>
| #endif
| #include <openbabel/mol.h>
configure:5333: result: no
configure:5333: checking openbabel/mol.h presence
configure:5333: g++ -E -I/usr/local/include/gocr -I/usr/local/include  conftest.cpp
conftest.cpp:25:27: fatal error: openbabel/mol.h: No such file or directory
compilation terminated.
configure:5333: $? = 1
configure: failed program was:
| /* confdefs.h */
| #define PACKAGE_NAME "osra"
| #define PACKAGE_TARNAME "osra"
| #define PACKAGE_VERSION "2.0.0"
| #define PACKAGE_STRING "osra 2.0.0"
| #define PACKAGE_BUGREPORT ""
| #define PACKAGE_URL ""
| #define HAVE_NAMESPACES /**/
| #define HAVE_STL /**/
| #define STDC_HEADERS 1
| #define HAVE_SYS_TYPES_H 1
| #define HAVE_SYS_STAT_H 1
| #define HAVE_STDLIB_H 1
| #define HAVE_STRING_H 1
| #define HAVE_MEMORY_H 1
| #define HAVE_STRINGS_H 1
| #define HAVE_INTTYPES_H 1
| #define HAVE_STDINT_H 1
| #define HAVE_UNISTD_H 1
| #define HAVE_TCLAP_CMDLINE_H 1
| #define HAVE_POTRACELIB_H 1
| #define HAVE_PGM2ASC_H 1
| #define HAVE_OCRADLIB_H 1
| /* end confdefs.h.  */
| #include <openbabel/mol.h>
configure:5333: result: no
configure:5333: checking for openbabel/mol.h
configure:5333: result: no
configure:5333: checking openbabel/obconversion.h usability
configure:5333: g++ -c -g -O2 -I/usr/local/include/gocr -I/usr/local/include  conftest.cpp >&5
conftest.cpp:58:36: fatal error: openbabel/obconversion.h: No such file or directory
compilation terminated.
configure:5333: $? = 1
configure: failed program was:
| /* confdefs.h */
| #define PACKAGE_NAME "osra"
| #define PACKAGE_TARNAME "osra"
| #define PACKAGE_VERSION "2.0.0"
| #define PACKAGE_STRING "osra 2.0.0"
| #define PACKAGE_BUGREPORT ""
| #define PACKAGE_URL ""
| #define HAVE_NAMESPACES /**/
| #define HAVE_STL /**/
| #define STDC_HEADERS 1
| #define HAVE_SYS_TYPES_H 1
| #define HAVE_SYS_STAT_H 1
| #define HAVE_STDLIB_H 1
| #define HAVE_STRING_H 1
| #define HAVE_MEMORY_H 1
| #define HAVE_STRINGS_H 1
| #define HAVE_INTTYPES_H 1
| #define HAVE_STDINT_H 1
| #define HAVE_UNISTD_H 1
| #define HAVE_TCLAP_CMDLINE_H 1
| #define HAVE_POTRACELIB_H 1
| #define HAVE_PGM2ASC_H 1
| #define HAVE_OCRADLIB_H 1
| /* end confdefs.h.  */
| #include <stdio.h>
| #ifdef HAVE_SYS_TYPES_H
| # include <sys/types.h>
| #endif
| #ifdef HAVE_SYS_STAT_H
| # include <sys/stat.h>
| #endif
| #ifdef STDC_HEADERS
| # include <stdlib.h>
| # include <stddef.h>
| #else
| # ifdef HAVE_STDLIB_H
| #  include <stdlib.h>
| # endif
| #endif
| #ifdef HAVE_STRING_H
| # if !defined STDC_HEADERS && defined HAVE_MEMORY_H
| #  include <memory.h>
| # endif
| # include <string.h>
| #endif
| #ifdef HAVE_STRINGS_H
| # include <strings.h>
| #endif
| #ifdef HAVE_INTTYPES_H
| # include <inttypes.h>
| #endif
| #ifdef HAVE_STDINT_H
| # include <stdint.h>
| #endif
| #ifdef HAVE_UNISTD_H
| # include <unistd.h>
| #endif
| #include <openbabel/obconversion.h>
configure:5333: result: no
configure:5333: checking openbabel/obconversion.h presence
configure:5333: g++ -E -I/usr/local/include/gocr -I/usr/local/include  conftest.cpp
conftest.cpp:25:36: fatal error: openbabel/obconversion.h: No such file or directory
compilation terminated.
configure:5333: $? = 1
configure: failed program was:
| /* confdefs.h */
| #define PACKAGE_NAME "osra"
| #define PACKAGE_TARNAME "osra"
| #define PACKAGE_VERSION "2.0.0"
| #define PACKAGE_STRING "osra 2.0.0"
| #define PACKAGE_BUGREPORT ""
| #define PACKAGE_URL ""
| #define HAVE_NAMESPACES /**/
| #define HAVE_STL /**/
| #define STDC_HEADERS 1
| #define HAVE_SYS_TYPES_H 1
| #define HAVE_SYS_STAT_H 1
| #define HAVE_STDLIB_H 1
| #define HAVE_STRING_H 1
| #define HAVE_MEMORY_H 1
| #define HAVE_STRINGS_H 1
| #define HAVE_INTTYPES_H 1
| #define HAVE_STDINT_H 1
| #define HAVE_UNISTD_H 1
| #define HAVE_TCLAP_CMDLINE_H 1
| #define HAVE_POTRACELIB_H 1
| #define HAVE_PGM2ASC_H 1
| #define HAVE_OCRADLIB_H 1
| /* end confdefs.h.  */
| #include <openbabel/obconversion.h>
configure:5333: result: no
configure:5333: checking for openbabel/obconversion.h
configure:5333: result: no
configure:5333: checking openbabel/builder.h usability
configure:5333: g++ -c -g -O2 -I/usr/local/include/gocr -I/usr/local/include  conftest.cpp >&5
conftest.cpp:58:31: fatal error: openbabel/builder.h: No such file or directory
compilation terminated.
configure:5333: $? = 1
configure: failed program was:
| /* confdefs.h */
| #define PACKAGE_NAME "osra"
| #define PACKAGE_TARNAME "osra"
| #define PACKAGE_VERSION "2.0.0"
| #define PACKAGE_STRING "osra 2.0.0"
| #define PACKAGE_BUGREPORT ""
| #define PACKAGE_URL ""
| #define HAVE_NAMESPACES /**/
| #define HAVE_STL /**/
| #define STDC_HEADERS 1
| #define HAVE_SYS_TYPES_H 1
| #define HAVE_SYS_STAT_H 1
| #define HAVE_STDLIB_H 1
| #define HAVE_STRING_H 1
| #define HAVE_MEMORY_H 1
| #define HAVE_STRINGS_H 1
| #define HAVE_INTTYPES_H 1
| #define HAVE_STDINT_H 1
| #define HAVE_UNISTD_H 1
| #define HAVE_TCLAP_CMDLINE_H 1
| #define HAVE_POTRACELIB_H 1
| #define HAVE_PGM2ASC_H 1
| #define HAVE_OCRADLIB_H 1
| /* end confdefs.h.  */
| #include <stdio.h>
| #ifdef HAVE_SYS_TYPES_H
| # include <sys/types.h>
| #endif
| #ifdef HAVE_SYS_STAT_H
| # include <sys/stat.h>
| #endif
| #ifdef STDC_HEADERS
| # include <stdlib.h>
| # include <stddef.h>
| #else
| # ifdef HAVE_STDLIB_H
| #  include <stdlib.h>
| # endif
| #endif
| #ifdef HAVE_STRING_H
| # if !defined STDC_HEADERS && defined HAVE_MEMORY_H
| #  include <memory.h>
| # endif
| # include <string.h>
| #endif
| #ifdef HAVE_STRINGS_H
| # include <strings.h>
| #endif
| #ifdef HAVE_INTTYPES_H
| # include <inttypes.h>
| #endif
| #ifdef HAVE_STDINT_H
| # include <stdint.h>
| #endif
| #ifdef HAVE_UNISTD_H
| # include <unistd.h>
| #endif
| #include <openbabel/builder.h>
configure:5333: result: no
configure:5333: checking openbabel/builder.h presence
configure:5333: g++ -E -I/usr/local/include/gocr -I/usr/local/include  conftest.cpp
conftest.cpp:25:31: fatal error: openbabel/builder.h: No such file or directory
compilation terminated.
configure:5333: $? = 1
configure: failed program was:
| /* confdefs.h */
| #define PACKAGE_NAME "osra"
| #define PACKAGE_TARNAME "osra"
| #define PACKAGE_VERSION "2.0.0"
| #define PACKAGE_STRING "osra 2.0.0"
| #define PACKAGE_BUGREPORT ""
| #define PACKAGE_URL ""
| #define HAVE_NAMESPACES /**/
| #define HAVE_STL /**/
| #define STDC_HEADERS 1
| #define HAVE_SYS_TYPES_H 1
| #define HAVE_SYS_STAT_H 1
| #define HAVE_STDLIB_H 1
| #define HAVE_STRING_H 1
| #define HAVE_MEMORY_H 1
| #define HAVE_STRINGS_H 1
| #define HAVE_INTTYPES_H 1
| #define HAVE_STDINT_H 1
| #define HAVE_UNISTD_H 1
| #define HAVE_TCLAP_CMDLINE_H 1
| #define HAVE_POTRACELIB_H 1
| #define HAVE_PGM2ASC_H 1
| #define HAVE_OCRADLIB_H 1
| /* end confdefs.h.  */
| #include <openbabel/builder.h>
configure:5333: result: no
configure:5333: checking for openbabel/builder.h
configure:5333: result: no
configure:5333: checking openbabel/alias.h usability
configure:5333: g++ -c -g -O2 -I/usr/local/include/gocr -I/usr/local/include  conftest.cpp >&5
conftest.cpp:58:29: fatal error: openbabel/alias.h: No such file or directory
compilation terminated.
configure:5333: $? = 1
configure: failed program was:
| /* confdefs.h */
| #define PACKAGE_NAME "osra"
| #define PACKAGE_TARNAME "osra"
| #define PACKAGE_VERSION "2.0.0"
| #define PACKAGE_STRING "osra 2.0.0"
| #define PACKAGE_BUGREPORT ""
| #define PACKAGE_URL ""
| #define HAVE_NAMESPACES /**/
| #define HAVE_STL /**/
| #define STDC_HEADERS 1
| #define HAVE_SYS_TYPES_H 1
| #define HAVE_SYS_STAT_H 1
| #define HAVE_STDLIB_H 1
| #define HAVE_STRING_H 1
| #define HAVE_MEMORY_H 1
| #define HAVE_STRINGS_H 1
| #define HAVE_INTTYPES_H 1
| #define HAVE_STDINT_H 1
| #define HAVE_UNISTD_H 1
| #define HAVE_TCLAP_CMDLINE_H 1
| #define HAVE_POTRACELIB_H 1
| #define HAVE_PGM2ASC_H 1
| #define HAVE_OCRADLIB_H 1
| /* end confdefs.h.  */
| #include <stdio.h>
| #ifdef HAVE_SYS_TYPES_H
| # include <sys/types.h>
| #endif
| #ifdef HAVE_SYS_STAT_H
| # include <sys/stat.h>
| #endif
| #ifdef STDC_HEADERS
| # include <stdlib.h>
| # include <stddef.h>
| #else
| # ifdef HAVE_STDLIB_H
| #  include <stdlib.h>
| # endif
| #endif
| #ifdef HAVE_STRING_H
| # if !defined STDC_HEADERS && defined HAVE_MEMORY_H
| #  include <memory.h>
| # endif
| # include <string.h>
| #endif
| #ifdef HAVE_STRINGS_H
| # include <strings.h>
| #endif
| #ifdef HAVE_INTTYPES_H
| # include <inttypes.h>
| #endif
| #ifdef HAVE_STDINT_H
| # include <stdint.h>
| #endif
| #ifdef HAVE_UNISTD_H
| # include <unistd.h>
| #endif
| #include <openbabel/alias.h>
configure:5333: result: no
configure:5333: checking openbabel/alias.h presence
configure:5333: g++ -E -I/usr/local/include/gocr -I/usr/local/include  conftest.cpp
conftest.cpp:25:29: fatal error: openbabel/alias.h: No such file or directory
compilation terminated.
configure:5333: $? = 1
configure: failed program was:
| /* confdefs.h */
| #define PACKAGE_NAME "osra"
| #define PACKAGE_TARNAME "osra"
| #define PACKAGE_VERSION "2.0.0"
| #define PACKAGE_STRING "osra 2.0.0"
| #define PACKAGE_BUGREPORT ""
| #define PACKAGE_URL ""
| #define HAVE_NAMESPACES /**/
| #define HAVE_STL /**/
| #define STDC_HEADERS 1
| #define HAVE_SYS_TYPES_H 1
| #define HAVE_SYS_STAT_H 1
| #define HAVE_STDLIB_H 1
| #define HAVE_STRING_H 1
| #define HAVE_MEMORY_H 1
| #define HAVE_STRINGS_H 1
| #define HAVE_INTTYPES_H 1
| #define HAVE_STDINT_H 1
| #define HAVE_UNISTD_H 1
| #define HAVE_TCLAP_CMDLINE_H 1
| #define HAVE_POTRACELIB_H 1
| #define HAVE_PGM2ASC_H 1
| #define HAVE_OCRADLIB_H 1
| /* end confdefs.h.  */
| #include <openbabel/alias.h>
configure:5333: result: no
configure:5333: checking for openbabel/alias.h
configure:5333: result: no
configure:5440: checking openbabel for openbabel/mol.h openbabel/obconversion.h openbabel/builder.h openbabel/alias.h in /usr/include/openbabel-2.0
configure:5443: CPPFLAGS="-I/usr/include/openbabel-2.0 -I/usr/local/include/gocr -I/usr/local/include " for custom location check
configure:5448: checking openbabel/mol.h usability
configure:5448: g++ -c -g -O2 -I/usr/include/openbabel-2.0 -I/usr/local/include/gocr -I/usr/local/include  conftest.cpp >&5
conftest.cpp:58:27: fatal error: openbabel/mol.h: No such file or directory
compilation terminated.
configure:5448: $? = 1
configure: failed program was:
| /* confdefs.h */
| #define PACKAGE_NAME "osra"
| #define PACKAGE_TARNAME "osra"
| #define PACKAGE_VERSION "2.0.0"
| #define PACKAGE_STRING "osra 2.0.0"
| #define PACKAGE_BUGREPORT ""
| #define PACKAGE_URL ""
| #define HAVE_NAMESPACES /**/
| #define HAVE_STL /**/
| #define STDC_HEADERS 1
| #define HAVE_SYS_TYPES_H 1
| #define HAVE_SYS_STAT_H 1
| #define HAVE_STDLIB_H 1
| #define HAVE_STRING_H 1
| #define HAVE_MEMORY_H 1
| #define HAVE_STRINGS_H 1
| #define HAVE_INTTYPES_H 1
| #define HAVE_STDINT_H 1
| #define HAVE_UNISTD_H 1
| #define HAVE_TCLAP_CMDLINE_H 1
| #define HAVE_POTRACELIB_H 1
| #define HAVE_PGM2ASC_H 1
| #define HAVE_OCRADLIB_H 1
| /* end confdefs.h.  */
| #include <stdio.h>
| #ifdef HAVE_SYS_TYPES_H
| # include <sys/types.h>
| #endif
| #ifdef HAVE_SYS_STAT_H
| # include <sys/stat.h>
| #endif
| #ifdef STDC_HEADERS
| # include <stdlib.h>
| # include <stddef.h>
| #else
| # ifdef HAVE_STDLIB_H
| #  include <stdlib.h>
| # endif
| #endif
| #ifdef HAVE_STRING_H
| # if !defined STDC_HEADERS && defined HAVE_MEMORY_H
| #  include <memory.h>
| # endif
| # include <string.h>
| #endif
| #ifdef HAVE_STRINGS_H
| # include <strings.h>
| #endif
| #ifdef HAVE_INTTYPES_H
| # include <inttypes.h>
| #endif
| #ifdef HAVE_STDINT_H
| # include <stdint.h>
| #endif
| #ifdef HAVE_UNISTD_H
| # include <unistd.h>
| #endif
| #include <openbabel/mol.h>
configure:5448: result: no
configure:5448: checking openbabel/mol.h presence
configure:5448: g++ -E -I/usr/include/openbabel-2.0 -I/usr/local/include/gocr -I/usr/local/include  conftest.cpp
conftest.cpp:25:27: fatal error: openbabel/mol.h: No such file or directory
compilation terminated.
configure:5448: $? = 1
configure: failed program was:
| /* confdefs.h */
| #define PACKAGE_NAME "osra"
| #define PACKAGE_TARNAME "osra"
| #define PACKAGE_VERSION "2.0.0"
| #define PACKAGE_STRING "osra 2.0.0"
| #define PACKAGE_BUGREPORT ""
| #define PACKAGE_URL ""
| #define HAVE_NAMESPACES /**/
| #define HAVE_STL /**/
| #define STDC_HEADERS 1
| #define HAVE_SYS_TYPES_H 1
| #define HAVE_SYS_STAT_H 1
| #define HAVE_STDLIB_H 1
| #define HAVE_STRING_H 1
| #define HAVE_MEMORY_H 1
| #define HAVE_STRINGS_H 1
| #define HAVE_INTTYPES_H 1
| #define HAVE_STDINT_H 1
| #define HAVE_UNISTD_H 1
| #define HAVE_TCLAP_CMDLINE_H 1
| #define HAVE_POTRACELIB_H 1
| #define HAVE_PGM2ASC_H 1
| #define HAVE_OCRADLIB_H 1
| /* end confdefs.h.  */
| #include <openbabel/mol.h>
configure:5448: result: no
configure:5448: checking for openbabel/mol.h
configure:5448: result: no
configure:5448: checking openbabel/obconversion.h usability
configure:5448: g++ -c -g -O2 -I/usr/include/openbabel-2.0 -I/usr/local/include/gocr -I/usr/local/include  conftest.cpp >&5
conftest.cpp:58:36: fatal error: openbabel/obconversion.h: No such file or directory
compilation terminated.
configure:5448: $? = 1
configure: failed program was:
| /* confdefs.h */
| #define PACKAGE_NAME "osra"
| #define PACKAGE_TARNAME "osra"
| #define PACKAGE_VERSION "2.0.0"
| #define PACKAGE_STRING "osra 2.0.0"
| #define PACKAGE_BUGREPORT ""
| #define PACKAGE_URL ""
| #define HAVE_NAMESPACES /**/
| #define HAVE_STL /**/
| #define STDC_HEADERS 1
| #define HAVE_SYS_TYPES_H 1
| #define HAVE_SYS_STAT_H 1
| #define HAVE_STDLIB_H 1
| #define HAVE_STRING_H 1
| #define HAVE_MEMORY_H 1
| #define HAVE_STRINGS_H 1
| #define HAVE_INTTYPES_H 1
| #define HAVE_STDINT_H 1
| #define HAVE_UNISTD_H 1
| #define HAVE_TCLAP_CMDLINE_H 1
| #define HAVE_POTRACELIB_H 1
| #define HAVE_PGM2ASC_H 1
| #define HAVE_OCRADLIB_H 1
| /* end confdefs.h.  */
| #include <stdio.h>
| #ifdef HAVE_SYS_TYPES_H
| # include <sys/types.h>
| #endif
| #ifdef HAVE_SYS_STAT_H
| # include <sys/stat.h>
| #endif
| #ifdef STDC_HEADERS
| # include <stdlib.h>
| # include <stddef.h>
| #else
| # ifdef HAVE_STDLIB_H
| #  include <stdlib.h>
| # endif
| #endif
| #ifdef HAVE_STRING_H
| # if !defined STDC_HEADERS && defined HAVE_MEMORY_H
| #  include <memory.h>
| # endif
| # include <string.h>
| #endif
| #ifdef HAVE_STRINGS_H
| # include <strings.h>
| #endif
| #ifdef HAVE_INTTYPES_H
| # include <inttypes.h>
| #endif
| #ifdef HAVE_STDINT_H
| # include <stdint.h>
| #endif
| #ifdef HAVE_UNISTD_H
| # include <unistd.h>
| #endif
| #include <openbabel/obconversion.h>
configure:5448: result: no
configure:5448: checking openbabel/obconversion.h presence
configure:5448: g++ -E -I/usr/include/openbabel-2.0 -I/usr/local/include/gocr -I/usr/local/include  conftest.cpp
conftest.cpp:25:36: fatal error: openbabel/obconversion.h: No such file or directory
compilation terminated.
configure:5448: $? = 1
configure: failed program was:
| /* confdefs.h */
| #define PACKAGE_NAME "osra"
| #define PACKAGE_TARNAME "osra"
| #define PACKAGE_VERSION "2.0.0"
| #define PACKAGE_STRING "osra 2.0.0"
| #define PACKAGE_BUGREPORT ""
| #define PACKAGE_URL ""
| #define HAVE_NAMESPACES /**/
| #define HAVE_STL /**/
| #define STDC_HEADERS 1
| #define HAVE_SYS_TYPES_H 1
| #define HAVE_SYS_STAT_H 1
| #define HAVE_STDLIB_H 1
| #define HAVE_STRING_H 1
| #define HAVE_MEMORY_H 1
| #define HAVE_STRINGS_H 1
| #define HAVE_INTTYPES_H 1
| #define HAVE_STDINT_H 1
| #define HAVE_UNISTD_H 1
| #define HAVE_TCLAP_CMDLINE_H 1
| #define HAVE_POTRACELIB_H 1
| #define HAVE_PGM2ASC_H 1
| #define HAVE_OCRADLIB_H 1
| /* end confdefs.h.  */
| #include <openbabel/obconversion.h>
configure:5448: result: no
configure:5448: checking for openbabel/obconversion.h
configure:5448: result: no
configure:5448: checking openbabel/builder.h usability
configure:5448: g++ -c -g -O2 -I/usr/include/openbabel-2.0 -I/usr/local/include/gocr -I/usr/local/include  conftest.cpp >&5
conftest.cpp:58:31: fatal error: openbabel/builder.h: No such file or directory
compilation terminated.
configure:5448: $? = 1
configure: failed program was:
| /* confdefs.h */
| #define PACKAGE_NAME "osra"
| #define PACKAGE_TARNAME "osra"
| #define PACKAGE_VERSION "2.0.0"
| #define PACKAGE_STRING "osra 2.0.0"
| #define PACKAGE_BUGREPORT ""
| #define PACKAGE_URL ""
| #define HAVE_NAMESPACES /**/
| #define HAVE_STL /**/
| #define STDC_HEADERS 1
| #define HAVE_SYS_TYPES_H 1
| #define HAVE_SYS_STAT_H 1
| #define HAVE_STDLIB_H 1
| #define HAVE_STRING_H 1
| #define HAVE_MEMORY_H 1
| #define HAVE_STRINGS_H 1
| #define HAVE_INTTYPES_H 1
| #define HAVE_STDINT_H 1
| #define HAVE_UNISTD_H 1
| #define HAVE_TCLAP_CMDLINE_H 1
| #define HAVE_POTRACELIB_H 1
| #define HAVE_PGM2ASC_H 1
| #define HAVE_OCRADLIB_H 1
| /* end confdefs.h.  */
| #include <stdio.h>
| #ifdef HAVE_SYS_TYPES_H
| # include <sys/types.h>
| #endif
| #ifdef HAVE_SYS_STAT_H
| # include <sys/stat.h>
| #endif
| #ifdef STDC_HEADERS
| # include <stdlib.h>
| # include <stddef.h>
| #else
| # ifdef HAVE_STDLIB_H
| #  include <stdlib.h>
| # endif
| #endif
| #ifdef HAVE_STRING_H
| # if !defined STDC_HEADERS && defined HAVE_MEMORY_H
| #  include <memory.h>
| # endif
| # include <string.h>
| #endif
| #ifdef HAVE_STRINGS_H
| # include <strings.h>
| #endif
| #ifdef HAVE_INTTYPES_H
| # include <inttypes.h>
| #endif
| #ifdef HAVE_STDINT_H
| # include <stdint.h>
| #endif
| #ifdef HAVE_UNISTD_H
| # include <unistd.h>
| #endif
| #include <openbabel/builder.h>
configure:5448: result: no
configure:5448: checking openbabel/builder.h presence
configure:5448: g++ -E -I/usr/include/openbabel-2.0 -I/usr/local/include/gocr -I/usr/local/include  conftest.cpp
conftest.cpp:25:31: fatal error: openbabel/builder.h: No such file or directory
compilation terminated.
configure:5448: $? = 1
configure: failed program was:
| /* confdefs.h */
| #define PACKAGE_NAME "osra"
| #define PACKAGE_TARNAME "osra"
| #define PACKAGE_VERSION "2.0.0"
| #define PACKAGE_STRING "osra 2.0.0"
| #define PACKAGE_BUGREPORT ""
| #define PACKAGE_URL ""
| #define HAVE_NAMESPACES /**/
| #define HAVE_STL /**/
| #define STDC_HEADERS 1
| #define HAVE_SYS_TYPES_H 1
| #define HAVE_SYS_STAT_H 1
| #define HAVE_STDLIB_H 1
| #define HAVE_STRING_H 1
| #define HAVE_MEMORY_H 1
| #define HAVE_STRINGS_H 1
| #define HAVE_INTTYPES_H 1
| #define HAVE_STDINT_H 1
| #define HAVE_UNISTD_H 1
| #define HAVE_TCLAP_CMDLINE_H 1
| #define HAVE_POTRACELIB_H 1
| #define HAVE_PGM2ASC_H 1
| #define HAVE_OCRADLIB_H 1
| /* end confdefs.h.  */
| #include <openbabel/builder.h>
configure:5448: result: no
configure:5448: checking for openbabel/builder.h
configure:5448: result: no
configure:5448: checking openbabel/alias.h usability
configure:5448: g++ -c -g -O2 -I/usr/include/openbabel-2.0 -I/usr/local/include/gocr -I/usr/local/include  conftest.cpp >&5
conftest.cpp:58:29: fatal error: openbabel/alias.h: No such file or directory
compilation terminated.
configure:5448: $? = 1
configure: failed program was:
| /* confdefs.h */
| #define PACKAGE_NAME "osra"
| #define PACKAGE_TARNAME "osra"
| #define PACKAGE_VERSION "2.0.0"
| #define PACKAGE_STRING "osra 2.0.0"
| #define PACKAGE_BUGREPORT ""
| #define PACKAGE_URL ""
| #define HAVE_NAMESPACES /**/
| #define HAVE_STL /**/
| #define STDC_HEADERS 1
| #define HAVE_SYS_TYPES_H 1
| #define HAVE_SYS_STAT_H 1
| #define HAVE_STDLIB_H 1
| #define HAVE_STRING_H 1
| #define HAVE_MEMORY_H 1
| #define HAVE_STRINGS_H 1
| #define HAVE_INTTYPES_H 1
| #define HAVE_STDINT_H 1
| #define HAVE_UNISTD_H 1
| #define HAVE_TCLAP_CMDLINE_H 1
| #define HAVE_POTRACELIB_H 1
| #define HAVE_PGM2ASC_H 1
| #define HAVE_OCRADLIB_H 1
| /* end confdefs.h.  */
| #include <stdio.h>
| #ifdef HAVE_SYS_TYPES_H
| # include <sys/types.h>
| #endif
| #ifdef HAVE_SYS_STAT_H
| # include <sys/stat.h>
| #endif
| #ifdef STDC_HEADERS
| # include <stdlib.h>
| # include <stddef.h>
| #else
| # ifdef HAVE_STDLIB_H
| #  include <stdlib.h>
| # endif
| #endif
| #ifdef HAVE_STRING_H
| # if !defined STDC_HEADERS && defined HAVE_MEMORY_H
| #  include <memory.h>
| # endif
| # include <string.h>
| #endif
| #ifdef HAVE_STRINGS_H
| # include <strings.h>
| #endif
| #ifdef HAVE_INTTYPES_H
| # include <inttypes.h>
| #endif
| #ifdef HAVE_STDINT_H
| # include <stdint.h>
| #endif
| #ifdef HAVE_UNISTD_H
| # include <unistd.h>
| #endif
| #include <openbabel/alias.h>
configure:5448: result: no
configure:5448: checking openbabel/alias.h presence
configure:5448: g++ -E -I/usr/include/openbabel-2.0 -I/usr/local/include/gocr -I/usr/local/include  conftest.cpp
conftest.cpp:25:29: fatal error: openbabel/alias.h: No such file or directory
compilation terminated.
configure:5448: $? = 1
configure: failed program was:
| /* confdefs.h */
| #define PACKAGE_NAME "osra"
| #define PACKAGE_TARNAME "osra"
| #define PACKAGE_VERSION "2.0.0"
| #define PACKAGE_STRING "osra 2.0.0"
| #define PACKAGE_BUGREPORT ""
| #define PACKAGE_URL ""
| #define HAVE_NAMESPACES /**/
| #define HAVE_STL /**/
| #define STDC_HEADERS 1
| #define HAVE_SYS_TYPES_H 1
| #define HAVE_SYS_STAT_H 1
| #define HAVE_STDLIB_H 1
| #define HAVE_STRING_H 1
| #define HAVE_MEMORY_H 1
| #define HAVE_STRINGS_H 1
| #define HAVE_INTTYPES_H 1
| #define HAVE_STDINT_H 1
| #define HAVE_UNISTD_H 1
| #define HAVE_TCLAP_CMDLINE_H 1
| #define HAVE_POTRACELIB_H 1
| #define HAVE_PGM2ASC_H 1
| #define HAVE_OCRADLIB_H 1
| /* end confdefs.h.  */
| #include <openbabel/alias.h>
configure:5448: result: no
configure:5448: checking for openbabel/alias.h
configure:5448: result: no
configure:5440: checking openbabel for openbabel/mol.h openbabel/obconversion.h openbabel/builder.h openbabel/alias.h in /usr/local/include/openbabel-2.0
configure:5443: CPPFLAGS="-I/usr/local/include/openbabel-2.0 -I/usr/local/include/gocr -I/usr/local/include " for custom location check
configure:5448: checking openbabel/mol.h usability
configure:5448: g++ -c -g -O2 -I/usr/local/include/openbabel-2.0 -I/usr/local/include/gocr -I/usr/local/include  conftest.cpp >&5
configure:5448: $? = 0
configure:5448: result: yes
configure:5448: checking openbabel/mol.h presence
configure:5448: g++ -E -I/usr/local/include/openbabel-2.0 -I/usr/local/include/gocr -I/usr/local/include  conftest.cpp
configure:5448: $? = 0
configure:5448: result: yes
configure:5448: checking for openbabel/mol.h
configure:5448: result: yes
configure:5448: checking openbabel/obconversion.h usability
configure:5448: g++ -c -g -O2 -I/usr/local/include/openbabel-2.0 -I/usr/local/include/gocr -I/usr/local/include  conftest.cpp >&5
configure:5448: $? = 0
configure:5448: result: yes
configure:5448: checking openbabel/obconversion.h presence
configure:5448: g++ -E -I/usr/local/include/openbabel-2.0 -I/usr/local/include/gocr -I/usr/local/include  conftest.cpp
configure:5448: $? = 0
configure:5448: result: yes
configure:5448: checking for openbabel/obconversion.h
configure:5448: result: yes
configure:5448: checking openbabel/builder.h usability
configure:5448: g++ -c -g -O2 -I/usr/local/include/openbabel-2.0 -I/usr/local/include/gocr -I/usr/local/include  conftest.cpp >&5
configure:5448: $? = 0
configure:5448: result: yes
configure:5448: checking openbabel/builder.h presence
configure:5448: g++ -E -I/usr/local/include/openbabel-2.0 -I/usr/local/include/gocr -I/usr/local/include  conftest.cpp
configure:5448: $? = 0
configure:5448: result: yes
configure:5448: checking for openbabel/builder.h
configure:5448: result: yes
configure:5448: checking openbabel/alias.h usability
configure:5448: g++ -c -g -O2 -I/usr/local/include/openbabel-2.0 -I/usr/local/include/gocr -I/usr/local/include  conftest.cpp >&5
configure:5448: $? = 0
configure:5448: result: yes
configure:5448: checking openbabel/alias.h presence
configure:5448: g++ -E -I/usr/local/include/openbabel-2.0 -I/usr/local/include/gocr -I/usr/local/include  conftest.cpp
configure:5448: $? = 0
configure:5448: result: yes
configure:5448: checking for openbabel/alias.h
configure:5448: result: yes
configure:5494: checking limits.h usability
configure:5494: g++ -c -g -O2 -I/usr/local/include/openbabel-2.0 -I/usr/local/include/gocr -I/usr/local/include  conftest.cpp >&5
configure:5494: $? = 0
configure:5494: result: yes
configure:5494: checking limits.h presence
configure:5494: g++ -E -I/usr/local/include/openbabel-2.0 -I/usr/local/include/gocr -I/usr/local/include  conftest.cpp
configure:5494: $? = 0
configure:5494: result: yes
configure:5494: checking for limits.h
configure:5494: result: yes
configure:5508: g++ -c -g -O2 -I/usr/local/include/openbabel-2.0 -I/usr/local/include/gocr -I/usr/local/include  conftest.cpp >&5
configure:5508: $? = 0
configure:5530: checking float.h usability
configure:5530: g++ -c -g -O2 -I/usr/local/include/openbabel-2.0 -I/usr/local/include/gocr -I/usr/local/include  conftest.cpp >&5
configure:5530: $? = 0
configure:5530: result: yes
configure:5530: checking float.h presence
configure:5530: g++ -E -I/usr/local/include/openbabel-2.0 -I/usr/local/include/gocr -I/usr/local/include  conftest.cpp
configure:5530: $? = 0
configure:5530: result: yes
configure:5530: checking for float.h
configure:5530: result: yes
configure:5544: g++ -c -g -O2 -I/usr/local/include/openbabel-2.0 -I/usr/local/include/gocr -I/usr/local/include  conftest.cpp >&5
configure:5544: $? = 0
configure:5566: checking libgen.h usability
configure:5566: g++ -c -g -O2 -I/usr/local/include/openbabel-2.0 -I/usr/local/include/gocr -I/usr/local/include  conftest.cpp >&5
configure:5566: $? = 0
configure:5566: result: yes
configure:5566: checking libgen.h presence
configure:5566: g++ -E -I/usr/local/include/openbabel-2.0 -I/usr/local/include/gocr -I/usr/local/include  conftest.cpp
configure:5566: $? = 0
configure:5566: result: yes
configure:5566: checking for libgen.h
configure:5566: result: yes
configure:5580: g++ -c -g -O2 -I/usr/local/include/openbabel-2.0 -I/usr/local/include/gocr -I/usr/local/include  conftest.cpp >&5
conftest.cpp: In function 'int main()':
conftest.cpp:33:22: warning: deprecated conversion from string constant to 'char*' [-Wwrite-strings]
configure:5580: $? = 0
configure:5602: checking math.h usability
configure:5602: g++ -c -g -O2 -I/usr/local/include/openbabel-2.0 -I/usr/local/include/gocr -I/usr/local/include  conftest.cpp >&5
configure:5602: $? = 0
configure:5602: result: yes
configure:5602: checking math.h presence
configure:5602: g++ -E -I/usr/local/include/openbabel-2.0 -I/usr/local/include/gocr -I/usr/local/include  conftest.cpp
configure:5602: $? = 0
configure:5602: result: yes
configure:5602: checking for math.h
configure:5602: result: yes
configure:5612: checking for -lm
configure:5649: g++ -o conftest -g -O2 -I/usr/local/include/openbabel-2.0 -I/usr/local/include/gocr -I/usr/local/include  -L/usr/local/lib  conftest.cpp -lm   >&5
configure:5649: $? = 0
configure:5704: result: yes
configure:5730: LIBS="-lm " after linking check succeeded
configure:5778: g++ -c -g -O2 -I/usr/local/include/openbabel-2.0 -I/usr/local/include/gocr -I/usr/local/include  conftest.cpp >&5
configure:5778: $? = 0
configure:5799: checking for -lpotrace
configure:5850: g++ -o conftest -g -O2 -I/usr/local/include/openbabel-2.0 -I/usr/local/include/gocr -I/usr/local/include  -L/usr/local/lib  conftest.cpp -lpotrace  -lm  >&5
configure:5850: $? = 0
configure:5919: result: yes
configure:5945: LIBS="-lpotrace -lm " after linking check succeeded
configure:5968: checking for -locrad
configure:6018: g++ -o conftest -g -O2 -I/usr/local/include/openbabel-2.0 -I/usr/local/include/gocr -I/usr/local/include  -L/usr/local/lib  conftest.cpp -locrad  -lpotrace -lm  >&5
configure:6018: $? = 0
configure:6086: result: yes
configure:6112: LIBS="-locrad -lpotrace -lm " after linking check succeeded
configure:6766: checking for -lopenbabel
configure:6881: g++ -o conftest -g -O2 -I/usr/local/include/openbabel-2.0 -I/usr/local/include/gocr -I/usr/local/include  -L/usr/local/lib  conftest.cpp -lopenbabel  -locrad -lpotrace -lm  >&5
configure:6881: $? = 0
configure:7014: result: yes
configure:7040: LIBS="-lopenbabel -locrad -lpotrace -lm " after linking check succeeded
configure:7066: checking for GraphicsMagick++-config
configure:7084: found /usr/local/bin/GraphicsMagick++-config
configure:7096: result: /usr/local/bin/GraphicsMagick++-config
configure:7133: CPPFLAGS="-I/usr/local/include/GraphicsMagick -I/usr/local/include/openbabel-2.0 -I/usr/local/include/gocr -I/usr/local/include " LIBS="-lopenbabel -locrad -lpotrace -lm " after populated with GraphicsMagick++-config
configure:7163: checking Magick++.h usability
configure:7163: g++ -c -g -O2 -I/usr/local/include/GraphicsMagick -I/usr/local/include/openbabel-2.0 -I/usr/local/include/gocr -I/usr/local/include  conftest.cpp >&5
configure:7163: $? = 0
configure:7163: result: yes
configure:7163: checking Magick++.h presence
configure:7163: g++ -E -I/usr/local/include/GraphicsMagick -I/usr/local/include/openbabel-2.0 -I/usr/local/include/gocr -I/usr/local/include  conftest.cpp
configure:7163: $? = 0
configure:7163: result: yes
configure:7163: checking for Magick++.h
configure:7163: result: yes
configure:7325: checking for libs: GraphicsMagick++ GraphicsMagick
configure:7388: g++ -o conftest -g -O2 -I/usr/local/include/GraphicsMagick -I/usr/local/include/openbabel-2.0 -I/usr/local/include/gocr -I/usr/local/include  -L/usr/local/lib  conftest.cpp -lGraphicsMagick -lGraphicsMagick++  -lopenbabel -locrad -lpotrace -lm  >&5
configure:7388: $? = 0
configure:7469: result: yes
configure:7495: LIBS="-lGraphicsMagick -lGraphicsMagick++ -lopenbabel -locrad -lpotrace -lm " after linking check succeeded
configure:7511: checking for library containing pnm_readpnminit
configure:7542: g++ -o conftest -g -O2 -I/usr/local/include/GraphicsMagick -I/usr/local/include/openbabel-2.0 -I/usr/local/include/gocr -I/usr/local/include  -L/usr/local/lib  conftest.cpp -lGraphicsMagick -lGraphicsMagick++ -lopenbabel -locrad -lpotrace -lm  >&5
/tmp/cco2FOkV.o: In function `main':
/home/nathan/Documents/cmps116/UCSC-IBM-POSRA/osra-2.0.0/conftest.cpp:46: undefined reference to `pnm_readpnminit'
collect2: error: ld returned 1 exit status
configure:7542: $? = 1
configure: failed program was:
| /* confdefs.h */
| #define PACKAGE_NAME "osra"
| #define PACKAGE_TARNAME "osra"
| #define PACKAGE_VERSION "2.0.0"
| #define PACKAGE_STRING "osra 2.0.0"
| #define PACKAGE_BUGREPORT ""
| #define PACKAGE_URL ""
| #define HAVE_NAMESPACES /**/
| #define HAVE_STL /**/
| #define STDC_HEADERS 1
| #define HAVE_SYS_TYPES_H 1
| #define HAVE_SYS_STAT_H 1
| #define HAVE_STDLIB_H 1
| #define HAVE_STRING_H 1
| #define HAVE_MEMORY_H 1
| #define HAVE_STRINGS_H 1
| #define HAVE_INTTYPES_H 1
| #define HAVE_STDINT_H 1
| #define HAVE_UNISTD_H 1
| #define HAVE_TCLAP_CMDLINE_H 1
| #define HAVE_POTRACELIB_H 1
| #define HAVE_PGM2ASC_H 1
| #define HAVE_OCRADLIB_H 1
| #define HAVE_OPENBABEL_MOL_H 1
| #define HAVE_OPENBABEL_OBCONVERSION_H 1
| #define HAVE_OPENBABEL_BUILDER_H 1
| #define HAVE_OPENBABEL_ALIAS_H 1
| #define HAVE_LIBM 1
| #define HAVE_LIBPOTRACE 1
| #define HAVE_LIBOCRAD 1
| #define HAVE_LIBOPENBABEL 1
| #define HAVE_MAGICK___H 1
| #define HAVE_LIBGRAPHICSMAGICK___GRAPHICSMAGICK 1
| /* end confdefs.h.  */
| 
| /* Override any GCC internal prototype to avoid an error.
|    Use char because int might match the return type of a GCC
|    builtin and then its argument prototype would still apply.  */
| #ifdef __cplusplus
| extern "C"
| #endif
| char pnm_readpnminit ();
| int
| main ()
| {
| return pnm_readpnminit ();
|   ;
|   return 0;
| }
configure:7542: g++ -o conftest -g -O2 -I/usr/local/include/GraphicsMagick -I/usr/local/include/openbabel-2.0 -I/usr/local/include/gocr -I/usr/local/include  -L/usr/local/lib  conftest.cpp -lnetpbm  -lGraphicsMagick -lGraphicsMagick++ -lopenbabel -locrad -lpotrace -lm  >&5
/usr/bin/ld: cannot find -lnetpbm
collect2: error: ld returned 1 exit status
configure:7542: $? = 1
configure: failed program was:
| /* confdefs.h */
| #define PACKAGE_NAME "osra"
| #define PACKAGE_TARNAME "osra"
| #define PACKAGE_VERSION "2.0.0"
| #define PACKAGE_STRING "osra 2.0.0"
| #define PACKAGE_BUGREPORT ""
| #define PACKAGE_URL ""
| #define HAVE_NAMESPACES /**/
| #define HAVE_STL /**/
| #define STDC_HEADERS 1
| #define HAVE_SYS_TYPES_H 1
| #define HAVE_SYS_STAT_H 1
| #define HAVE_STDLIB_H 1
| #define HAVE_STRING_H 1
| #define HAVE_MEMORY_H 1
| #define HAVE_STRINGS_H 1
| #define HAVE_INTTYPES_H 1
| #define HAVE_STDINT_H 1
| #define HAVE_UNISTD_H 1
| #define HAVE_TCLAP_CMDLINE_H 1
| #define HAVE_POTRACELIB_H 1
| #define HAVE_PGM2ASC_H 1
| #define HAVE_OCRADLIB_H 1
| #define HAVE_OPENBABEL_MOL_H 1
| #define HAVE_OPENBABEL_OBCONVERSION_H 1
| #define HAVE_OPENBABEL_BUILDER_H 1
| #define HAVE_OPENBABEL_ALIAS_H 1
| #define HAVE_LIBM 1
| #define HAVE_LIBPOTRACE 1
| #define HAVE_LIBOCRAD 1
| #define HAVE_LIBOPENBABEL 1
| #define HAVE_MAGICK___H 1
| #define HAVE_LIBGRAPHICSMAGICK___GRAPHICSMAGICK 1
| /* end confdefs.h.  */
| 
| /* Override any GCC internal prototype to avoid an error.
|    Use char because int might match the return type of a GCC
|    builtin and then its argument prototype would still apply.  */
| #ifdef __cplusplus
| extern "C"
| #endif
| char pnm_readpnminit ();
| int
| main ()
| {
| return pnm_readpnminit ();
|   ;
|   return 0;
| }
configure:7542: g++ -o conftest -g -O2 -I/usr/local/include/GraphicsMagick -I/usr/local/include/openbabel-2.0 -I/usr/local/include/gocr -I/usr/local/include  -L/usr/local/lib  conftest.cpp -lpnm  -lGraphicsMagick -lGraphicsMagick++ -lopenbabel -locrad -lpotrace -lm  >&5
/usr/bin/ld: cannot find -lpnm
collect2: error: ld returned 1 exit status
configure:7542: $? = 1
configure: failed program was:
| /* confdefs.h */
| #define PACKAGE_NAME "osra"
| #define PACKAGE_TARNAME "osra"
| #define PACKAGE_VERSION "2.0.0"
| #define PACKAGE_STRING "osra 2.0.0"
| #define PACKAGE_BUGREPORT ""
| #define PACKAGE_URL ""
| #define HAVE_NAMESPACES /**/
| #define HAVE_STL /**/
| #define STDC_HEADERS 1
| #define HAVE_SYS_TYPES_H 1
| #define HAVE_SYS_STAT_H 1
| #define HAVE_STDLIB_H 1
| #define HAVE_STRING_H 1
| #define HAVE_MEMORY_H 1
| #define HAVE_STRINGS_H 1
| #define HAVE_INTTYPES_H 1
| #define HAVE_STDINT_H 1
| #define HAVE_UNISTD_H 1
| #define HAVE_TCLAP_CMDLINE_H 1
| #define HAVE_POTRACELIB_H 1
| #define HAVE_PGM2ASC_H 1
| #define HAVE_OCRADLIB_H 1
| #define HAVE_OPENBABEL_MOL_H 1
| #define HAVE_OPENBABEL_OBCONVERSION_H 1
| #define HAVE_OPENBABEL_BUILDER_H 1
| #define HAVE_OPENBABEL_ALIAS_H 1
| #define HAVE_LIBM 1
| #define HAVE_LIBPOTRACE 1
| #define HAVE_LIBOCRAD 1
| #define HAVE_LIBOPENBABEL 1
| #define HAVE_MAGICK___H 1
| #define HAVE_LIBGRAPHICSMAGICK___GRAPHICSMAGICK 1
| /* end confdefs.h.  */
| 
| /* Override any GCC internal prototype to avoid an error.
|    Use char because int might match the return type of a GCC
|    builtin and then its argument prototype would still apply.  */
| #ifdef __cplusplus
| extern "C"
| #endif
| char pnm_readpnminit ();
| int
| main ()
| {
| return pnm_readpnminit ();
|   ;
|   return 0;
| }
configure:7559: result: no
configure:7576: checking for -lPgm2asc
configure:7626: g++ -o conftest -g -O2 -I/usr/local/include/GraphicsMagick -I/usr/local/include/openbabel-2.0 -I/usr/local/include/gocr -I/usr/local/include  -L/usr/local/lib  conftest.cpp -lPgm2asc  -lGraphicsMagick -lGraphicsMagick++ -lopenbabel -locrad -lpotrace -lm  >&5
configure:7626: $? = 0
configure:7694: result: yes
configure:7720: LIBS="-lPgm2asc -lGraphicsMagick -lGraphicsMagick++ -lopenbabel -locrad -lpotrace -lm " after linking check succeeded
configure:7904: creating ./config.status

## ---------------------- ##
## Running config.status. ##
## ---------------------- ##

This file was extended by osra config.status 2.0.0, which was
generated by GNU Autoconf 2.68.  Invocation command line was

  CONFIG_FILES    = 
  CONFIG_HEADERS  = 
  CONFIG_LINKS    = 
  CONFIG_COMMANDS = 
  $ ./config.status 

on linuxmint

config.status:860: creating Makefile
config.status:860: creating Makefile.inc
config.status:860: creating doc/manual.sgml
config.status:860: creating package/linux/osra.pc
config.status:860: creating package/linux/debian/control
config.status:860: creating package/linux/debian/rules
config.status:860: creating package/linux/suse/osra.spec
config.status:860: creating pom.xml
config.status:860: creating src/config.h
config.status:1035: src/config.h is unchanged
configure:9087: Now you can run "make all install" to compile and install the application.

## ---------------- ##
## Cache variables. ##
## ---------------- ##

ac_cv_build=x86_64-unknown-linux-gnu
ac_cv_cxx_compiler_gnu=yes
ac_cv_cxx_have_stl=yes
ac_cv_cxx_namespaces=yes
ac_cv_env_CCC_set=
ac_cv_env_CCC_value=
ac_cv_env_CPPFLAGS_set=
ac_cv_env_CPPFLAGS_value=
ac_cv_env_CXXCPP_set=
ac_cv_env_CXXCPP_value=
ac_cv_env_CXXFLAGS_set=
ac_cv_env_CXXFLAGS_value=
ac_cv_env_CXX_set=
ac_cv_env_CXX_value=
ac_cv_env_LDFLAGS_set=
ac_cv_env_LDFLAGS_value=
ac_cv_env_LIBS_set=
ac_cv_env_LIBS_value=
ac_cv_env_build_alias_set=
ac_cv_env_build_alias_value=
ac_cv_env_host_alias_set=
ac_cv_env_host_alias_value=
ac_cv_env_target_alias_set=
ac_cv_env_target_alias_value=
ac_cv_header_Magickpp_h=yes
ac_cv_header_float_h=yes
ac_cv_header_inttypes_h=yes
ac_cv_header_libgen_h=yes
ac_cv_header_limits_h=yes
ac_cv_header_math_h=yes
ac_cv_header_memory_h=yes
ac_cv_header_ocradlib_h=yes
ac_cv_header_openbabel_alias_h=yes
ac_cv_header_openbabel_builder_h=yes
ac_cv_header_openbabel_mol_h=yes
ac_cv_header_openbabel_obconversion_h=yes
ac_cv_header_pgm2asc_h=yes
ac_cv_header_potracelib_h=yes
ac_cv_header_stdc=yes
ac_cv_header_stdint_h=yes
ac_cv_header_stdlib_h=yes
ac_cv_header_string_h=yes
ac_cv_header_strings_h=yes
ac_cv_header_sys_stat_h=yes
ac_cv_header_sys_types_h=yes
ac_cv_header_tclap_CmdLine_h=yes
ac_cv_header_unistd_h=yes
ac_cv_lib_GraphicsMagickpp_GraphicsMagick=yes
ac_cv_lib_Pgm2asc=yes
ac_cv_lib_m=yes
ac_cv_lib_ocrad=yes
ac_cv_lib_openbabel=yes
ac_cv_lib_potrace=yes
ac_cv_objext=o
ac_cv_path_AR=/usr/bin/ar
ac_cv_path_EGREP='/bin/grep -E'
ac_cv_path_GRAPHICS_MAGICK_CONFIG=/usr/local/bin/GraphicsMagick++-config
ac_cv_path_GREP=/bin/grep
ac_cv_path_LD=/usr/bin/ld
ac_cv_path_RM=/bin/rm
ac_cv_path_install='/usr/bin/install -c'
ac_cv_prog_CXXCPP='g++ -E'
ac_cv_prog_ac_ct_CXX=g++
ac_cv_prog_ac_ct_RANLIB=ranlib
ac_cv_prog_cxx_g=yes
ac_cv_prog_cxx_openmp=-fopenmp
ac_cv_search_pnm_readpnminit=no

## ----------------- ##
## Output variables. ##
## ----------------- ##

AR='/usr/bin/ar'
CPPFLAGS=' -I/usr/local/include/GraphicsMagick -I/usr/local/include/openbabel-2.0 -I/usr/local/include/gocr -I/usr/local/include '
CXX='g++'
CXXCPP='g++ -E'
CXXFLAGS='-fopenmp -g -O2'
DEFS='-DHAVE_CONFIG_H'
ECHO_C=''
ECHO_N='-n'
ECHO_T=''
EGREP='/bin/grep -E'
EXEEXT=''
GRAPHICS_MAGICK_CONFIG='/usr/local/bin/GraphicsMagick++-config'
GREP='/bin/grep'
INSTALL_DATA='${INSTALL} -m 644'
INSTALL_PROGRAM='${INSTALL} -s'
INSTALL_SCRIPT='${INSTALL}'
LD='/usr/bin/ld'
LDFLAGS='-L/usr/local/lib '
LDSHAREDFLAGS='-shared -Wl,-soname,$@.$(LIB_MAJOR_VERSION)'
LIBOBJS=''
LIBS='-lPgm2asc -lGraphicsMagick -lGraphicsMagick++ -lopenbabel -locrad -lpotrace -lm '
LIB_MAJOR_VERSION='1'
LIB_MINOR_VERSION='0'
LIB_PATCH_VERSION='20000'
LN_S='ln -s'
LTLIBOBJS=''
NATURALDOCS=''
OBJEXT='o'
OPENMP_CXXFLAGS='-fopenmp'
OSRA_JAVA=''
OSRA_LIB=''
PACKAGE_BUGREPORT=''
PACKAGE_NAME='osra'
PACKAGE_STRING='osra 2.0.0'
PACKAGE_TARNAME='osra'
PACKAGE_URL=''
PACKAGE_VERSION='2.0.0'
PATH_SEPARATOR=':'
RANLIB='ranlib'
RM='/bin/rm'
SHAREDEXT='.so'
SHELL='/bin/bash'
TESSERACT_LIB=''
XSLTPROC=''
ac_ct_CXX='g++'
bindir='${exec_prefix}/bin'
build='x86_64-unknown-linux-gnu'
build_alias=''
build_cpu='x86_64'
build_os='linux'
build_vendor='unknown'
datadir='${prefix}/share'
datarootdir='${prefix}/share'
docdir='${prefix}/share/doc/osra'
dvidir='${docdir}'
exec_prefix='${prefix}'
host_alias=''
htmldir='${docdir}'
includedir='${prefix}/include'
infodir='${datarootdir}/info'
libdir='${exec_prefix}/lib'
libexecdir='${exec_prefix}/libexec'
localedir='${datarootdir}/locale'
localstatedir='${prefix}/var'
mandir='${datarootdir}/man'
oldincludedir='/usr/include'
pdfdir='${docdir}'
prefix='/usr/local'
program_transform_name='s,x,x,'
psdir='${docdir}'
resolved_datadir='/usr/local/share'
sbindir='${exec_prefix}/sbin'
sharedstatedir='${prefix}/com'
sysconfdir='${prefix}/etc'
target_alias=''

## ----------- ##
## confdefs.h. ##
## ----------- ##

/* confdefs.h */
#define PACKAGE_NAME "osra"
#define PACKAGE_TARNAME "osra"
#define PACKAGE_VERSION "2.0.0"
#define PACKAGE_STRING "osra 2.0.0"
#define PACKAGE_BUGREPORT ""
#define PACKAGE_URL ""
#define HAVE_NAMESPACES /**/
#define HAVE_STL /**/
#define STDC_HEADERS 1
#define HAVE_SYS_TYPES_H 1
#define HAVE_SYS_STAT_H 1
#define HAVE_STDLIB_H 1
#define HAVE_STRING_H 1
#define HAVE_MEMORY_H 1
#define HAVE_STRINGS_H 1
#define HAVE_INTTYPES_H 1
#define HAVE_STDINT_H 1
#define HAVE_UNISTD_H 1
#define HAVE_TCLAP_CMDLINE_H 1
#define HAVE_POTRACELIB_H 1
#define HAVE_PGM2ASC_H 1
#define HAVE_OCRADLIB_H 1
#define HAVE_OPENBABEL_MOL_H 1
#define HAVE_OPENBABEL_OBCONVERSION_H 1
#define HAVE_OPENBABEL_BUILDER_H 1
#define HAVE_OPENBABEL_ALIAS_H 1
#define HAVE_LIBM 1
#define HAVE_LIBPOTRACE 1
#define HAVE_LIBOCRAD 1
#define HAVE_LIBOPENBABEL 1
#define HAVE_MAGICK___H 1
#define HAVE_LIBGRAPHICSMAGICK___GRAPHICSMAGICK 1
#define HAVE_LIBPGM2ASC 1
#define DATA_DIR "/usr/local/share"

configure: exit 0
